BLOCK00/SES002/SA002S12	SES002	0.417048	7.43032	7.01327
BLOCK00/SES002/SA002S13	SES002	1.83401	7.53813	5.70412
BLOCK00/SES002/SA002S23	SES002	1.16963	7.53924	6.36961
BLOCK00/SES002/SA002S26	SES002	1.43613	7.79534	6.35921
BLOCK00/SES002/SA002S28	SES002	0.632116	8.102	7.46988
BLOCK00/SES007/SA007S14	SES007	1.23364	10.4986	9.26492
BLOCK00/SES007/SA007S15	SES007	0.103748	8.77952	8.67577
BLOCK00/SES007/SA007S24	SES007	0.517406	8.97465	8.45725
BLOCK00/SES007/SA007S27	SES007	0.510573	7.999	7.48843
BLOCK00/SES007/SA007S29	SES007	-0.100917	9.35687	9.45779
BLOCK00/SES008/SA008S11	SES008	1.27406	9.00043	7.72637
BLOCK00/SES008/SA008S12	SES008	-0.0730095	7.60397	7.67697
BLOCK00/SES008/SA008S19	SES008	1.94869	10.7043	8.7556
BLOCK00/SES008/SA008S22	SES008	0.465469	7.74094	7.27547
BLOCK00/SES008/SA008S29	SES008	1.32045	9.80071	8.48027
BLOCK01/SES014/SA014S10	SES014	2.02097	9.57609	7.55511
BLOCK01/SES014/SA014S12	SES014	1.68299	10.5643	8.88126
BLOCK01/SES014/SA014S24	SES014	1.31358	8.68332	7.36974
BLOCK01/SES014/SA014S26	SES014	1.71162	11.0248	9.31316
BLOCK01/SES014/SA014S28	SES014	2.94573	11.6118	8.66607
BLOCK01/SES016/SA016S12	SES016	1.13891	6.71317	5.57426
BLOCK01/SES016/SA016S13	SES016	1.40727	9.28472	7.87745
BLOCK01/SES016/SA016S22	SES016	1.62051	9.91771	8.2972
BLOCK01/SES016/SA016S25	SES016	1.40062	11.1262	9.7256
BLOCK01/SES016/SA016S27	SES016	1.73418	10.3247	8.5905
BLOCK01/SES019/SA019S13	SES019	3.42477	8.32923	4.90446
BLOCK01/SES019/SA019S14	SES019	1.77258	7.60836	5.83577
BLOCK01/SES019/SA019S22	SES019	3.00357	8.07283	5.06926
BLOCK01/SES019/SA019S25	SES019	2.994	8.042	5.048
BLOCK01/SES019/SA019S29	SES019	3.80994	8.06055	4.25061
BLOCK02/SES029/SA029S11	SES029	0.829999	10.5223	9.69231
BLOCK02/SES029/SA029S12	SES029	0.626529	9.80395	9.17742
BLOCK02/SES029/SA029S20	SES029	0.800628	10.2539	9.45329
BLOCK02/SES029/SA029S25	SES029	0.865924	9.56355	8.69762
BLOCK02/SES029/SA029S28	SES029	-0.143828	9.14232	9.28615
BLOCK04/SES042/SA042S12	SES042	1.7376	9.81534	8.07775
BLOCK04/SES042/SA042S15	SES042	2.26725	11.0536	8.78631
BLOCK04/SES042/SA042S22	SES042	1.89949	10.3895	8.48997
BLOCK04/SES042/SA042S25	SES042	0.991856	7.86276	6.87091
BLOCK04/SES042/SA042S27	SES042	1.09019	9.1471	8.05691
BLOCK04/SES048/SA048S11	SES048	0.543169	9.50445	8.96128
BLOCK04/SES048/SA048S12	SES048	-0.0345836	7.96226	7.99684
BLOCK04/SES048/SA048S20	SES048	-0.0146751	9.77714	9.79182
BLOCK04/SES048/SA048S23	SES048	0.535542	8.78273	8.24719
BLOCK04/SES048/SA048S27	SES048	-0.0241423	9.61286	9.63701
BLOCK06/SES060/SA060S11	SES060	1.38167	9.52691	8.14524
BLOCK06/SES060/SA060S12	SES060	-0.55137	8.22757	8.77894
BLOCK06/SES060/SA060S22	SES060	-1.0581	7.43785	8.49595
BLOCK06/SES060/SA060S24	SES060	0.851477	10.3788	9.52732
BLOCK06/SES060/SA060S28	SES060	0.810328	10.5328	9.7225
BLOCK06/SES062/SA062S10	SES062	-0.126584	8.63497	8.76155
BLOCK06/SES062/SA062S11	SES062	1.07283	9.75815	8.68532
BLOCK06/SES062/SA062S21	SES062	1.32325	11.9395	10.6163
BLOCK06/SES062/SA062S26	SES062	0.266572	10.0571	9.79056
BLOCK06/SES062/SA062S29	SES062	0.816739	10.7968	9.9801
BLOCK06/SES068/SA068S14	SES068	0.293177	8.7206	8.42743
BLOCK06/SES068/SA068S15	SES068	0.64878	9.48911	8.84033
BLOCK06/SES068/SA068S23	SES068	0.577286	8.93323	8.35594
BLOCK06/SES068/SA068S27	SES068	1.77006	9.16976	7.39969
BLOCK06/SES068/SA068S29	SES068	0.493123	9.32852	8.83539
BLOCK08/SES082/SA082S12	SES082	-0.696416	6.4404	7.13682
BLOCK08/SES082/SA082S14	SES082	-0.570539	6.38875	6.95929
BLOCK08/SES082/SA082S21	SES082	0.265218	7.49584	7.23063
BLOCK08/SES082/SA082S24	SES082	0.153292	7.97263	7.81934
BLOCK08/SES082/SA082S28	SES082	0.485107	7.54825	7.06314
BLOCK08/SES083/SA083S14	SES083	-0.271856	9.12323	9.39508
BLOCK08/SES083/SA083S15	SES083	0.624824	9.50804	8.88322
BLOCK08/SES083/SA083S24	SES083	0.488142	9.05378	8.56564
BLOCK08/SES083/SA083S26	SES083	0.109302	8.08449	7.97519
BLOCK08/SES083/SA083S29	SES083	0.122799	9.0309	8.9081
BLOCK08/SES085/SA085S10	SES085	0.130917	9.65856	9.52764
BLOCK08/SES085/SA085S13	SES085	0.102603	9.10979	9.00718
BLOCK08/SES085/SA085S22	SES085	0.22976	8.58893	8.35917
BLOCK08/SES085/SA085S26	SES085	-0.0257845	9.04865	9.07444
BLOCK08/SES085/SA085S28	SES085	1.24026	10.6441	9.40388
BLOCK08/SES087/SA087S15	SES087	0.845263	9.2055	8.36024
BLOCK08/SES087/SA087S16	SES087	1.19198	8.23308	7.0411
BLOCK08/SES087/SA087S24	SES087	0.725528	8.8224	8.09687
BLOCK08/SES087/SA087S26	SES087	0.125279	9.72823	9.60295
BLOCK08/SES087/SA087S29	SES087	1.32172	9.89505	8.57333
BLOCK09/SES099/SA099S15	SES099	0.719188	7.59034	6.87115
BLOCK09/SES099/SA099S16	SES099	1.32146	7.9437	6.62224
BLOCK09/SES099/SA099S24	SES099	1.38659	8.95042	7.56383
BLOCK09/SES099/SA099S26	SES099	1.18655	8.95954	7.77299
BLOCK09/SES099/SA099S29	SES099	1.27649	8.42909	7.1526
BLOCK10/SES101/SA101S11	SES101	0.540013	9.31183	8.77182
BLOCK10/SES101/SA101S13	SES101	1.05318	10.3955	9.34236
BLOCK10/SES101/SA101S22	SES101	0.832983	8.09289	7.25991
BLOCK10/SES101/SA101S24	SES101	1.57339	9.32188	7.74849
BLOCK10/SES101/SA101S28	SES101	0.545266	8.97413	8.42886
BLOCK10/SES104/SA104S11	SES104	0.867204	9.91152	9.04432
BLOCK10/SES104/SA104S12	SES104	0.681524	9.58965	8.90812
BLOCK10/SES104/SA104S21	SES104	1.04033	8.59974	7.55941
BLOCK10/SES104/SA104S24	SES104	0.524424	8.12722	7.6028
BLOCK10/SES104/SA104S28	SES104	0.677442	8.59239	7.91495
BLOCK10/SES105/SA105S12	SES105	0.145358	7.35794	7.21258
BLOCK10/SES105/SA105S13	SES105	0.884472	8.50626	7.62179
BLOCK10/SES105/SA105S22	SES105	0.138659	6.71143	6.57277
BLOCK10/SES105/SA105S26	SES105	1.5558	9.00716	7.45136
BLOCK10/SES105/SA105S29	SES105	1.08627	9.22019	8.13392
BLOCK10/SES106/SA106S09	SES106	0.613835	6.61734	6.00351
BLOCK10/SES106/SA106S11	SES106	1.23614	8.86717	7.63103
BLOCK10/SES106/SA106S22	SES106	2.7314	7.5233	4.7919
BLOCK10/SES106/SA106S27	SES106	1.01106	8.59527	7.5842
BLOCK10/SES106/SA106S29	SES106	0.147497	8.45867	8.31117
BLOCK11/SES117/SA117S12	SES117	0.933475	8.39766	7.46419
BLOCK11/SES117/SA117S13	SES117	0.292223	9.14835	8.85613
BLOCK11/SES117/SA117S23	SES117	1.0692	7.61796	6.54876
BLOCK11/SES117/SA117S25	SES117	1.0423	7.24214	6.19984
BLOCK11/SES117/SA117S28	SES117	1.1446	7.75597	6.61137
BLOCK12/SES120/SA120S08	SES120	0.791872	7.53617	6.7443
BLOCK12/SES120/SA120S11	SES120	0.823577	5.73614	4.91256
BLOCK12/SES120/SA120S22	SES120	0.154439	8.74558	8.59114
BLOCK12/SES120/SA120S24	SES120	0.0639453	7.39879	7.33485
BLOCK12/SES120/SA120S28	SES120	-1.16017	6.04534	7.20552
BLOCK12/SES125/SA125S13	SES125	2.07503	10.3081	8.23309
BLOCK12/SES125/SA125S14	SES125	0.582635	8.06189	7.47925
BLOCK12/SES125/SA125S25	SES125	1.07563	8.47099	7.39535
BLOCK12/SES125/SA125S27	SES125	1.82431	10.8337	9.00935
BLOCK12/SES125/SA125S29	SES125	1.41592	9.36814	7.95222
BLOCK12/SES127/SA127S11	SES127	0.450073	8.39211	7.94204
BLOCK12/SES127/SA127S12	SES127	0.0939503	10.5317	10.4377
BLOCK12/SES127/SA127S23	SES127	0.201455	8.97212	8.77067
BLOCK12/SES127/SA127S25	SES127	-0.449338	8.06851	8.51785
BLOCK12/SES127/SA127S27	SES127	0.836795	8.57094	7.73415
BLOCK12/SES129/SA129S11	SES129	1.22391	10.7456	9.52166
BLOCK12/SES129/SA129S12	SES129	1.16834	9.81774	8.6494
BLOCK12/SES129/SA129S22	SES129	1.53786	9.59103	8.05317
BLOCK12/SES129/SA129S27	SES129	1.32101	9.41263	8.09162
BLOCK12/SES129/SA129S29	SES129	1.05208	10.0239	8.97185
BLOCK14/SES142/SA142S11	SES142	0.177376	8.34653	8.16916
BLOCK14/SES142/SA142S12	SES142	0.597719	9.10947	8.51175
BLOCK14/SES142/SA142S24	SES142	1.04585	9.56391	8.51806
BLOCK14/SES142/SA142S27	SES142	1.02352	9.9137	8.89018
BLOCK14/SES142/SA142S29	SES142	0.967929	10.3932	9.42524
BLOCK14/SES143/SA143S12	SES143	0.685824	8.81048	8.12465
BLOCK14/SES143/SA143S13	SES143	0.402004	8.36257	7.96056
BLOCK14/SES143/SA143S23	SES143	1.15247	9.38579	8.23333
BLOCK14/SES143/SA143S25	SES143	1.3058	9.89053	8.58473
BLOCK14/SES143/SA143S28	SES143	0.89412	9.0812	8.18708
BLOCK14/SES144/SA144S09	SES144	0.547765	9.1679	8.62013
BLOCK14/SES144/SA144S11	SES144	0.449412	8.86167	8.41226
BLOCK14/SES144/SA144S21	SES144	-0.583193	7.15277	7.73596
BLOCK14/SES144/SA144S25	SES144	0.396382	9.12866	8.73228
BLOCK14/SES144/SA144S29	SES144	-0.289951	7.5416	7.83155
BLOCK14/SES146/SA146S14	SES146	0.0515962	7.83345	7.78185
BLOCK14/SES146/SA146S15	SES146	-0.332831	7.71326	8.04609
BLOCK14/SES146/SA146S24	SES146	0.909522	7.94294	7.03342
BLOCK14/SES146/SA146S26	SES146	1.0642	8.41361	7.34941
BLOCK14/SES146/SA146S29	SES146	-0.260073	6.99682	7.2569
BLOCK14/SES147/SA147S11	SES147	1.29073	9.62505	8.33431
BLOCK14/SES147/SA147S13	SES147	1.25251	10.5024	9.2499
BLOCK14/SES147/SA147S23	SES147	-0.0227356	8.13208	8.15481
BLOCK14/SES147/SA147S26	SES147	0.566027	7.91714	7.35111
BLOCK14/SES147/SA147S28	SES147	0.277994	8.96739	8.68939
BLOCK14/SES148/SA148S10	SES148	0.567067	9.94727	9.38021
BLOCK14/SES148/SA148S12	SES148	0.0889187	7.53452	7.4456
BLOCK14/SES148/SA148S22	SES148	1.13065	10.525	9.39439
BLOCK14/SES148/SA148S26	SES148	-0.21144	9.19341	9.40485
BLOCK14/SES148/SA148S29	SES148	-0.0423689	8.82804	8.8704
BLOCK14/SES149/SA149S13	SES149	-0.716466	6.79972	7.51618
BLOCK14/SES149/SA149S14	SES149	0.143675	9.008	8.86432
BLOCK14/SES149/SA149S24	SES149	0.912841	9.43632	8.52348
BLOCK14/SES149/SA149S26	SES149	1.35806	10.8452	9.48712
BLOCK14/SES149/SA149S28	SES149	1.4024	10.5271	9.12469
BLOCK15/SES158/SA158S13	SES158	0.993062	7.66904	6.67598
BLOCK15/SES158/SA158S14	SES158	1.60055	7.86108	6.26054
BLOCK15/SES158/SA158S23	SES158	0.350294	8.2069	7.8566
BLOCK15/SES158/SA158S26	SES158	1.61603	7.14932	5.53329
BLOCK15/SES158/SA158S28	SES158	0.20245	7.39856	7.19611
BLOCK16/SES162/SA162S10	SES162	0.596978	8.26339	7.66641
BLOCK16/SES162/SA162S11	SES162	1.08794	9.61268	8.52474
BLOCK16/SES162/SA162S21	SES162	1.42515	9.30358	7.87843
BLOCK16/SES162/SA162S24	SES162	0.565472	8.67719	8.11172
BLOCK16/SES162/SA162S27	SES162	1.25077	7.99687	6.7461
BLOCK16/SES167/SA167S14	SES167	0.982394	10.7619	9.77949
BLOCK16/SES167/SA167S15	SES167	1.10222	10.432	9.32981
BLOCK16/SES167/SA167S21	SES167	1.29576	11.451	10.1552
BLOCK16/SES167/SA167S25	SES167	1.98574	11.3281	9.34236
BLOCK16/SES167/SA167S29	SES167	1.92612	11.7512	9.82506
BLOCK17/SES172/SA172S12	SES172	1.29691	8.32117	7.02426
BLOCK17/SES172/SA172S13	SES172	1.23659	9.4183	8.18171
BLOCK17/SES172/SA172S23	SES172	0.45927	9.0354	8.57613
BLOCK17/SES172/SA172S27	SES172	1.20966	8.63906	7.42941
BLOCK17/SES172/SA172S29	SES172	1.92667	9.59393	7.66725
BLOCK17/SES175/SA175S11	SES175	0.267289	9.20032	8.93303
BLOCK17/SES175/SA175S13	SES175	0.392871	10.3582	9.96534
BLOCK17/SES175/SA175S23	SES175	0.481779	9.86665	9.38487
BLOCK17/SES175/SA175S25	SES175	0.57698	7.5404	6.96342
BLOCK17/SES175/SA175S28	SES175	0.134214	9.47322	9.339
BLOCK17/SES177/SA177S15	SES177	-0.155931	8.17706	8.33299
BLOCK17/SES177/SA177S17	SES177	-0.155544	7.67	7.82555
BLOCK17/SES177/SA177S23	SES177	-0.754333	6.88183	7.63616
BLOCK17/SES177/SA177S26	SES177	0.743913	10.7141	9.9702
BLOCK17/SES177/SA177S28	SES177	0.816266	8.91011	8.09385
BLOCK18/SES180/SA180S13	SES180	-0.385517	7.81761	8.20313
BLOCK18/SES180/SA180S15	SES180	0.106863	7.97399	7.86712
BLOCK18/SES180/SA180S24	SES180	0.513459	9.67596	9.1625
BLOCK18/SES180/SA180S26	SES180	0.891156	9.41667	8.52551
BLOCK18/SES180/SA180S29	SES180	0.955086	9.57866	8.62357
BLOCK18/SES183/SA183S13	SES183	1.13903	8.80297	7.66393
BLOCK18/SES183/SA183S14	SES183	0.31257	8.05813	7.74556
BLOCK18/SES183/SA183S24	SES183	1.24056	7.60532	6.36476
BLOCK18/SES183/SA183S27	SES183	0.994808	8.47856	7.48375
BLOCK18/SES183/SA183S29	SES183	1.08739	8.31987	7.23248
BLOCK18/SES187/SA187S13	SES187	0.357989	7.89813	7.54014
BLOCK18/SES187/SA187S14	SES187	-0.0770555	7.42018	7.49723
BLOCK18/SES187/SA187S24	SES187	1.57849	8.56247	6.98398
BLOCK18/SES187/SA187S27	SES187	1.53658	8.43273	6.89615
BLOCK18/SES187/SA187S29	SES187	0.84876	7.50468	6.65592
BLOCK18/SES189/SA189S10	SES189	0.876699	8.5009	7.6242
BLOCK18/SES189/SA189S13	SES189	0.205203	6.9999	6.7947
BLOCK18/SES189/SA189S24	SES189	0.662951	9.58511	8.92216
BLOCK18/SES189/SA189S26	SES189	0.943068	9.98336	9.04029
BLOCK18/SES189/SA189S29	SES189	1.42521	9.5402	8.11499
BLOCK20/SES202/SA202S12	SES202	0.722287	9.54114	8.81885
BLOCK20/SES202/SA202S14	SES202	2.02394	9.97284	7.9489
BLOCK20/SES202/SA202S24	SES202	0.663801	9.18479	8.52099
BLOCK20/SES202/SA202S27	SES202	1.17554	10.267	9.09142
BLOCK20/SES202/SA202S29	SES202	1.66121	10.707	9.04576
BLOCK20/SES206/SA206S15	SES206	-0.484553	8.25112	8.73568
BLOCK20/SES206/SA206S17	SES206	0.839921	8.51052	7.6706
BLOCK20/SES206/SA206S24	SES206	2.078	10.6309	8.55288
BLOCK20/SES206/SA206S27	SES206	1.93623	8.88692	6.9507
BLOCK20/SES206/SA206S29	SES206	1.21717	10.4281	9.21091
BLOCK22/SES226/SA226S12	SES226	0.9288	7.75113	6.82233
BLOCK22/SES226/SA226S13	SES226	0.0556774	7.23239	7.17671
BLOCK22/SES226/SA226S20	SES226	1.37879	8.25018	6.87139
BLOCK22/SES226/SA226S23	SES226	1.59988	9.63554	8.03566
BLOCK22/SES226/SA226S28	SES226	2.28789	9.87962	7.59173
BLOCK25/SES259/SA259S13	SES259	3.03913	10.3991	7.36001
BLOCK25/SES259/SA259S14	SES259	2.15869	9.70804	7.54935
BLOCK25/SES259/SA259S22	SES259	1.37659	9.4426	8.06601
BLOCK25/SES259/SA259S24	SES259	1.20102	9.39527	8.19425
BLOCK25/SES259/SA259S28	SES259	2.06561	9.7062	7.64059
BLOCK27/SES270/SA270S14	SES270	1.9514	6.47858	4.52718
BLOCK27/SES270/SA270S16	SES270	0.159796	6.79523	6.63543
BLOCK27/SES270/SA270S22	SES270	2.06987	8.12393	6.05406
BLOCK27/SES270/SA270S26	SES270	0.540941	6.01551	5.47457
BLOCK27/SES270/SA270S28	SES270	0.732339	7.06933	6.33699
BLOCK27/SES275/SA275S17	SES275	0.644065	9.06762	8.42356
BLOCK27/SES275/SA275S18	SES275	-0.188169	8.3417	8.52987
BLOCK27/SES275/SA275S24	SES275	0.450025	7.63662	7.18659
BLOCK27/SES275/SA275S26	SES275	0.729919	9.25019	8.52027
BLOCK27/SES275/SA275S28	SES275	0.244054	8.56065	8.3166
BLOCK29/SES292/SA292S10	SES292	-0.61919	8.89938	9.51857
BLOCK29/SES292/SA292S12	SES292	0.0689044	7.70786	7.63895
BLOCK29/SES292/SA292S22	SES292	0.655997	9.45516	8.79916
BLOCK29/SES292/SA292S24	SES292	-0.164614	8.85542	9.02003
BLOCK29/SES292/SA292S27	SES292	-0.85349	8.07588	8.92937
BLOCK00/SES001/SA001S14	SES062	-3.00964	5.13847	8.14811
BLOCK00/SES001/SA001S14	SES082	-1.7171	6.43102	8.14811
BLOCK00/SES001/SA001S14	SES106	-1.77692	6.37119	8.14811
BLOCK00/SES001/SA001S14	SES206	-2.6115	5.53661	8.14811
BLOCK00/SES001/SA001S15	SES062	-2.29899	6.5462	8.84518
BLOCK00/SES001/SA001S15	SES104	-2.64591	6.19927	8.84518
BLOCK00/SES001/SA001S15	SES106	-2.46002	6.38516	8.84518
BLOCK00/SES001/SA001S15	SES206	-1.70263	7.14255	8.84518
BLOCK00/SES001/SA001S24	SES062	-2.27599	5.35919	7.63518
BLOCK00/SES001/SA001S24	SES082	-0.707557	6.92762	7.63518
BLOCK00/SES001/SA001S24	SES087	-2.15102	5.48416	7.63518
BLOCK00/SES001/SA001S24	SES206	-0.56275	7.07243	7.63518
BLOCK00/SES001/SA001S27	SES062	-2.24482	7.72963	9.97445
BLOCK00/SES001/SA001S27	SES082	-1.56132	8.41313	9.97445
BLOCK00/SES001/SA001S27	SES087	-1.37197	8.60248	9.97445
BLOCK00/SES001/SA001S27	SES206	-1.36705	8.6074	9.97445
BLOCK00/SES001/SA001S29	SES062	-2.91917	5.13048	8.04965
BLOCK00/SES001/SA001S29	SES082	-0.767501	7.28215	8.04965
BLOCK00/SES001/SA001S29	SES158	-1.0087	7.04096	8.04965
BLOCK00/SES001/SA001S29	SES206	-1.78762	6.26203	8.04965
BLOCK00/SES003/SA003S11	SES002	-0.726152	5.66734	6.39349
BLOCK00/SES003/SA003S11	SES019	-1.12664	5.26685	6.39349
BLOCK00/SES003/SA003S11	SES082	-1.03984	5.35365	6.39349
BLOCK00/SES003/SA003S11	SES125	-1.63996	4.75353	6.39349
BLOCK00/SES003/SA003S15	SES016	-2.12761	6.49599	8.6236
BLOCK00/SES003/SA003S15	SES019	-2.36004	6.26356	8.6236
BLOCK00/SES003/SA003S15	SES062	-0.56672	8.05688	8.6236
BLOCK00/SES003/SA003S15	SES206	-1.96148	6.66212	8.6236
BLOCK00/SES003/SA003S22	SES002	-2.09091	5.1094	7.2003
BLOCK00/SES003/SA003S22	SES062	-0.443638	6.75667	7.2003
BLOCK00/SES003/SA003S22	SES082	-2.66443	4.53588	7.2003
BLOCK00/SES003/SA003S22	SES087	-2.39769	4.80261	7.2003
BLOCK00/SES003/SA003S25	SES062	-2.62067	4.49327	7.11395
BLOCK00/SES003/SA003S25	SES082	-1.85034	5.26361	7.11395
BLOCK00/SES003/SA003S25	SES087	-1.57623	5.53771	7.11395
BLOCK00/SES003/SA003S25	SES206	-1.04072	6.07323	7.11395
BLOCK00/SES003/SA003S29	SES002	-2.59142	4.89435	7.48577
BLOCK00/SES003/SA003S29	SES062	-2.66743	4.81834	7.48577
BLOCK00/SES003/SA003S29	SES082	-2.44293	5.04284	7.48577
BLOCK00/SES003/SA003S29	SES087	-3.28184	4.20394	7.48577
BLOCK00/SES004/SA004S12	SES083	-1.72829	6.73729	8.46557
BLOCK00/SES004/SA004S12	SES148	-2.02953	6.43604	8.46557
BLOCK00/SES004/SA004S12	SES172	0.167137	8.63271	8.46557
BLOCK00/SES004/SA004S12	SES292	-1.82254	6.64303	8.46557
BLOCK00/SES004/SA004S17	SES083	-1.44211	7.01704	8.45915
BLOCK00/SES004/SA004S17	SES162	-1.05186	7.40729	8.45915
BLOCK00/SES004/SA004S17	SES172	-0.548536	7.91062	8.45915
BLOCK00/SES004/SA004S17	SES292	-1.90327	6.55588	8.45915
BLOCK00/SES004/SA004S24	SES083	-1.799	7.35444	9.15344
BLOCK00/SES004/SA004S24	SES148	-3.10037	6.05307	9.15344
BLOCK00/SES004/SA004S24	SES172	-0.540098	8.61334	9.15344
BLOCK00/SES004/SA004S24	SES292	-1.8563	7.29715	9.15344
BLOCK00/SES004/SA004S26	SES083	-2.63584	5.60494	8.24078
BLOCK00/SES004/SA004S26	SES127	-1.8021	6.43868	8.24078
BLOCK00/SES004/SA004S26	SES148	-3.93641	4.30437	8.24078
BLOCK00/SES004/SA004S26	SES292	-2.33199	5.9088	8.24078
BLOCK00/SES004/SA004S28	SES083	-2.03557	6.47703	8.5126
BLOCK00/SES004/SA004S28	SES127	-0.854224	7.65838	8.5126
BLOCK00/SES004/SA004S28	SES187	-0.60031	7.91229	8.5126
BLOCK00/SES004/SA004S28	SES292	-2.42799	6.08461	8.5126
BLOCK00/SES006/SA006S10	SES014	-2.93122	1.9681	4.89932
BLOCK00/SES006/SA006S10	SES158	-1.37944	3.51988	4.89932
BLOCK00/SES006/SA006S10	SES226	-3.93763	0.961685	4.89932
BLOCK00/SES006/SA006S10	SES270	-0.247411	4.65191	4.89932
BLOCK00/SES006/SA006S11	SES158	-1.69953	3.2343	4.93384
BLOCK00/SES006/SA006S11	SES226	-2.29539	2.63845	4.93384
BLOCK00/SES006/SA006S11	SES270	-0.754738	4.1791	4.93384
BLOCK00/SES006/SA006S11	SES275	-3.72491	1.20893	4.93384
BLOCK00/SES006/SA006S23	SES062	-4.52294	1.83456	6.35751
BLOCK00/SES006/SA006S23	SES105	-4.54252	1.81498	6.35751
BLOCK00/SES006/SA006S23	SES158	-1.71717	4.64033	6.35751
BLOCK00/SES006/SA006S23	SES275	-2.91476	3.44275	6.35751
BLOCK00/SES006/SA006S26	SES104	-3.85742	2.78568	6.6431
BLOCK00/SES006/SA006S26	SES158	-1.32526	5.31784	6.6431
BLOCK00/SES006/SA006S26	SES270	-0.0723662	6.57073	6.6431
BLOCK00/SES006/SA006S26	SES275	-4.29812	2.34498	6.6431
BLOCK00/SES006/SA006S28	SES007	-4.04044	1.09042	5.13086
BLOCK00/SES006/SA006S28	SES105	-4.08043	1.05043	5.13086
BLOCK00/SES006/SA006S28	SES158	-3.19604	1.93482	5.13086
BLOCK00/SES006/SA006S28	SES275	-3.98816	1.1427	5.13086
BLOCK00/SES009/SA009S12	SES083	-3.86712	4.67266	8.53978
BLOCK00/SES009/SA009S12	SES148	-1.92422	6.61556	8.53978
BLOCK00/SES009/SA009S12	SES177	-0.721658	7.81812	8.53978
BLOCK00/SES009/SA009S12	SES292	-2.32154	6.21824	8.53978
BLOCK00/SES009/SA009S15	SES007	-0.541784	8.82158	9.36336
BLOCK00/SES009/SA009S15	SES099	-4.24602	5.11735	9.36336
BLOCK00/SES009/SA009S15	SES148	-2.39719	6.96618	9.36336
BLOCK00/SES009/SA009S15	SES172	-1.53264	7.83073	9.36336
BLOCK00/SES009/SA009S24	SES146	-1.42507	7.27748	8.70255
BLOCK00/SES009/SA009S24	SES148	-2.42825	6.2743	8.70255
BLOCK00/SES009/SA009S24	SES177	-0.709063	7.99348	8.70255
BLOCK00/SES009/SA009S24	SES292	-2.16363	6.53892	8.70255
BLOCK00/SES009/SA009S26	SES083	-2.81511	5.01113	7.82624
BLOCK00/SES009/SA009S26	SES101	-3.99273	3.83351	7.82624
BLOCK00/SES009/SA009S26	SES120	-1.22885	6.59739	7.82624
BLOCK00/SES009/SA009S26	SES177	-1.19824	6.62799	7.82624
BLOCK00/SES009/SA009S29	SES083	-2.3106	6.39206	8.70266
BLOCK00/SES009/SA009S29	SES101	-2.58519	6.11747	8.70266
BLOCK00/SES009/SA009S29	SES177	-0.659472	8.04319	8.70266
BLOCK00/SES009/SA009S29	SES292	-1.74155	6.96111	8.70266
BLOCK01/SES011/SA011S10	SES019	-1.41838	4.28648	5.70486
BLOCK01/SES011/SA011S10	SES042	0.809654	6.51452	5.70486
BLOCK01/SES011/SA011S10	SES082	-2.20815	3.49672	5.70486
BLOCK01/SES011/SA011S10	SES206	-0.893141	4.81172	5.70486
BLOCK01/SES011/SA011S11	SES019	-1.82521	4.06632	5.89153
BLOCK01/SES011/SA011S11	SES042	-0.128813	5.76271	5.89153
BLOCK01/SES011/SA011S11	SES082	-1.39623	4.4953	5.89153
BLOCK01/SES011/SA011S11	SES206	-1.55293	4.3386	5.89153
BLOCK01/SES011/SA011S22	SES019	-1.91178	4.59321	6.50499
BLOCK01/SES011/SA011S22	SES042	0.585463	7.09045	6.50499
BLOCK01/SES011/SA011S22	SES082	-2.48817	4.01682	6.50499
BLOCK01/SES011/SA011S22	SES206	-1.81156	4.69342	6.50499
BLOCK01/SES011/SA011S24	SES019	-2.45028	5.1718	7.62208
BLOCK01/SES011/SA011S24	SES042	0.889348	8.51143	7.62208
BLOCK01/SES011/SA011S24	SES104	-2.46139	5.16069	7.62208
BLOCK01/SES011/SA011S24	SES206	-1.44598	6.1761	7.62208
BLOCK01/SES011/SA011S27	SES082	-0.948997	6.39859	7.34758
BLOCK01/SES011/SA011S27	SES087	-1.75871	5.58887	7.34758
BLOCK01/SES011/SA011S27	SES125	-1.04178	6.30581	7.34758
BLOCK01/SES011/SA011S27	SES206	-0.426112	6.92147	7.34758
BLOCK01/SES012/SA012S11	SES007	-0.668814	8.43467	9.10349
BLOCK01/SES012/SA012S11	SES082	-2.01943	7.08406	9.10349
BLOCK01/SES012/SA012S11	SES083	-2.25671	6.84678	9.10349
BLOCK01/SES012/SA012S11	SES206	-2.48255	6.62094	9.10349
BLOCK01/SES012/SA012S14	SES082	-1.29143	7.18282	8.47425
BLOCK01/SES012/SA012S14	SES087	-1.90302	6.57124	8.47425
BLOCK01/SES012/SA012S14	SES206	-1.37473	7.09953	8.47425
BLOCK01/SES012/SA012S14	SES292	-2.02144	6.45281	8.47425
BLOCK01/SES012/SA012S24	SES082	-2.04314	5.11041	7.15354
BLOCK01/SES012/SA012S24	SES087	-3.17127	3.98227	7.15354
BLOCK01/SES012/SA012S24	SES120	-2.75859	4.39495	7.15354
BLOCK01/SES012/SA012S24	SES206	-2.24495	4.90859	7.15354
BLOCK01/SES012/SA012S26	SES019	-4.4745	3.40485	7.87935
BLOCK01/SES012/SA012S26	SES082	-3.32894	4.55041	7.87935
BLOCK01/SES012/SA012S26	SES206	-1.25769	6.62165	7.87935
BLOCK01/SES012/SA012S26	SES292	-1.45664	6.4227	7.87935
BLOCK01/SES012/SA012S29	SES062	-1.29968	6.81138	8.11106
BLOCK01/SES012/SA012S29	SES082	-2.7539	5.35716	8.11106
BLOCK01/SES012/SA012S29	SES083	-3.61119	4.49988	8.11106
BLOCK01/SES012/SA012S29	SES206	-2.6462	5.46486	8.11106
BLOCK01/SES013/SA013S16	SES062	-3.50706	2.98004	6.4871
BLOCK01/SES013/SA013S16	SES106	-1.01122	5.47588	6.4871
BLOCK01/SES013/SA013S16	SES206	-1.16921	5.31789	6.4871
BLOCK01/SES013/SA013S16	SES226	-0.939083	5.54802	6.4871
BLOCK01/SES013/SA013S17	SES062	-2.46478	5.90487	8.36965
BLOCK01/SES013/SA013S17	SES106	-1.80794	6.56171	8.36965
BLOCK01/SES013/SA013S17	SES206	-0.395959	7.97369	8.36965
BLOCK01/SES013/SA013S17	SES226	-0.534307	7.83535	8.36965
BLOCK01/SES013/SA013S23	SES104	-2.76385	3.00663	5.77048
BLOCK01/SES013/SA013S23	SES106	-1.09589	4.67459	5.77048
BLOCK01/SES013/SA013S23	SES206	-2.20718	3.5633	5.77048
BLOCK01/SES013/SA013S23	SES270	-0.261775	5.50871	5.77048
BLOCK01/SES013/SA013S25	SES042	-1.75608	4.7763	6.53238
BLOCK01/SES013/SA013S25	SES104	-1.40354	5.12884	6.53238
BLOCK01/SES013/SA013S25	SES106	-0.555758	5.97662	6.53238
BLOCK01/SES013/SA013S25	SES206	-1.26754	5.26483	6.53238
BLOCK01/SES013/SA013S29	SES062	-4.39724	2.20835	6.60559
BLOCK01/SES013/SA013S29	SES104	-2.71524	3.89035	6.60559
BLOCK01/SES013/SA013S29	SES106	-0.756091	5.8495	6.60559
BLOCK01/SES013/SA013S29	SES206	-1.9679	4.63769	6.60559
BLOCK02/SES021/SA021S13	SES016	-3.87036	4.55833	8.42869
BLOCK02/SES021/SA021S13	SES029	-1.66575	6.76294	8.42869
BLOCK02/SES021/SA021S13	SES087	-3.46294	4.96574	8.42869
BLOCK02/SES021/SA021S13	SES206	-2.61343	5.81526	8.42869
BLOCK02/SES021/SA021S15	SES087	-1.63443	7.46641	9.10084
BLOCK02/SES021/SA021S15	SES125	-1.4846	7.61624	9.10084
BLOCK02/SES021/SA021S15	SES206	-1.46386	7.63698	9.10084
BLOCK02/SES021/SA021S15	SES226	-2.77512	6.32572	9.10084
BLOCK02/SES021/SA021S23	SES062	-3.00626	4.04652	7.05278
BLOCK02/SES021/SA021S23	SES087	-2.12743	4.92534	7.05278
BLOCK02/SES021/SA021S23	SES206	-1.83957	5.21321	7.05278
BLOCK02/SES021/SA021S23	SES226	-1.85158	5.2012	7.05278
BLOCK02/SES021/SA021S27	SES002	-1.77164	6.99885	8.77049
BLOCK02/SES021/SA021S27	SES016	-5.64588	3.1246	8.77049
BLOCK02/SES021/SA021S27	SES019	-1.26355	7.50693	8.77049
BLOCK02/SES021/SA021S27	SES062	-1.22106	7.54942	8.77049
BLOCK02/SES021/SA021S29	SES087	-2.30456	5.30582	7.61038
BLOCK02/SES021/SA021S29	SES125	-1.87999	5.73039	7.61038
BLOCK02/SES021/SA021S29	SES206	-0.40377	7.20661	7.61038
BLOCK02/SES021/SA021S29	SES226	-1.83108	5.7793	7.61038
BLOCK04/SES043/SA043S09	SES083	-1.25012	6.27649	7.52661
BLOCK04/SES043/SA043S09	SES101	-1.83566	5.69095	7.52661
BLOCK04/SES043/SA043S09	SES144	-0.548603	6.97801	7.52661
BLOCK04/SES043/SA043S09	SES172	-2.02109	5.50552	7.52661
BLOCK04/SES043/SA043S11	SES083	-0.841352	7.65253	8.49388
BLOCK04/SES043/SA043S11	SES101	-1.45219	7.04169	8.49388
BLOCK04/SES043/SA043S11	SES144	0.114223	8.6081	8.49388
BLOCK04/SES043/SA043S11	SES172	-0.872918	7.62096	8.49388
BLOCK04/SES043/SA043S23	SES083	-1.45238	6.64021	8.09259
BLOCK04/SES043/SA043S23	SES144	-0.436554	7.65604	8.09259
BLOCK04/SES043/SA043S23	SES177	-1.67363	6.41896	8.09259
BLOCK04/SES043/SA043S23	SES275	-1.37519	6.7174	8.09259
BLOCK04/SES043/SA043S26	SES083	-1.20863	6.74701	7.95563
BLOCK04/SES043/SA043S26	SES101	-1.53334	6.42229	7.95563
BLOCK04/SES043/SA043S26	SES144	0.0960464	8.05168	7.95563
BLOCK04/SES043/SA043S26	SES177	-1.35546	6.60017	7.95563
BLOCK04/SES043/SA043S28	SES016	-2.39071	5.73877	8.12948
BLOCK04/SES043/SA043S28	SES083	-0.809474	7.32001	8.12948
BLOCK04/SES043/SA043S28	SES101	-1.04944	7.08004	8.12948
BLOCK04/SES043/SA043S28	SES144	-0.617525	7.51196	8.12948
BLOCK04/SES044/SA044S10	SES127	-1.36859	5.7215	7.09009
BLOCK04/SES044/SA044S10	SES144	-0.700756	6.38933	7.09009
BLOCK04/SES044/SA044S10	SES147	-3.67811	3.41198	7.09009
BLOCK04/SES044/SA044S10	SES148	-2.21509	4.875	7.09009
BLOCK04/SES044/SA044S11	SES101	-1.1675	6.34289	7.51039
BLOCK04/SES044/SA044S11	SES144	0.160474	7.67087	7.51039
BLOCK04/SES044/SA044S11	SES147	-2.15876	5.35163	7.51039
BLOCK04/SES044/SA044S11	SES177	-1.83284	5.67756	7.51039
BLOCK04/SES044/SA044S24	SES007	-2.40032	5.02702	7.42734
BLOCK04/SES044/SA044S24	SES101	-0.665033	6.76231	7.42734
BLOCK04/SES044/SA044S24	SES147	-1.58178	5.84556	7.42734
BLOCK04/SES044/SA044S24	SES177	-1.44138	5.98596	7.42734
BLOCK04/SES044/SA044S26	SES007	-2.55056	5.1835	7.73406
BLOCK04/SES044/SA044S26	SES016	-1.61212	6.12194	7.73406
BLOCK04/SES044/SA044S26	SES101	-0.873588	6.86047	7.73406
BLOCK04/SES044/SA044S26	SES147	-1.44636	6.2877	7.73406
BLOCK04/SES044/SA044S29	SES007	-2.62181	6.32778	8.94959
BLOCK04/SES044/SA044S29	SES101	-0.718205	8.23138	8.94959
BLOCK04/SES044/SA044S29	SES147	-2.50185	6.44773	8.94959
BLOCK04/SES044/SA044S29	SES177	-2.72282	6.22677	8.94959
BLOCK04/SES046/SA046S13	SES101	-1.5158	5.65365	7.16945
BLOCK04/SES046/SA046S13	SES144	-0.3717	6.79775	7.16945
BLOCK04/SES046/SA046S13	SES147	-2.59435	4.5751	7.16945
BLOCK04/SES046/SA046S13	SES177	-2.49217	4.67728	7.16945
BLOCK04/SES046/SA046S15	SES048	-0.947346	8.25015	9.19749
BLOCK04/SES046/SA046S15	SES083	-0.963856	8.23364	9.19749
BLOCK04/SES046/SA046S15	SES120	-3.48871	5.70878	9.19749
BLOCK04/SES046/SA046S15	SES148	-1.68403	7.51346	9.19749
BLOCK04/SES046/SA046S22	SES101	-1.04939	6.62417	7.67356
BLOCK04/SES046/SA046S22	SES144	-0.324397	7.34916	7.67356
BLOCK04/SES046/SA046S22	SES147	-3.03627	4.63729	7.67356
BLOCK04/SES046/SA046S22	SES172	-0.502788	7.17077	7.67356
BLOCK04/SES046/SA046S25	SES083	-1.40755	6.73144	8.13898
BLOCK04/SES046/SA046S25	SES127	-2.24515	5.89383	8.13898
BLOCK04/SES046/SA046S25	SES144	-1.41729	6.72169	8.13898
BLOCK04/SES046/SA046S25	SES148	-1.63405	6.50493	8.13898
BLOCK04/SES046/SA046S28	SES007	-2.94176	5.60832	8.55008
BLOCK04/SES046/SA046S28	SES105	-2.15148	6.39859	8.55008
BLOCK04/SES046/SA046S28	SES147	-2.07048	6.4796	8.55008
BLOCK04/SES046/SA046S28	SES148	-1.26614	7.28393	8.55008
BLOCK04/SES049/SA049S16	SES104	-1.18211	4.98786	6.16998
BLOCK04/SES049/SA049S16	SES106	-2.8496	3.32038	6.16998
BLOCK04/SES049/SA049S16	SES120	-2.46072	3.70926	6.16998
BLOCK04/SES049/SA049S16	SES206	-1.75342	4.41655	6.16998
BLOCK04/SES049/SA049S18	SES099	-0.627713	5.10271	5.73043
BLOCK04/SES049/SA049S18	SES104	-2.97318	2.75724	5.73043
BLOCK04/SES049/SA049S18	SES125	-3.11785	2.61257	5.73043
BLOCK04/SES049/SA049S18	SES206	-1.69705	4.03338	5.73043
BLOCK04/SES049/SA049S25	SES087	-2.31759	3.61446	5.93206
BLOCK04/SES049/SA049S25	SES104	-1.36449	4.56757	5.93206
BLOCK04/SES049/SA049S25	SES125	-2.31183	3.62023	5.93206
BLOCK04/SES049/SA049S25	SES206	-0.945774	4.98629	5.93206
BLOCK04/SES049/SA049S27	SES099	-0.709577	6.13216	6.84173
BLOCK04/SES049/SA049S27	SES104	-0.0474825	6.79425	6.84173
BLOCK04/SES049/SA049S27	SES125	-3.00503	3.8367	6.84173
BLOCK04/SES049/SA049S27	SES206	-1.46687	5.37486	6.84173
BLOCK04/SES049/SA049S29	SES099	-0.133957	7.72162	7.85558
BLOCK04/SES049/SA049S29	SES104	-0.510522	7.34506	7.85558
BLOCK04/SES049/SA049S29	SES125	-1.50622	6.34937	7.85558
BLOCK04/SES049/SA049S29	SES206	-0.623629	7.23195	7.85558
BLOCK06/SES063/SA063S09	SES068	-1.15232	7.46667	8.61899
BLOCK06/SES063/SA063S09	SES083	-1.04896	7.57003	8.61899
BLOCK06/SES063/SA063S09	SES177	-1.26189	7.3571	8.61899
BLOCK06/SES063/SA063S09	SES187	-1.58022	7.03877	8.61899
BLOCK06/SES063/SA063S10	SES068	-1.84439	6.96323	8.80762
BLOCK06/SES063/SA063S10	SES083	-0.619114	8.1885	8.80762
BLOCK06/SES063/SA063S10	SES172	-0.990551	7.81706	8.80762
BLOCK06/SES063/SA063S10	SES187	-1.44527	7.36235	8.80762
BLOCK06/SES063/SA063S20	SES068	-3.08571	5.31092	8.39663
BLOCK06/SES063/SA063S20	SES083	-1.36093	7.03569	8.39663
BLOCK06/SES063/SA063S20	SES172	-0.945755	7.45087	8.39663
BLOCK06/SES063/SA063S20	SES187	-0.932128	7.4645	8.39663
BLOCK06/SES063/SA063S24	SES029	-3.0663	5.66185	8.72816
BLOCK06/SES063/SA063S24	SES083	-0.849796	7.87836	8.72816
BLOCK06/SES063/SA063S24	SES177	-0.649738	8.07842	8.72816
BLOCK06/SES063/SA063S24	SES189	-0.0758276	8.65233	8.72816
BLOCK06/SES063/SA063S27	SES083	-0.115193	8.37206	8.48726
BLOCK06/SES063/SA063S27	SES172	-1.45677	7.03048	8.48726
BLOCK06/SES063/SA063S27	SES187	-0.983795	7.50346	8.48726
BLOCK06/SES063/SA063S27	SES292	-1.70563	6.78163	8.48726
BLOCK06/SES067/SA067S12	SES083	-0.916079	8.8963	9.81238
BLOCK06/SES067/SA067S12	SES172	-1.66246	8.14993	9.81238
BLOCK06/SES067/SA067S12	SES202	-0.79696	9.01542	9.81238
BLOCK06/SES067/SA067S12	SES292	-2.27978	7.5326	9.81238
BLOCK06/SES067/SA067S14	SES085	-1.80655	8.65612	10.4627
BLOCK06/SES067/SA067S14	SES177	-1.17056	9.29211	10.4627
BLOCK06/SES067/SA067S14	SES183	-0.32946	10.1332	10.4627
BLOCK06/SES067/SA067S14	SES202	-0.559068	9.90361	10.4627
BLOCK06/SES067/SA067S21	SES144	-0.788582	8.02217	8.81075
BLOCK06/SES067/SA067S21	SES177	-0.939736	7.87102	8.81075
BLOCK06/SES067/SA067S21	SES183	-1.22931	7.58144	8.81075
BLOCK06/SES067/SA067S21	SES189	-1.63091	7.17985	8.81075
BLOCK06/SES067/SA067S25	SES085	-1.27142	7.35059	8.62201
BLOCK06/SES067/SA067S25	SES177	-1.32137	7.30065	8.62201
BLOCK06/SES067/SA067S25	SES183	-0.437608	8.1844	8.62201
BLOCK06/SES067/SA067S25	SES202	-2.07058	6.55143	8.62201
BLOCK06/SES067/SA067S29	SES085	-2.15065	7.00305	9.1537
BLOCK06/SES067/SA067S29	SES177	-1.26007	7.89362	9.1537
BLOCK06/SES067/SA067S29	SES183	-0.695099	8.4586	9.1537
BLOCK06/SES067/SA067S29	SES202	-0.0844936	9.0692	9.1537
BLOCK06/SES069/SA069S12	SES029	-3.67569	4.1149	7.7906
BLOCK06/SES069/SA069S12	SES082	-1.24424	6.54635	7.7906
BLOCK06/SES069/SA069S12	SES087	-2.19385	5.59674	7.7906
BLOCK06/SES069/SA069S12	SES206	-1.46856	6.32204	7.7906
BLOCK06/SES069/SA069S13	SES029	-4.26536	3.75589	8.02125
BLOCK06/SES069/SA069S13	SES087	-1.16261	6.85864	8.02125
BLOCK06/SES069/SA069S13	SES206	-0.742793	7.27846	8.02125
BLOCK06/SES069/SA069S13	SES226	-0.676439	7.34481	8.02125
BLOCK06/SES069/SA069S23	SES029	-1.79317	7.21623	9.00941
BLOCK06/SES069/SA069S23	SES087	-1.51427	7.49514	9.00941
BLOCK06/SES069/SA069S23	SES206	-1.5575	7.45191	9.00941
BLOCK06/SES069/SA069S23	SES226	-0.474532	8.53487	9.00941
BLOCK06/SES069/SA069S25	SES087	-1.68097	8.04236	9.72334
BLOCK06/SES069/SA069S25	SES206	-2.66386	7.05947	9.72334
BLOCK06/SES069/SA069S25	SES226	-0.786252	8.93709	9.72334
BLOCK06/SES069/SA069S25	SES270	-2.01908	7.70426	9.72334
BLOCK06/SES069/SA069S27	SES087	-2.54032	5.63703	8.17735
BLOCK06/SES069/SA069S27	SES206	-0.987876	7.18947	8.17735
BLOCK06/SES069/SA069S27	SES226	-0.317427	7.85992	8.17735
BLOCK06/SES069/SA069S27	SES270	-1.08548	7.09187	8.17735
BLOCK08/SES081/SA081S11	SES060	-2.20953	6.15907	8.36861
BLOCK08/SES081/SA081S11	SES062	-2.44121	5.9274	8.36861
BLOCK08/SES081/SA081S11	SES117	-4.0362	4.33241	8.36861
BLOCK08/SES081/SA081S11	SES162	-2.59767	5.77093	8.36861
BLOCK08/SES081/SA081S13	SES016	-1.1998	8.02347	9.22327
BLOCK08/SES081/SA081S13	SES060	-0.0944939	9.12878	9.22327
BLOCK08/SES081/SA081S13	SES068	-0.899314	8.32396	9.22327
BLOCK08/SES081/SA081S13	SES129	-1.88725	7.33602	9.22327
BLOCK08/SES081/SA081S24	SES060	-1.092	7.49376	8.58576
BLOCK08/SES081/SA081S24	SES068	-1.39422	7.19154	8.58576
BLOCK08/SES081/SA081S24	SES117	-3.14973	5.43602	8.58576
BLOCK08/SES081/SA081S24	SES275	-1.7432	6.84256	8.58576
BLOCK08/SES081/SA081S27	SES007	-1.08871	7.20225	8.29096
BLOCK08/SES081/SA081S27	SES060	-1.88326	6.4077	8.29096
BLOCK08/SES081/SA081S27	SES117	-1.87028	6.42069	8.29096
BLOCK08/SES081/SA081S27	SES275	-1.90734	6.38362	8.29096
BLOCK08/SES081/SA081S29	SES007	-1.10068	7.20684	8.30752
BLOCK08/SES081/SA081S29	SES060	-1.64849	6.65903	8.30752
BLOCK08/SES081/SA081S29	SES117	-2.55616	5.75135	8.30752
BLOCK08/SES081/SA081S29	SES275	-1.80151	6.506	8.30752
BLOCK08/SES086/SA086S11	SES029	-4.10535	2.10722	6.21257
BLOCK08/SES086/SA086S11	SES082	-2.55671	3.65586	6.21257
BLOCK08/SES086/SA086S11	SES087	-1.4302	4.78236	6.21257
BLOCK08/SES086/SA086S11	SES206	-2.17345	4.03912	6.21257
BLOCK08/SES086/SA086S12	SES029	-3.06287	4.53934	7.60221
BLOCK08/SES086/SA086S12	SES082	-2.33691	5.26529	7.60221
BLOCK08/SES086/SA086S12	SES087	-0.985399	6.61681	7.60221
BLOCK08/SES086/SA086S12	SES206	-1.11945	6.48275	7.60221
BLOCK08/SES086/SA086S20	SES029	-3.47909	5.2853	8.76439
BLOCK08/SES086/SA086S20	SES082	-2.37714	6.38725	8.76439
BLOCK08/SES086/SA086S20	SES087	0.213143	8.97753	8.76439
BLOCK08/SES086/SA086S20	SES206	-0.16488	8.59951	8.76439
BLOCK08/SES086/SA086S24	SES087	-1.15214	5.26969	6.42183
BLOCK08/SES086/SA086S24	SES104	-2.08184	4.33999	6.42183
BLOCK08/SES086/SA086S24	SES120	-2.40902	4.01281	6.42183
BLOCK08/SES086/SA086S24	SES206	-0.862773	5.55906	6.42183
BLOCK08/SES086/SA086S28	SES029	-3.3863	4.92928	8.31559
BLOCK08/SES086/SA086S28	SES082	-2.50094	5.81464	8.31559
BLOCK08/SES086/SA086S28	SES087	-1.37868	6.9369	8.31559
BLOCK08/SES086/SA086S28	SES206	-1.57142	6.74416	8.31559
BLOCK08/SES089/SA089S13	SES087	-2.26995	4.96537	7.23532
BLOCK08/SES089/SA089S13	SES206	-2.32431	4.91101	7.23532
BLOCK08/SES089/SA089S13	SES226	-1.37757	5.85775	7.23532
BLOCK08/SES089/SA089S13	SES270	-2.38616	4.84916	7.23532
BLOCK08/SES089/SA089S14	SES062	-2.41316	5.95106	8.36422
BLOCK08/SES089/SA089S14	SES087	-0.905886	7.45834	8.36422
BLOCK08/SES089/SA089S14	SES206	-1.27499	7.08923	8.36422
BLOCK08/SES089/SA089S14	SES226	-1.49466	6.86956	8.36422
BLOCK08/SES089/SA089S23	SES087	-1.78821	4.92407	6.71228
BLOCK08/SES089/SA089S23	SES206	-1.60434	5.10794	6.71228
BLOCK08/SES089/SA089S23	SES226	-1.86452	4.84777	6.71228
BLOCK08/SES089/SA089S23	SES270	-3.00077	3.71151	6.71228
BLOCK08/SES089/SA089S25	SES062	-2.20853	5.87082	8.07935
BLOCK08/SES089/SA089S25	SES087	-1.61143	6.46792	8.07935
BLOCK08/SES089/SA089S25	SES206	-3.16642	4.91293	8.07935
BLOCK08/SES089/SA089S25	SES226	-1.47549	6.60386	8.07935
BLOCK08/SES089/SA089S28	SES062	-1.5302	6.24946	7.77965
BLOCK08/SES089/SA089S28	SES087	-1.2125	6.56715	7.77965
BLOCK08/SES089/SA089S28	SES206	-1.30121	6.47844	7.77965
BLOCK08/SES089/SA089S28	SES226	-1.04187	6.73778	7.77965
BLOCK09/SES097/SA097S11	SES099	0.185691	6.6601	6.47441
BLOCK09/SES097/SA097S11	SES125	-2.2994	4.175	6.47441
BLOCK09/SES097/SA097S11	SES206	-1.13332	5.34108	6.47441
BLOCK09/SES097/SA097S11	SES226	0.471487	6.94589	6.47441
BLOCK09/SES097/SA097S14	SES062	-2.10622	4.75556	6.86178
BLOCK09/SES097/SA097S14	SES099	-0.747392	6.11439	6.86178
BLOCK09/SES097/SA097S14	SES104	-1.12352	5.73826	6.86178
BLOCK09/SES097/SA097S14	SES206	-2.12041	4.74137	6.86178
BLOCK09/SES097/SA097S22	SES099	0.201555	6.69692	6.49536
BLOCK09/SES097/SA097S22	SES206	-1.05411	5.44126	6.49536
BLOCK09/SES097/SA097S22	SES226	-2.07187	4.42349	6.49536
BLOCK09/SES097/SA097S22	SES270	-0.41018	6.08518	6.49536
BLOCK09/SES097/SA097S26	SES099	0.408761	6.24515	5.83639
BLOCK09/SES097/SA097S26	SES120	-0.755869	5.08052	5.83639
BLOCK09/SES097/SA097S26	SES206	-1.32792	4.50846	5.83639
BLOCK09/SES097/SA097S26	SES226	-1.363	4.47338	5.83639
BLOCK09/SES097/SA097S28	SES099	-0.537542	7.08914	7.62668
BLOCK09/SES097/SA097S28	SES120	-1.4742	6.15248	7.62668
BLOCK09/SES097/SA097S28	SES206	-2.26913	5.35755	7.62668
BLOCK09/SES097/SA097S28	SES226	-2.13668	5.49	7.62668
BLOCK09/SES098/SA098S11	SES127	-1.72479	6.57016	8.29495
BLOCK09/SES098/SA098S11	SES144	-1.81044	6.4845	8.29495
BLOCK09/SES098/SA098S11	SES147	-1.44975	6.84519	8.29495
BLOCK09/SES098/SA098S11	SES148	-4.22411	4.07084	8.29495
BLOCK09/SES098/SA098S12	SES127	-3.46759	2.82348	6.29106
BLOCK09/SES098/SA098S12	SES144	-2.80975	3.48132	6.29106
BLOCK09/SES098/SA098S12	SES147	-2.27902	4.01204	6.29106
BLOCK09/SES098/SA098S12	SES189	-3.33598	2.95508	6.29106
BLOCK09/SES098/SA098S20	SES127	-3.06236	4.67157	7.73393
BLOCK09/SES098/SA098S20	SES147	-2.7184	5.01553	7.73393
BLOCK09/SES098/SA098S20	SES148	-4.47149	3.26245	7.73393
BLOCK09/SES098/SA098S20	SES292	-2.16499	5.56894	7.73393
BLOCK09/SES098/SA098S23	SES127	-2.34266	5.17682	7.51947
BLOCK09/SES098/SA098S23	SES147	-2.05296	5.46651	7.51947
BLOCK09/SES098/SA098S23	SES187	-1.7758	5.74367	7.51947
BLOCK09/SES098/SA098S23	SES292	-2.10103	5.41844	7.51947
BLOCK09/SES098/SA098S27	SES127	-3.20037	4.34156	7.54193
BLOCK09/SES098/SA098S27	SES147	-3.23418	4.30775	7.54193
BLOCK09/SES098/SA098S27	SES148	-4.4575	3.08443	7.54193
BLOCK09/SES098/SA098S27	SES292	-0.977003	6.56493	7.54193
BLOCK10/SES102/SA102S13	SES101	-1.34212	6.26172	7.60384
BLOCK10/SES102/SA102S13	SES105	-1.5798	6.02404	7.60384
BLOCK10/SES102/SA102S13	SES120	-2.35711	5.24673	7.60384
BLOCK10/SES102/SA102S13	SES158	-3.22046	4.38338	7.60384
BLOCK10/SES102/SA102S14	SES007	-0.683428	8.83121	9.51464
BLOCK10/SES102/SA102S14	SES101	-0.581323	8.93332	9.51464
BLOCK10/SES102/SA102S14	SES105	-1.03641	8.47823	9.51464
BLOCK10/SES102/SA102S14	SES147	-2.83577	6.67887	9.51464
BLOCK10/SES102/SA102S22	SES007	-2.26553	6.39125	8.65678
BLOCK10/SES102/SA102S22	SES101	-0.829059	7.82772	8.65678
BLOCK10/SES102/SA102S22	SES105	-1.14978	7.507	8.65678
BLOCK10/SES102/SA102S22	SES158	-3.19624	5.46054	8.65678
BLOCK10/SES102/SA102S25	SES007	-1.26316	7.38486	8.64802
BLOCK10/SES102/SA102S25	SES101	-0.303348	8.34467	8.64802
BLOCK10/SES102/SA102S25	SES105	-1.53752	7.1105	8.64802
BLOCK10/SES102/SA102S25	SES147	-2.73332	5.9147	8.64802
BLOCK10/SES102/SA102S27	SES007	-1.5492	6.39889	7.94809
BLOCK10/SES102/SA102S27	SES101	-0.29205	7.65604	7.94809
BLOCK10/SES102/SA102S27	SES105	-1.5626	6.3855	7.94809
BLOCK10/SES102/SA102S27	SES147	-2.97576	4.97234	7.94809
BLOCK10/SES103/SA103S14	SES105	-3.64274	2.368	6.01075
BLOCK10/SES103/SA103S14	SES106	-2.06198	3.94876	6.01075
BLOCK10/SES103/SA103S14	SES120	-3.15295	2.85779	6.01075
BLOCK10/SES103/SA103S14	SES206	-3.17904	2.83171	6.01075
BLOCK10/SES103/SA103S15	SES099	-1.84271	3.2736	5.11631
BLOCK10/SES103/SA103S15	SES101	-5.80496	-0.68865	5.11631
BLOCK10/SES103/SA103S15	SES104	-2.18378	2.93252	5.11631
BLOCK10/SES103/SA103S15	SES125	-2.68246	2.43384	5.11631
BLOCK10/SES103/SA103S24	SES104	-2.97328	3.24783	6.22111
BLOCK10/SES103/SA103S24	SES125	-2.97114	3.24997	6.22111
BLOCK10/SES103/SA103S24	SES148	-2.77935	3.44176	6.22111
BLOCK10/SES103/SA103S24	SES158	-2.14539	4.07572	6.22111
BLOCK10/SES103/SA103S26	SES104	-2.5574	4.29048	6.84788
BLOCK10/SES103/SA103S26	SES106	-1.72011	5.12777	6.84788
BLOCK10/SES103/SA103S26	SES125	-2.22293	4.62495	6.84788
BLOCK10/SES103/SA103S26	SES148	-3.60637	3.24151	6.84788
BLOCK10/SES103/SA103S28	SES104	-2.26305	3.80289	6.06594
BLOCK10/SES103/SA103S28	SES106	-1.50786	4.55808	6.06594
BLOCK10/SES103/SA103S28	SES125	-2.05523	4.01071	6.06594
BLOCK10/SES103/SA103S28	SES206	-2.42531	3.64062	6.06594
BLOCK12/SES121/SA121S12	SES042	-2.77732	3.27833	6.05565
BLOCK12/SES121/SA121S12	SES087	-3.20668	2.84897	6.05565
BLOCK12/SES121/SA121S12	SES105	-1.98983	4.06582	6.05565
BLOCK12/SES121/SA121S12	SES206	-1.65352	4.40212	6.05565
BLOCK12/SES121/SA121S14	SES007	-2.62985	1.8842	4.51405
BLOCK12/SES121/SA121S14	SES105	-4.19678	0.317269	4.51405
BLOCK12/SES121/SA121S14	SES106	-3.28991	1.22414	4.51405
BLOCK12/SES121/SA121S14	SES206	-1.92644	2.58761	4.51405
BLOCK12/SES121/SA121S23	SES105	-4.32398	0.656724	4.9807
BLOCK12/SES121/SA121S23	SES106	-2.91979	2.06091	4.9807
BLOCK12/SES121/SA121S23	SES120	-1.74706	3.23364	4.9807
BLOCK12/SES121/SA121S23	SES206	-1.0512	3.9295	4.9807
BLOCK12/SES121/SA121S25	SES007	-2.45041	2.00612	4.45652
BLOCK12/SES121/SA121S25	SES105	-4.57973	-0.123212	4.45652
BLOCK12/SES121/SA121S25	SES106	-3.23307	1.22345	4.45652
BLOCK12/SES121/SA121S25	SES206	-2.52764	1.92889	4.45652
BLOCK12/SES121/SA121S27	SES087	-1.46879	4.30031	5.7691
BLOCK12/SES121/SA121S27	SES105	-6.03508	-0.265987	5.7691
BLOCK12/SES121/SA121S27	SES120	-0.540376	5.22872	5.7691
BLOCK12/SES121/SA121S27	SES206	-0.443991	5.32511	5.7691
BLOCK12/SES124/SA124S16	SES042	-0.165958	7.70096	7.86692
BLOCK12/SES124/SA124S16	SES082	-1.12661	6.74031	7.86692
BLOCK12/SES124/SA124S16	SES183	-4.25272	3.6142	7.86692
BLOCK12/SES124/SA124S16	SES206	-0.945823	6.9211	7.86692
BLOCK12/SES124/SA124S17	SES105	-3.39641	3.71601	7.11242
BLOCK12/SES124/SA124S17	SES149	-3.71538	3.39703	7.11242
BLOCK12/SES124/SA124S17	SES158	-4.53776	2.57466	7.11242
BLOCK12/SES124/SA124S17	SES275	-1.50016	5.61226	7.11242
BLOCK12/SES124/SA124S23	SES105	-3.42864	6.14988	9.57852
BLOCK12/SES124/SA124S23	SES125	-0.509791	9.06873	9.57852
BLOCK12/SES124/SA124S23	SES129	-4.01755	5.56097	9.57852
BLOCK12/SES124/SA124S23	SES158	-0.970692	8.60783	9.57852
BLOCK12/SES124/SA124S26	SES105	-4.25615	3.70018	7.95632
BLOCK12/SES124/SA124S26	SES125	-1.38849	6.56784	7.95632
BLOCK12/SES124/SA124S26	SES129	-4.51993	3.43639	7.95632
BLOCK12/SES124/SA124S26	SES158	-2.02603	5.93029	7.95632
BLOCK12/SES124/SA124S28	SES104	-0.535102	7.82722	8.36232
BLOCK12/SES124/SA124S28	SES106	-1.64641	6.71591	8.36232
BLOCK12/SES124/SA124S28	SES125	-1.05106	7.31127	8.36232
BLOCK12/SES124/SA124S28	SES275	-2.27541	6.08691	8.36232
BLOCK12/SES126/SA126S13	SES007	-1.89499	6.19367	8.08866
BLOCK12/SES126/SA126S13	SES162	-2.40734	5.68132	8.08866
BLOCK12/SES126/SA126S13	SES177	-1.30571	6.78295	8.08866
BLOCK12/SES126/SA126S13	SES180	-2.25275	5.83591	8.08866
BLOCK12/SES126/SA126S14	SES144	-1.42389	7.7017	9.12559
BLOCK12/SES126/SA126S14	SES148	-2.48263	6.64296	9.12559
BLOCK12/SES126/SA126S14	SES177	-0.347837	8.77775	9.12559
BLOCK12/SES126/SA126S14	SES180	-2.48935	6.63624	9.12559
BLOCK12/SES126/SA126S20	SES007	-0.85752	8.28808	9.1456
BLOCK12/SES126/SA126S20	SES162	-1.91227	7.23333	9.1456
BLOCK12/SES126/SA126S20	SES172	-2.53756	6.60805	9.1456
BLOCK12/SES126/SA126S20	SES180	-2.53837	6.60723	9.1456
BLOCK12/SES126/SA126S24	SES120	-0.616071	8.17438	8.79045
BLOCK12/SES126/SA126S24	SES162	-1.74722	7.04323	8.79045
BLOCK12/SES126/SA126S24	SES177	-0.457607	8.33285	8.79045
BLOCK12/SES126/SA126S24	SES180	-1.53208	7.25837	8.79045
BLOCK12/SES126/SA126S26	SES120	-0.378308	6.81578	7.19409
BLOCK12/SES126/SA126S26	SES177	-0.453894	6.7402	7.19409
BLOCK12/SES126/SA126S26	SES180	-1.63377	5.56032	7.19409
BLOCK12/SES126/SA126S26	SES202	-0.73529	6.4588	7.19409
BLOCK12/SES128/SA128S10	SES087	-3.7615	3.0662	6.8277
BLOCK12/SES128/SA128S10	SES206	-1.78114	5.04657	6.8277
BLOCK12/SES128/SA128S10	SES226	-1.00156	5.82614	6.8277
BLOCK12/SES128/SA128S10	SES270	-0.867101	5.9606	6.8277
BLOCK12/SES128/SA128S12	SES120	-2.38898	5.06948	7.45846
BLOCK12/SES128/SA128S12	SES158	-2.97422	4.48424	7.45846
BLOCK12/SES128/SA128S12	SES206	-1.99867	5.45978	7.45846
BLOCK12/SES128/SA128S12	SES226	-2.9203	4.53816	7.45846
BLOCK12/SES128/SA128S21	SES106	-2.54677	4.3102	6.85697
BLOCK12/SES128/SA128S21	SES120	-2.7299	4.12707	6.85697
BLOCK12/SES128/SA128S21	SES206	-1.58382	5.27315	6.85697
BLOCK12/SES128/SA128S21	SES226	-1.46331	5.39366	6.85697
BLOCK12/SES128/SA128S24	SES087	-2.11075	5.06125	7.172
BLOCK12/SES128/SA128S24	SES120	-1.50568	5.66632	7.172
BLOCK12/SES128/SA128S24	SES206	-1.21977	5.95223	7.172
BLOCK12/SES128/SA128S24	SES226	-1.57942	5.59258	7.172
BLOCK12/SES128/SA128S27	SES099	-0.295218	7.80959	8.10481
BLOCK12/SES128/SA128S27	SES120	-1.06999	7.03481	8.10481
BLOCK12/SES128/SA128S27	SES206	-0.910348	7.19446	8.10481
BLOCK12/SES128/SA128S27	SES226	-0.913338	7.19147	8.10481
BLOCK13/SES130/SA130S13	SES143	-0.489348	6.11731	6.60666
BLOCK13/SES130/SA130S13	SES144	-0.455389	6.15127	6.60666
BLOCK13/SES130/SA130S13	SES146	-1.23934	5.36731	6.60666
BLOCK13/SES130/SA130S13	SES275	-3.27104	3.33561	6.60666
BLOCK13/SES130/SA130S15	SES143	-2.22493	6.94035	9.16528
BLOCK13/SES130/SA130S15	SES144	-0.182199	8.98308	9.16528
BLOCK13/SES130/SA130S15	SES146	-1.17266	7.99263	9.16528
BLOCK13/SES130/SA130S15	SES275	-1.56231	7.60297	9.16528
BLOCK13/SES130/SA130S23	SES127	-1.77054	5.28578	7.05632
BLOCK13/SES130/SA130S23	SES144	-1.85231	5.20401	7.05632
BLOCK13/SES130/SA130S23	SES146	-1.2137	5.84263	7.05632
BLOCK13/SES130/SA130S23	SES162	-0.680392	6.37593	7.05632
BLOCK13/SES130/SA130S25	SES127	-1.05429	6.85256	7.90685
BLOCK13/SES130/SA130S25	SES144	-0.426147	7.4807	7.90685
BLOCK13/SES130/SA130S25	SES146	-1.53729	6.36956	7.90685
BLOCK13/SES130/SA130S25	SES275	-1.35316	6.55369	7.90685
BLOCK13/SES130/SA130S28	SES127	-1.84271	5.94223	7.78493
BLOCK13/SES130/SA130S28	SES144	-1.30861	6.47632	7.78493
BLOCK13/SES130/SA130S28	SES146	-1.23368	6.55126	7.78493
BLOCK13/SES130/SA130S28	SES275	-0.91522	6.86971	7.78493
BLOCK13/SES131/SA131S13	SES002	-2.16051	2.76205	4.92256
BLOCK13/SES131/SA131S13	SES007	-2.12323	2.79933	4.92256
BLOCK13/SES131/SA131S13	SES099	-0.999714	3.92284	4.92256
BLOCK13/SES131/SA131S13	SES105	-2.6121	2.31046	4.92256
BLOCK13/SES131/SA131S14	SES104	-1.60356	6.55901	8.16256
BLOCK13/SES131/SA131S14	SES106	-2.04698	6.11558	8.16256
BLOCK13/SES131/SA131S14	SES125	-2.37396	5.78861	8.16256
BLOCK13/SES131/SA131S14	SES148	-1.31914	6.84342	8.16256
BLOCK13/SES131/SA131S20	SES104	-2.98395	2.68037	5.66432
BLOCK13/SES131/SA131S20	SES106	-2.31101	3.35331	5.66432
BLOCK13/SES131/SA131S20	SES125	-2.96762	2.6967	5.66432
BLOCK13/SES131/SA131S20	SES148	-2.70719	2.95713	5.66432
BLOCK13/SES131/SA131S22	SES099	-0.799544	6.66621	7.46576
BLOCK13/SES131/SA131S22	SES104	-1.62518	5.84057	7.46576
BLOCK13/SES131/SA131S22	SES125	-2.91742	4.54834	7.46576
BLOCK13/SES131/SA131S22	SES206	-1.71513	5.75063	7.46576
BLOCK13/SES131/SA131S29	SES087	-2.18458	3.7861	5.97068
BLOCK13/SES131/SA131S29	SES104	-2.40556	3.56512	5.97068
BLOCK13/SES131/SA131S29	SES125	-3.31482	2.65586	5.97068
BLOCK13/SES131/SA131S29	SES206	-2.03208	3.93859	5.97068
BLOCK13/SES132/SA132S11	SES083	-2.88345	5.50905	8.3925
BLOCK13/SES132/SA132S11	SES120	-0.36114	8.03136	8.3925
BLOCK13/SES132/SA132S11	SES127	-2.22798	6.16453	8.3925
BLOCK13/SES132/SA132S11	SES275	-1.50466	6.88784	8.3925
BLOCK13/SES132/SA132S12	SES083	-2.97151	6.68309	9.6546
BLOCK13/SES132/SA132S12	SES143	-2.42182	7.23278	9.6546
BLOCK13/SES132/SA132S12	SES144	-1.67303	7.98157	9.6546
BLOCK13/SES132/SA132S12	SES148	-0.855217	8.79938	9.6546
BLOCK13/SES132/SA132S22	SES062	-1.19741	6.51631	7.71372
BLOCK13/SES132/SA132S22	SES083	-2.89018	4.82354	7.71372
BLOCK13/SES132/SA132S22	SES127	-2.23011	5.48361	7.71372
BLOCK13/SES132/SA132S22	SES275	-0.933693	6.78003	7.71372
BLOCK13/SES132/SA132S24	SES007	-1.28951	8.46747	9.75698
BLOCK13/SES132/SA132S24	SES083	-3.5377	6.21928	9.75698
BLOCK13/SES132/SA132S24	SES127	-2.88221	6.87477	9.75698
BLOCK13/SES132/SA132S24	SES275	-1.30674	8.45024	9.75698
BLOCK13/SES132/SA132S27	SES083	-3.62341	3.6812	7.30462
BLOCK13/SES132/SA132S27	SES120	-0.347041	6.95757	7.30462
BLOCK13/SES132/SA132S27	SES127	-3.00533	4.29928	7.30462
BLOCK13/SES132/SA132S27	SES275	-2.39956	4.90505	7.30462
BLOCK14/SES141/SA141S09	SES143	-2.12261	7.19038	9.31299
BLOCK14/SES141/SA141S09	SES144	-1.31834	7.99465	9.31299
BLOCK14/SES141/SA141S09	SES162	-1.63397	7.67902	9.31299
BLOCK14/SES141/SA141S09	SES180	-1.90342	7.40957	9.31299
BLOCK14/SES141/SA141S15	SES127	-2.36081	6.80822	9.16903
BLOCK14/SES141/SA141S15	SES144	-1.77182	7.3972	9.16903
BLOCK14/SES141/SA141S15	SES162	-2.36753	6.80149	9.16903
BLOCK14/SES141/SA141S15	SES180	-2.02819	7.14084	9.16903
BLOCK14/SES141/SA141S24	SES127	-1.31684	7.75622	9.07306
BLOCK14/SES141/SA141S24	SES144	-1.61765	7.45541	9.07306
BLOCK14/SES141/SA141S24	SES162	-1.83865	7.2344	9.07306
BLOCK14/SES141/SA141S24	SES183	-2.16257	6.91049	9.07306
BLOCK14/SES141/SA141S26	SES142	-1.52941	6.82684	8.35625
BLOCK14/SES141/SA141S26	SES144	-2.03445	6.3218	8.35625
BLOCK14/SES141/SA141S26	SES172	-1.43273	6.92352	8.35625
BLOCK14/SES141/SA141S26	SES180	-1.96889	6.38736	8.35625
BLOCK14/SES141/SA141S29	SES127	-0.955375	7.81565	8.77103
BLOCK14/SES141/SA141S29	SES142	-1.49258	7.27845	8.77103
BLOCK14/SES141/SA141S29	SES144	-1.55633	7.21469	8.77103
BLOCK14/SES141/SA141S29	SES180	-1.73321	7.03782	8.77103
BLOCK15/SES157/SA157S08	SES083	-2.21054	6.5968	8.80734
BLOCK15/SES157/SA157S08	SES127	-2.14395	6.66339	8.80734
BLOCK15/SES157/SA157S08	SES148	-0.875208	7.93213	8.80734
BLOCK15/SES157/SA157S08	SES292	-3.00305	5.80428	8.80734
BLOCK15/SES157/SA157S11	SES083	-2.54761	6.16121	8.70882
BLOCK15/SES157/SA157S11	SES127	-1.97324	6.73558	8.70882
BLOCK15/SES157/SA157S11	SES148	-1.64028	7.06854	8.70882
BLOCK15/SES157/SA157S11	SES292	-2.49994	6.20888	8.70882
BLOCK15/SES157/SA157S21	SES127	-0.898466	7.89601	8.79448
BLOCK15/SES157/SA157S21	SES148	-0.896203	7.89828	8.79448
BLOCK15/SES157/SA157S21	SES158	-6.79591	1.99857	8.79448
BLOCK15/SES157/SA157S21	SES292	-2.16394	6.63054	8.79448
BLOCK15/SES157/SA157S24	SES127	-1.58271	7.50105	9.08376
BLOCK15/SES157/SA157S24	SES148	-1.06114	8.02262	9.08376
BLOCK15/SES157/SA157S24	SES183	-2.06869	7.01507	9.08376
BLOCK15/SES157/SA157S24	SES292	-2.67555	6.40821	9.08376
BLOCK15/SES157/SA157S26	SES007	-1.64796	7.62543	9.27338
BLOCK15/SES157/SA157S26	SES127	-1.06124	8.21214	9.27338
BLOCK15/SES157/SA157S26	SES147	-2.09547	7.17792	9.27338
BLOCK15/SES157/SA157S26	SES148	-1.12502	8.14837	9.27338
BLOCK16/SES161/SA161S10	SES007	-1.76401	5.08992	6.85393
BLOCK16/SES161/SA161S10	SES105	-2.13306	4.72087	6.85393
BLOCK16/SES161/SA161S10	SES158	-2.48681	4.36712	6.85393
BLOCK16/SES161/SA161S10	SES275	-1.57476	5.27917	6.85393
BLOCK16/SES161/SA161S12	SES007	-2.32216	5.17713	7.49929
BLOCK16/SES161/SA161S12	SES105	-3.33219	4.16711	7.49929
BLOCK16/SES161/SA161S12	SES158	-2.57836	4.92093	7.49929
BLOCK16/SES161/SA161S12	SES275	-1.5405	5.95879	7.49929
BLOCK16/SES161/SA161S20	SES007	-1.76292	3.98103	5.74395
BLOCK16/SES161/SA161S20	SES105	-4.25122	1.49273	5.74395
BLOCK16/SES161/SA161S20	SES158	-1.55226	4.19169	5.74395
BLOCK16/SES161/SA161S20	SES275	-2.17124	3.57271	5.74395
BLOCK16/SES161/SA161S23	SES007	-2.49874	5.03757	7.53631
BLOCK16/SES161/SA161S23	SES105	-1.93593	5.60038	7.53631
BLOCK16/SES161/SA161S23	SES148	-2.17689	5.35943	7.53631
BLOCK16/SES161/SA161S23	SES158	-2.60605	4.93027	7.53631
BLOCK16/SES161/SA161S28	SES007	-3.03565	4.35922	7.39487
BLOCK16/SES161/SA161S28	SES105	-4.27485	3.12002	7.39487
BLOCK16/SES161/SA161S28	SES158	-1.54399	5.85088	7.39487
BLOCK16/SES161/SA161S28	SES206	-1.72134	5.67353	7.39487
BLOCK16/SES164/SA164S11	SES104	-1.95714	3.99405	5.95119
BLOCK16/SES164/SA164S11	SES125	-1.99275	3.95844	5.95119
BLOCK16/SES164/SA164S11	SES158	0.494239	6.44543	5.95119
BLOCK16/SES164/SA164S11	SES206	-2.91158	3.03961	5.95119
BLOCK16/SES164/SA164S13	SES099	-2.06625	3.69487	5.76112
BLOCK16/SES164/SA164S13	SES104	-1.9567	3.80442	5.76112
BLOCK16/SES164/SA164S13	SES125	-3.33752	2.4236	5.76112
BLOCK16/SES164/SA164S13	SES206	-2.93899	2.82213	5.76112
BLOCK16/SES164/SA164S24	SES002	0.723826	5.91021	5.18638
BLOCK16/SES164/SA164S24	SES099	-0.999629	4.18675	5.18638
BLOCK16/SES164/SA164S24	SES125	-3.64265	1.54373	5.18638
BLOCK16/SES164/SA164S24	SES226	0.0574045	5.24379	5.18638
BLOCK16/SES164/SA164S27	SES087	-3.24904	2.07918	5.32821
BLOCK16/SES164/SA164S27	SES125	-2.66728	2.66094	5.32821
BLOCK16/SES164/SA164S27	SES206	-3.62714	1.70107	5.32821
BLOCK16/SES164/SA164S27	SES226	-1.23633	4.09188	5.32821
BLOCK16/SES164/SA164S29	SES002	-0.363382	4.63754	5.00092
BLOCK16/SES164/SA164S29	SES019	-1.7352	3.26572	5.00092
BLOCK16/SES164/SA164S29	SES125	-2.71404	2.28688	5.00092
BLOCK16/SES164/SA164S29	SES226	-1.79838	3.20254	5.00092
BLOCK16/SES169/SA169S13	SES117	-1.55609	6.94092	8.49701
BLOCK16/SES169/SA169S13	SES144	-1.606	6.891	8.49701
BLOCK16/SES169/SA169S13	SES146	-1.99644	6.50057	8.49701
BLOCK16/SES169/SA169S13	SES162	-1.76198	6.73503	8.49701
BLOCK16/SES169/SA169S14	SES144	-1.75629	8.08818	9.84447
BLOCK16/SES169/SA169S14	SES148	-2.06564	7.77882	9.84447
BLOCK16/SES169/SA169S14	SES177	-0.466321	9.37814	9.84447
BLOCK16/SES169/SA169S14	SES180	-1.89622	7.94825	9.84447
BLOCK16/SES169/SA169S24	SES117	-1.92553	5.02553	6.95106
BLOCK16/SES169/SA169S24	SES144	-1.74064	5.21042	6.95106
BLOCK16/SES169/SA169S24	SES146	-1.38458	5.56649	6.95106
BLOCK16/SES169/SA169S24	SES162	-1.67243	5.27864	6.95106
BLOCK16/SES169/SA169S27	SES127	-2.0126	6.15563	8.16823
BLOCK16/SES169/SA169S27	SES129	-1.8736	6.29463	8.16823
BLOCK16/SES169/SA169S27	SES144	-2.70503	5.4632	8.16823
BLOCK16/SES169/SA169S27	SES146	-1.01042	7.15781	8.16823
BLOCK16/SES169/SA169S29	SES144	-0.842456	8.99566	9.83811
BLOCK16/SES169/SA169S29	SES162	-0.519183	9.31893	9.83811
BLOCK16/SES169/SA169S29	SES177	-2.03513	7.80298	9.83811
BLOCK16/SES169/SA169S29	SES180	-1.38041	8.4577	9.83811
BLOCK17/SES171/SA171S12	SES083	-1.77089	4.74548	6.51637
BLOCK17/SES171/SA171S12	SES148	-2.01408	4.5023	6.51637
BLOCK17/SES171/SA171S12	SES172	-1.40435	5.11203	6.51637
BLOCK17/SES171/SA171S12	SES292	-4.11772	2.39866	6.51637
BLOCK17/SES171/SA171S15	SES148	-1.63362	6.04989	7.68352
BLOCK17/SES171/SA171S15	SES177	-1.87411	5.80941	7.68352
BLOCK17/SES171/SA171S15	SES180	-3.40292	4.2806	7.68352
BLOCK17/SES171/SA171S15	SES292	-2.13742	5.5461	7.68352
BLOCK17/SES171/SA171S22	SES007	-2.02932	7.6714	9.70072
BLOCK17/SES171/SA171S22	SES148	-1.72812	7.97261	9.70072
BLOCK17/SES171/SA171S22	SES177	-1.99239	7.70833	9.70072
BLOCK17/SES171/SA171S22	SES180	-3.11056	6.59016	9.70072
BLOCK17/SES171/SA171S25	SES101	-1.59245	5.82141	7.41386
BLOCK17/SES171/SA171S25	SES120	-4.19286	3.221	7.41386
BLOCK17/SES171/SA171S25	SES177	-1.98385	5.43001	7.41386
BLOCK17/SES171/SA171S25	SES180	-2.91119	4.50267	7.41386
BLOCK17/SES171/SA171S27	SES177	-0.846333	6.4675	7.31384
BLOCK17/SES171/SA171S27	SES180	-2.6618	4.65204	7.31384
BLOCK17/SES171/SA171S27	SES189	-0.243173	7.07066	7.31384
BLOCK17/SES171/SA171S27	SES292	-2.58176	4.73207	7.31384
BLOCK17/SES173/SA173S13	SES162	-4.63925	3.72624	8.36549
BLOCK17/SES173/SA173S13	SES177	-2.45857	5.90691	8.36549
BLOCK17/SES173/SA173S13	SES180	-4.41194	3.95355	8.36549
BLOCK17/SES173/SA173S13	SES292	-1.15888	7.20661	8.36549
BLOCK17/SES173/SA173S14	SES007	-1.21817	7.6195	8.83767
BLOCK17/SES173/SA173S14	SES162	-4.07904	4.75862	8.83767
BLOCK17/SES173/SA173S14	SES177	-2.01424	6.82343	8.83767
BLOCK17/SES173/SA173S14	SES180	-4.2097	4.62797	8.83767
BLOCK17/SES173/SA173S24	SES144	-2.93145	4.42252	7.35397
BLOCK17/SES173/SA173S24	SES162	-3.92486	3.42911	7.35397
BLOCK17/SES173/SA173S24	SES177	-1.86993	5.48404	7.35397
BLOCK17/SES173/SA173S24	SES180	-3.90047	3.4535	7.35397
BLOCK17/SES173/SA173S27	SES162	-4.28528	4.0927	8.37798
BLOCK17/SES173/SA173S27	SES177	-2.2597	6.11827	8.37798
BLOCK17/SES173/SA173S27	SES180	-2.53591	5.84207	8.37798
BLOCK17/SES173/SA173S27	SES292	-0.627551	7.75043	8.37798
BLOCK17/SES173/SA173S29	SES162	-3.34895	4.08451	7.43346
BLOCK17/SES173/SA173S29	SES175	-0.91845	6.51501	7.43346
BLOCK17/SES173/SA173S29	SES177	-0.772102	6.66136	7.43346
BLOCK17/SES173/SA173S29	SES292	-2.87983	4.55363	7.43346
BLOCK18/SES182/SA182S10	SES144	-1.30975	6.4311	7.74085
BLOCK18/SES182/SA182S10	SES177	-1.87854	5.86231	7.74085
BLOCK18/SES182/SA182S10	SES180	-3.1637	4.57715	7.74085
BLOCK18/SES182/SA182S10	SES275	-1.0395	6.70135	7.74085
BLOCK18/SES182/SA182S12	SES144	-0.0452147	9.48425	9.52947
BLOCK18/SES182/SA182S12	SES177	-0.924932	8.60454	9.52947
BLOCK18/SES182/SA182S12	SES180	-2.02522	7.50425	9.52947
BLOCK18/SES182/SA182S12	SES275	-0.426854	9.10261	9.52947
BLOCK18/SES182/SA182S21	SES117	-2.49581	4.62787	7.12368
BLOCK18/SES182/SA182S21	SES144	-1.15407	5.96961	7.12368
BLOCK18/SES182/SA182S21	SES162	-1.68597	5.43771	7.12368
BLOCK18/SES182/SA182S21	SES180	-3.78073	3.34295	7.12368
BLOCK18/SES182/SA182S23	SES117	-2.04536	4.9761	7.02146
BLOCK18/SES182/SA182S23	SES144	-1.71534	5.30612	7.02146
BLOCK18/SES182/SA182S23	SES180	-2.48042	4.54104	7.02146
BLOCK18/SES182/SA182S23	SES275	0.134728	7.15619	7.02146
BLOCK18/SES182/SA182S25	SES007	-0.0634899	6.59838	6.66187
BLOCK18/SES182/SA182S25	SES162	-0.634309	6.02756	6.66187
BLOCK18/SES182/SA182S25	SES177	-0.889895	5.77198	6.66187
BLOCK18/SES182/SA182S25	SES180	-2.80269	3.85918	6.66187
BLOCK18/SES184/SA184S12	SES177	-3.51666	4.41138	7.92804
BLOCK18/SES184/SA184S12	SES180	-1.74895	6.17908	7.92804
BLOCK18/SES184/SA184S12	SES189	-1.86197	6.06607	7.92804
BLOCK18/SES184/SA184S12	SES292	-2.12347	5.80457	7.92804
BLOCK18/SES184/SA184S13	SES101	-2.25711	5.58946	7.84657
BLOCK18/SES184/SA184S13	SES177	-1.80998	6.03659	7.84657
BLOCK18/SES184/SA184S13	SES180	-2.45528	5.39129	7.84657
BLOCK18/SES184/SA184S13	SES292	-2.47634	5.37023	7.84657
BLOCK18/SES184/SA184S22	SES177	-3.11682	4.39231	7.50913
BLOCK18/SES184/SA184S22	SES180	-1.58047	5.92866	7.50913
BLOCK18/SES184/SA184S22	SES189	-2.02265	5.48648	7.50913
BLOCK18/SES184/SA184S22	SES292	-2.17596	5.33317	7.50913
BLOCK18/SES184/SA184S25	SES101	-1.11239	7.34114	8.45354
BLOCK18/SES184/SA184S25	SES177	-2.74566	5.70788	8.45354
BLOCK18/SES184/SA184S25	SES180	-1.40984	7.04369	8.45354
BLOCK18/SES184/SA184S25	SES292	-1.79988	6.65365	8.45354
BLOCK18/SES184/SA184S27	SES083	-1.94121	6.30906	8.25028
BLOCK18/SES184/SA184S27	SES177	-1.69672	6.55355	8.25028
BLOCK18/SES184/SA184S27	SES202	-1.67458	6.5757	8.25028
BLOCK18/SES184/SA184S27	SES292	-1.60585	6.64443	8.25028
BLOCK20/SES204/SA204S12	SES062	-1.0067	7.72691	8.7336
BLOCK20/SES204/SA204S12	SES083	-3.26048	5.47312	8.7336
BLOCK20/SES204/SA204S12	SES206	-0.804186	7.92942	8.7336
BLOCK20/SES204/SA204S12	SES226	-2.51672	6.21689	8.7336
BLOCK20/SES204/SA204S14	SES068	-0.617521	9.28509	9.90261
BLOCK20/SES204/SA204S14	SES087	-0.271271	9.63134	9.90261
BLOCK20/SES204/SA204S14	SES206	-1.50864	8.39397	9.90261
BLOCK20/SES204/SA204S14	SES226	-2.20316	7.69945	9.90261
BLOCK20/SES204/SA204S22	SES068	-1.31972	7.52625	8.84597
BLOCK20/SES204/SA204S22	SES082	-3.22115	5.62482	8.84597
BLOCK20/SES204/SA204S22	SES083	-3.31086	5.53511	8.84597
BLOCK20/SES204/SA204S22	SES206	-1.75434	7.09163	8.84597
BLOCK20/SES204/SA204S25	SES062	-1.39464	7.98103	9.37567
BLOCK20/SES204/SA204S25	SES083	-3.07594	6.29974	9.37567
BLOCK20/SES204/SA204S25	SES206	-1.18346	8.19221	9.37567
BLOCK20/SES204/SA204S25	SES226	-2.68299	6.69268	9.37567
BLOCK20/SES204/SA204S27	SES068	-2.121	6.27787	8.39886
BLOCK20/SES204/SA204S27	SES082	-2.93921	5.45965	8.39886
BLOCK20/SES204/SA204S27	SES087	-1.61987	6.779	8.39886
BLOCK20/SES204/SA204S27	SES206	-2.40746	5.99141	8.39886
BLOCK20/SES207/SA207S10	SES127	-2.1605	6.31486	8.47536
BLOCK20/SES207/SA207S10	SES183	-1.47243	7.00293	8.47536
BLOCK20/SES207/SA207S10	SES189	-1.26344	7.21192	8.47536
BLOCK20/SES207/SA207S10	SES292	-2.49464	5.98072	8.47536
BLOCK20/SES207/SA207S11	SES127	-2.9137	5.06599	7.97969
BLOCK20/SES207/SA207S11	SES183	-1.55893	6.42076	7.97969
BLOCK20/SES207/SA207S11	SES187	-2.00627	5.97341	7.97969
BLOCK20/SES207/SA207S11	SES292	-1.25656	6.72312	7.97969
BLOCK20/SES207/SA207S25	SES068	-2.20537	5.56231	7.76768
BLOCK20/SES207/SA207S25	SES083	-2.36685	5.40083	7.76768
BLOCK20/SES207/SA207S25	SES127	-1.83839	5.92929	7.76768
BLOCK20/SES207/SA207S25	SES187	-1.54084	6.22684	7.76768
BLOCK20/SES207/SA207S27	SES127	-2.53876	4.85486	7.39362
BLOCK20/SES207/SA207S27	SES183	-1.6008	5.79282	7.39362
BLOCK20/SES207/SA207S27	SES187	-1.72561	5.66801	7.39362
BLOCK20/SES207/SA207S27	SES292	-2.36962	5.024	7.39362
BLOCK20/SES207/SA207S29	SES083	-2.38328	5.80826	8.19154
BLOCK20/SES207/SA207S29	SES085	-1.56535	6.6262	8.19154
BLOCK20/SES207/SA207S29	SES172	-0.881656	7.30989	8.19154
BLOCK20/SES207/SA207S29	SES189	-1.85139	6.34015	8.19154
BLOCK22/SES221/SA221S12	SES068	-0.248708	8.77238	9.02108
BLOCK22/SES221/SA221S12	SES143	-2.58758	6.4335	9.02108
BLOCK22/SES221/SA221S12	SES175	-1.7431	7.27798	9.02108
BLOCK22/SES221/SA221S12	SES202	-1.01671	8.00438	9.02108
BLOCK22/SES221/SA221S15	SES085	-1.37034	7.46511	8.83544
BLOCK22/SES221/SA221S15	SES143	-3.35719	5.47826	8.83544
BLOCK22/SES221/SA221S15	SES175	-1.57818	7.25726	8.83544
BLOCK22/SES221/SA221S15	SES187	-1.71569	7.11976	8.83544
BLOCK22/SES221/SA221S23	SES068	-0.0389347	8.60896	8.6479
BLOCK22/SES221/SA221S23	SES143	-2.02397	6.62393	8.6479
BLOCK22/SES221/SA221S23	SES175	-0.922334	7.72556	8.6479
BLOCK22/SES221/SA221S23	SES189	-1.49796	7.14993	8.6479
BLOCK22/SES221/SA221S27	SES085	-0.703804	7.72407	8.42787
BLOCK22/SES221/SA221S27	SES143	-2.82297	5.6049	8.42787
BLOCK22/SES221/SA221S27	SES175	-1.71458	6.71329	8.42787
BLOCK22/SES221/SA221S27	SES189	-1.18364	7.24423	8.42787
BLOCK22/SES221/SA221S29	SES085	-0.878374	8.02729	8.90566
BLOCK22/SES221/SA221S29	SES143	-2.66372	6.24194	8.90566
BLOCK22/SES221/SA221S29	SES175	-1.16351	7.74215	8.90566
BLOCK22/SES221/SA221S29	SES187	-1.97474	6.93092	8.90566
BLOCK22/SES223/SA223S11	SES143	-1.91507	5.72938	7.64446
BLOCK22/SES223/SA223S11	SES144	-3.08744	4.55701	7.64446
BLOCK22/SES223/SA223S11	SES175	-2.07389	5.57057	7.64446
BLOCK22/SES223/SA223S11	SES187	-1.91982	5.72464	7.64446
BLOCK22/SES223/SA223S13	SES068	-0.306389	7.27074	7.57713
BLOCK22/SES223/SA223S13	SES143	-2.97044	4.60669	7.57713
BLOCK22/SES223/SA223S13	SES146	-3.23538	4.34175	7.57713
BLOCK22/SES223/SA223S13	SES202	-3.27213	4.305	7.57713
BLOCK22/SES223/SA223S22	SES143	-2.71752	4.71591	7.43342
BLOCK22/SES223/SA223S22	SES144	-3.42233	4.0111	7.43342
BLOCK22/SES223/SA223S22	SES175	-1.74251	5.69092	7.43342
BLOCK22/SES223/SA223S22	SES187	-2.25321	5.18021	7.43342
BLOCK22/SES223/SA223S25	SES068	-0.721498	6.83705	7.55855
BLOCK22/SES223/SA223S25	SES143	-1.87158	5.68697	7.55855
BLOCK22/SES223/SA223S25	SES175	-1.19	6.36855	7.55855
BLOCK22/SES223/SA223S25	SES187	-1.53359	6.02496	7.55855
BLOCK22/SES223/SA223S27	SES143	-1.78244	5.83773	7.62017
BLOCK22/SES223/SA223S27	SES146	-2.13781	5.48236	7.62017
BLOCK22/SES223/SA223S27	SES187	-2.69684	4.92334	7.62017
BLOCK22/SES223/SA223S27	SES292	-0.607663	7.01251	7.62017
BLOCK27/SES273/SA273S12	SES099	-0.693418	7.90634	8.59976
BLOCK27/SES273/SA273S12	SES104	-0.792561	7.8072	8.59976
BLOCK27/SES273/SA273S12	SES125	-2.46951	6.13024	8.59976
BLOCK27/SES273/SA273S12	SES206	-1.24392	7.35584	8.59976
BLOCK27/SES273/SA273S13	SES099	-1.5577	7.22825	8.78595
BLOCK27/SES273/SA273S13	SES104	-1.44905	7.33689	8.78595
BLOCK27/SES273/SA273S13	SES206	-1.72885	7.0571	8.78595
BLOCK27/SES273/SA273S13	SES292	-1.62083	7.16511	8.78595
BLOCK27/SES273/SA273S21	SES099	-1.09777	7.13167	8.22944
BLOCK27/SES273/SA273S21	SES148	-2.65378	5.57565	8.22944
BLOCK27/SES273/SA273S21	SES149	-2.10573	6.1237	8.22944
BLOCK27/SES273/SA273S21	SES177	-2.20043	6.02901	8.22944
BLOCK27/SES273/SA273S25	SES104	-1.38428	6.30575	7.69004
BLOCK27/SES273/SA273S25	SES125	-2.71901	4.97102	7.69004
BLOCK27/SES273/SA273S25	SES158	-0.831074	6.85896	7.69004
BLOCK27/SES273/SA273S25	SES206	-1.36622	6.32382	7.69004
BLOCK27/SES273/SA273S27	SES099	-0.613799	8.31896	8.93275
BLOCK27/SES273/SA273S27	SES104	-1.16103	7.77172	8.93275
BLOCK27/SES273/SA273S27	SES149	-1.8479	7.08485	8.93275
BLOCK27/SES273/SA273S27	SES275	-1.63179	7.30097	8.93275
BLOCK27/SES274/SA274S10	SES105	-2.52147	6.38776	8.90923
BLOCK27/SES274/SA274S10	SES125	-2.72237	6.18686	8.90923
BLOCK27/SES274/SA274S10	SES129	-0.779383	8.12985	8.90923
BLOCK27/SES274/SA274S10	SES158	-3.96521	4.94402	8.90923
BLOCK27/SES274/SA274S11	SES105	-2.05384	7.68135	9.73518
BLOCK27/SES274/SA274S11	SES149	-2.18074	7.55444	9.73518
BLOCK27/SES274/SA274S11	SES158	-1.85801	7.87717	9.73518
BLOCK27/SES274/SA274S11	SES275	-0.811576	8.92361	9.73518
BLOCK27/SES274/SA274S21	SES105	-2.45177	7.67153	10.1233
BLOCK27/SES274/SA274S21	SES129	-1.35106	8.77225	10.1233
BLOCK27/SES274/SA274S21	SES149	-1.99841	8.12489	10.1233
BLOCK27/SES274/SA274S21	SES158	-4.2702	5.8531	10.1233
BLOCK27/SES274/SA274S24	SES105	-2.51834	6.30661	8.82495
BLOCK27/SES274/SA274S24	SES129	-0.629923	8.19502	8.82495
BLOCK27/SES274/SA274S24	SES149	-3.60802	5.21693	8.82495
BLOCK27/SES274/SA274S24	SES158	-5.20845	3.61649	8.82495
BLOCK27/SES274/SA274S29	SES105	-2.25332	6.47273	8.72605
BLOCK27/SES274/SA274S29	SES106	-2.65639	6.06966	8.72605
BLOCK27/SES274/SA274S29	SES120	-1.43314	7.29291	8.72605
BLOCK27/SES274/SA274S29	SES275	-1.4325	7.29355	8.72605
BLOCK27/SES276/SA276S16	SES148	-1.5496	7.01714	8.56674
BLOCK27/SES276/SA276S16	SES172	-0.823785	7.74296	8.56674
BLOCK27/SES276/SA276S16	SES180	-3.04562	5.52112	8.56674
BLOCK27/SES276/SA276S16	SES292	-1.66274	6.90401	8.56674
BLOCK27/SES276/SA276S17	SES101	-1.59591	6.64378	8.23969
BLOCK27/SES276/SA276S17	SES177	-1.97375	6.26594	8.23969
BLOCK27/SES276/SA276S17	SES180	-2.3639	5.87579	8.23969
BLOCK27/SES276/SA276S17	SES292	-1.96016	6.27953	8.23969
BLOCK27/SES276/SA276S24	SES101	-0.663875	8.55342	9.21729
BLOCK27/SES276/SA276S24	SES177	-1.51427	7.70303	9.21729
BLOCK27/SES276/SA276S24	SES180	-2.63055	6.58674	9.21729
BLOCK27/SES276/SA276S24	SES292	-2.79809	6.4192	9.21729
BLOCK27/SES276/SA276S26	SES101	-2.26965	7.31301	9.58265
BLOCK27/SES276/SA276S26	SES177	-1.55633	8.02633	9.58265
BLOCK27/SES276/SA276S26	SES180	-1.07505	8.50761	9.58265
BLOCK27/SES276/SA276S26	SES292	-0.977998	8.60466	9.58265
BLOCK27/SES276/SA276S28	SES101	-0.938853	8.17442	9.11327
BLOCK27/SES276/SA276S28	SES177	-1.72542	7.38785	9.11327
BLOCK27/SES276/SA276S28	SES180	-0.703992	8.40928	9.11327
BLOCK27/SES276/SA276S28	SES292	-1.13653	7.97674	9.11327
BLOCK27/SES277/SA277S12	SES101	-1.0857	5.62386	6.70956
BLOCK27/SES277/SA277S12	SES177	-2.22751	4.48205	6.70956
BLOCK27/SES277/SA277S12	SES180	-3.54927	3.16029	6.70956
BLOCK27/SES277/SA277S12	SES292	-3.97837	2.73119	6.70956
BLOCK27/SES277/SA277S14	SES177	-1.16452	4.92919	6.09372
BLOCK27/SES277/SA277S14	SES180	-3.48171	2.612	6.09372
BLOCK27/SES277/SA277S14	SES189	-0.696866	5.39685	6.09372
BLOCK27/SES277/SA277S14	SES292	-3.31544	2.77827	6.09372
BLOCK27/SES277/SA277S21	SES177	-1.26122	6.33548	7.59671
BLOCK27/SES277/SA277S21	SES180	-2.56554	5.03116	7.59671
BLOCK27/SES277/SA277S21	SES189	0.325099	7.92181	7.59671
BLOCK27/SES277/SA277S21	SES292	-3.42439	4.17232	7.59671
BLOCK27/SES277/SA277S24	SES144	-1.53305	3.42535	4.9584
BLOCK27/SES277/SA277S24	SES177	-1.38472	3.57368	4.9584
BLOCK27/SES277/SA277S24	SES180	-3.71266	1.24574	4.9584
BLOCK27/SES277/SA277S24	SES189	-0.310534	4.64786	4.9584
BLOCK27/SES277/SA277S29	SES177	-1.69152	6.19258	7.88411
BLOCK27/SES277/SA277S29	SES180	-2.39482	5.48928	7.88411
BLOCK27/SES277/SA277S29	SES202	-2.11877	5.76534	7.88411
BLOCK27/SES277/SA277S29	SES292	-2.97776	4.90634	7.88411
BLOCK27/SES279/SA279S09	SES120	-2.09042	6.18335	8.27376
BLOCK27/SES279/SA279S09	SES146	-2.70585	5.56791	8.27376
BLOCK27/SES279/SA279S09	SES206	-1.52029	6.75347	8.27376
BLOCK27/SES279/SA279S09	SES226	-2.6351	5.63866	8.27376
BLOCK27/SES279/SA279S10	SES099	-1.08311	7.14861	8.23172
BLOCK27/SES279/SA279S10	SES206	-1.86341	6.3683	8.23172
BLOCK27/SES279/SA279S10	SES226	-2.32602	5.9057	8.23172
BLOCK27/SES279/SA279S10	SES292	-1.15233	7.07938	8.23172
BLOCK27/SES279/SA279S20	SES099	-2.10355	4.77734	6.88089
BLOCK27/SES279/SA279S20	SES206	-1.68418	5.19671	6.88089
BLOCK27/SES279/SA279S20	SES226	-2.97234	3.90856	6.88089
BLOCK27/SES279/SA279S20	SES292	-0.868328	6.01257	6.88089
BLOCK27/SES279/SA279S26	SES099	-2.11021	5.54711	7.65732
BLOCK27/SES279/SA279S26	SES206	-1.60772	6.0496	7.65732
BLOCK27/SES279/SA279S26	SES226	-2.53673	5.12059	7.65732
BLOCK27/SES279/SA279S26	SES292	-0.349698	7.30762	7.65732
BLOCK27/SES279/SA279S28	SES099	-1.13577	8.70417	9.83993
BLOCK27/SES279/SA279S28	SES120	-1.39697	8.44296	9.83993
BLOCK27/SES279/SA279S28	SES177	-2.08218	7.75775	9.83993
BLOCK27/SES279/SA279S28	SES206	-0.861387	8.97855	9.83993
BLOCK29/SES290/SA290S12	SES162	-1.1878	9.50758	10.6954
BLOCK29/SES290/SA290S12	SES177	-1.22589	9.46949	10.6954
BLOCK29/SES290/SA290S12	SES180	-1.79184	8.90354	10.6954
BLOCK29/SES290/SA290S12	SES292	-2.25174	8.44365	10.6954
BLOCK29/SES290/SA290S13	SES007	-0.875717	8.22491	9.10063
BLOCK29/SES290/SA290S13	SES162	-2.56696	6.53366	9.10063
BLOCK29/SES290/SA290S13	SES177	-1.34879	7.75184	9.10063
BLOCK29/SES290/SA290S13	SES180	-1.48235	7.61827	9.10063
BLOCK29/SES290/SA290S22	SES177	-1.46361	7.61362	9.07723
BLOCK29/SES290/SA290S22	SES180	-1.23256	7.84467	9.07723
BLOCK29/SES290/SA290S22	SES202	-1.45864	7.61859	9.07723
BLOCK29/SES290/SA290S22	SES292	-1.84766	7.22957	9.07723
BLOCK29/SES290/SA290S25	SES162	-1.26151	8.80684	10.0684
BLOCK29/SES290/SA290S25	SES177	-1.23794	8.83041	10.0684
BLOCK29/SES290/SA290S25	SES180	-1.48064	8.58771	10.0684
BLOCK29/SES290/SA290S25	SES292	-1.46015	8.60821	10.0684
BLOCK29/SES290/SA290S29	SES177	-0.645228	8.87736	9.52259
BLOCK29/SES290/SA290S29	SES180	-1.36591	8.15668	9.52259
BLOCK29/SES290/SA290S29	SES275	-1.77101	7.75158	9.52259
BLOCK29/SES290/SA290S29	SES292	-1.34789	8.1747	9.52259
BLOCK29/SES291/SA291S11	SES105	-3.56908	3.18137	6.75044
BLOCK29/SES291/SA291S11	SES125	-2.10395	4.6465	6.75044
BLOCK29/SES291/SA291S11	SES158	-1.26305	5.4874	6.75044
BLOCK29/SES291/SA291S11	SES275	-2.63344	4.11701	6.75044
BLOCK29/SES291/SA291S12	SES158	-0.103307	7.61398	7.71729
BLOCK29/SES291/SA291S12	SES226	-2.25396	5.46332	7.71729
BLOCK29/SES291/SA291S12	SES270	-0.14451	7.57278	7.71729
BLOCK29/SES291/SA291S12	SES275	-5.11618	2.60111	7.71729
BLOCK29/SES291/SA291S22	SES082	-1.81053	5.50034	7.31087
BLOCK29/SES291/SA291S22	SES158	-1.21495	6.09592	7.31087
BLOCK29/SES291/SA291S22	SES259	-2.35482	4.95605	7.31087
BLOCK29/SES291/SA291S22	SES275	-3.01903	4.29184	7.31087
BLOCK29/SES291/SA291S24	SES104	-0.581485	8.10164	8.68312
BLOCK29/SES291/SA291S24	SES125	-0.994428	7.68869	8.68312
BLOCK29/SES291/SA291S24	SES158	-0.664342	8.01878	8.68312
BLOCK29/SES291/SA291S24	SES275	-3.23029	5.45283	8.68312
BLOCK29/SES291/SA291S27	SES158	0.240885	8.10695	7.86606
BLOCK29/SES291/SA291S27	SES172	-3.86	4.00606	7.86606
BLOCK29/SES291/SA291S27	SES275	-3.10738	4.75868	7.86606
BLOCK29/SES291/SA291S27	SES292	-1.67779	6.18827	7.86606
