BLOCK00/SES002/SA002S12	SES002	0.686974	-50.6303	-51.3173
BLOCK00/SES002/SA002S13	SES002	1.80475	-50.242	-52.0467
BLOCK00/SES002/SA002S23	SES002	1.38997	-50.0681	-51.4581
BLOCK00/SES002/SA002S26	SES002	1.77469	-49.7116	-51.4863
BLOCK00/SES002/SA002S28	SES002	1.26402	-50.8359	-52.0999
BLOCK00/SES007/SA007S14	SES007	1.38359	-49.8003	-51.1839
BLOCK00/SES007/SA007S15	SES007	0.694935	-51.5961	-52.291
BLOCK00/SES007/SA007S24	SES007	0.973507	-51.3952	-52.3687
BLOCK00/SES007/SA007S27	SES007	0.578308	-52.1436	-52.7219
BLOCK00/SES007/SA007S29	SES007	0.584488	-51.1557	-51.7402
BLOCK00/SES008/SA008S11	SES008	1.53152	-50.8558	-52.3874
BLOCK00/SES008/SA008S12	SES008	0.443207	-52.0988	-52.542
BLOCK00/SES008/SA008S19	SES008	2.31216	-50.2749	-52.5871
BLOCK00/SES008/SA008S22	SES008	0.957355	-51.7188	-52.6761
BLOCK00/SES008/SA008S29	SES008	0.985172	-51.0618	-52.047
BLOCK01/SES014/SA014S10	SES014	2.20749	-50.8462	-53.0537
BLOCK01/SES014/SA014S12	SES014	2.89205	-48.2727	-51.1647
BLOCK01/SES014/SA014S24	SES014	1.61071	-50.2233	-51.834
BLOCK01/SES014/SA014S26	SES014	2.79983	-47.478	-50.2778
BLOCK01/SES014/SA014S28	SES014	2.99839	-48.3039	-51.3023
BLOCK01/SES016/SA016S12	SES016	1.55997	-52.6362	-54.1962
BLOCK01/SES016/SA016S13	SES016	1.31527	-51.6152	-52.9304
BLOCK01/SES016/SA016S22	SES016	0.538467	-52.3541	-52.8926
BLOCK01/SES016/SA016S25	SES016	1.58154	-49.3957	-50.9773
BLOCK01/SES016/SA016S27	SES016	1.53967	-49.7238	-51.2635
BLOCK01/SES019/SA019S13	SES019	3.00559	-50.8971	-53.9027
BLOCK01/SES019/SA019S14	SES019	1.96677	-51.285	-53.2517
BLOCK01/SES019/SA019S22	SES019	2.78579	-50.4677	-53.2535
BLOCK01/SES019/SA019S25	SES019	2.49027	-50.9954	-53.4857
BLOCK01/SES019/SA019S29	SES019	3.32891	-50.5093	-53.8382
BLOCK02/SES029/SA029S11	SES029	1.39372	-50.9189	-52.3127
BLOCK02/SES029/SA029S12	SES029	0.568275	-51.3543	-51.9226
BLOCK02/SES029/SA029S20	SES029	0.707489	-52.3172	-53.0247
BLOCK02/SES029/SA029S25	SES029	0.923878	-50.6984	-51.6223
BLOCK02/SES029/SA029S28	SES029	0.522861	-51.7639	-52.2868
BLOCK04/SES042/SA042S12	SES042	2.35277	-49.1263	-51.4791
BLOCK04/SES042/SA042S15	SES042	2.39322	-49.8912	-52.2844
BLOCK04/SES042/SA042S22	SES042	3.36745	-47.7092	-51.0767
BLOCK04/SES042/SA042S25	SES042	2.04583	-50.6793	-52.7251
BLOCK04/SES042/SA042S27	SES042	1.68504	-49.4695	-51.1545
BLOCK04/SES048/SA048S11	SES048	1.24244	-50.7877	-52.0301
BLOCK04/SES048/SA048S12	SES048	0.590946	-51.0961	-51.6871
BLOCK04/SES048/SA048S20	SES048	0.843014	-50.6775	-51.5205
BLOCK04/SES048/SA048S23	SES048	1.35327	-51.1797	-52.533
BLOCK04/SES048/SA048S27	SES048	0.654972	-50.2756	-50.9306
BLOCK06/SES060/SA060S11	SES060	1.25645	-50.9548	-52.2113
BLOCK06/SES060/SA060S12	SES060	-0.759995	-53.0185	-52.2585
BLOCK06/SES060/SA060S22	SES060	-0.432861	-53.7647	-53.3318
BLOCK06/SES060/SA060S24	SES060	1.13393	-50.8911	-52.0251
BLOCK06/SES060/SA060S28	SES060	1.73942	-48.5031	-50.2425
BLOCK06/SES062/SA062S10	SES062	0.767944	-51.0441	-51.812
BLOCK06/SES062/SA062S11	SES062	1.6745	-50.6648	-52.3393
BLOCK06/SES062/SA062S21	SES062	2.30931	-47.9125	-50.2218
BLOCK06/SES062/SA062S26	SES062	0.601135	-50.1605	-50.7616
BLOCK06/SES062/SA062S29	SES062	1.74904	-49.1635	-50.9125
BLOCK06/SES068/SA068S14	SES068	0.605614	-51.4028	-52.0084
BLOCK06/SES068/SA068S15	SES068	1.03335	-50.127	-51.1604
BLOCK06/SES068/SA068S23	SES068	0.778503	-52.0996	-52.8781
BLOCK06/SES068/SA068S27	SES068	1.67234	-49.8792	-51.5515
BLOCK06/SES068/SA068S29	SES068	0.928112	-50.8221	-51.7502
BLOCK08/SES082/SA082S12	SES082	0.896046	-52.0783	-52.9743
BLOCK08/SES082/SA082S14	SES082	0.112026	-52.8146	-52.9266
BLOCK08/SES082/SA082S21	SES082	0.510464	-52.076	-52.5865
BLOCK08/SES082/SA082S24	SES082	1.13898	-50.983	-52.122
BLOCK08/SES082/SA082S28	SES082	0.128223	-52.5609	-52.6891
BLOCK08/SES083/SA083S14	SES083	-0.270115	-52.127	-51.8569
BLOCK08/SES083/SA083S15	SES083	0.0850067	-51.5532	-51.6383
BLOCK08/SES083/SA083S24	SES083	-0.209316	-52.0651	-51.8557
BLOCK08/SES083/SA083S26	SES083	0.668667	-51.2319	-51.9006
BLOCK08/SES083/SA083S29	SES083	0.325729	-51.5264	-51.8521
BLOCK08/SES085/SA085S10	SES085	0.307186	-51.395	-51.7022
BLOCK08/SES085/SA085S13	SES085	0.844734	-51.5388	-52.3835
BLOCK08/SES085/SA085S22	SES085	-1.52013	-53.6783	-52.1582
BLOCK08/SES085/SA085S26	SES085	-0.434147	-52.2823	-51.8481
BLOCK08/SES085/SA085S28	SES085	0.906708	-51.1283	-52.035
BLOCK08/SES087/SA087S15	SES087	1.6797	-50.7862	-52.4659
BLOCK08/SES087/SA087S16	SES087	2.05471	-50.5254	-52.5801
BLOCK08/SES087/SA087S24	SES087	1.53913	-50.5699	-52.1091
BLOCK08/SES087/SA087S26	SES087	1.74752	-49.4408	-51.1883
BLOCK08/SES087/SA087S29	SES087	1.88697	-50.9532	-52.8401
BLOCK09/SES099/SA099S15	SES099	1.25926	-51.4878	-52.747
BLOCK09/SES099/SA099S16	SES099	1.22708	-50.9859	-52.213
BLOCK09/SES099/SA099S24	SES099	1.48612	-50.3381	-51.8242
BLOCK09/SES099/SA099S26	SES099	1.45423	-50.293	-51.7473
BLOCK09/SES099/SA099S29	SES099	1.52065	-50.3138	-51.8344
BLOCK10/SES101/SA101S11	SES101	0.343544	-51.1544	-51.498
BLOCK10/SES101/SA101S13	SES101	0.966549	-50.241	-51.2076
BLOCK10/SES101/SA101S22	SES101	0.985893	-51.932	-52.9178
BLOCK10/SES101/SA101S24	SES101	1.51389	-50.822	-52.3359
BLOCK10/SES101/SA101S28	SES101	0.536217	-52.0526	-52.5888
BLOCK10/SES104/SA104S11	SES104	0.977158	-49.9958	-50.973
BLOCK10/SES104/SA104S12	SES104	1.36359	-49.8849	-51.2485
BLOCK10/SES104/SA104S21	SES104	1.02558	-51.0704	-52.0959
BLOCK10/SES104/SA104S24	SES104	0.418156	-51.7649	-52.183
BLOCK10/SES104/SA104S28	SES104	1.09152	-51.0188	-52.1103
BLOCK10/SES105/SA105S12	SES105	0.853588	-52.3813	-53.2349
BLOCK10/SES105/SA105S13	SES105	0.872814	-51.7936	-52.6664
BLOCK10/SES105/SA105S22	SES105	0.250366	-52.9767	-53.2271
BLOCK10/SES105/SA105S26	SES105	1.38092	-51.5097	-52.8906
BLOCK10/SES105/SA105S29	SES105	0.770515	-51.8328	-52.6033
BLOCK10/SES106/SA106S09	SES106	1.08974	-52.2087	-53.2984
BLOCK10/SES106/SA106S11	SES106	1.68313	-50.0989	-51.782
BLOCK10/SES106/SA106S22	SES106	2.40635	-50.527	-52.9334
BLOCK10/SES106/SA106S27	SES106	0.892864	-51.6781	-52.571
BLOCK10/SES106/SA106S29	SES106	0.904213	-51.2545	-52.1587
BLOCK11/SES117/SA117S12	SES117	0.770283	-52.593	-53.3633
BLOCK11/SES117/SA117S13	SES117	0.874054	-51.5669	-52.441
BLOCK11/SES117/SA117S23	SES117	2.0088	-52.5551	-54.5639
BLOCK11/SES117/SA117S25	SES117	1.12875	-52.468	-53.5967
BLOCK11/SES117/SA117S28	SES117	1.28296	-52.6192	-53.9021
BLOCK12/SES120/SA120S08	SES120	1.62673	-52.7545	-54.3812
BLOCK12/SES120/SA120S11	SES120	0.394485	-54.82	-55.2145
BLOCK12/SES120/SA120S22	SES120	0.210949	-52.2495	-52.4605
BLOCK12/SES120/SA120S24	SES120	-0.0416489	-53.0274	-52.9858
BLOCK12/SES120/SA120S28	SES120	0.435608	-53.6683	-54.1039
BLOCK12/SES125/SA125S13	SES125	2.00111	-49.5883	-51.5894
BLOCK12/SES125/SA125S14	SES125	1.07861	-50.8525	-51.9311
BLOCK12/SES125/SA125S25	SES125	1.70344	-50.237	-51.9404
BLOCK12/SES125/SA125S27	SES125	1.87034	-49.1037	-50.9741
BLOCK12/SES125/SA125S29	SES125	1.67868	-50.3337	-52.0124
BLOCK12/SES127/SA127S11	SES127	0.903584	-51.7728	-52.6764
BLOCK12/SES127/SA127S12	SES127	-0.0457802	-51.7443	-51.6985
BLOCK12/SES127/SA127S23	SES127	0.54818	-51.8134	-52.3616
BLOCK12/SES127/SA127S25	SES127	0.427608	-51.9585	-52.3861
BLOCK12/SES127/SA127S27	SES127	1.23919	-50.8838	-52.123
BLOCK12/SES129/SA129S11	SES129	1.57005	-50.3734	-51.9435
BLOCK12/SES129/SA129S12	SES129	1.31604	-50.2825	-51.5985
BLOCK12/SES129/SA129S22	SES129	1.10795	-51.0108	-52.1187
BLOCK12/SES129/SA129S27	SES129	1.76338	-50.0751	-51.8385
BLOCK12/SES129/SA129S29	SES129	1.46912	-50.1078	-51.577
BLOCK14/SES142/SA142S11	SES142	2.18659	-51.3321	-53.5187
BLOCK14/SES142/SA142S12	SES142	0.607738	-52.9573	-53.565
BLOCK14/SES142/SA142S24	SES142	2.43147	-51.0088	-53.4403
BLOCK14/SES142/SA142S27	SES142	2.30042	-50.9876	-53.288
BLOCK14/SES142/SA142S29	SES142	2.55444	-50.0487	-52.6031
BLOCK14/SES143/SA143S12	SES143	1.10686	-52.0437	-53.1506
BLOCK14/SES143/SA143S13	SES143	0.928833	-52.142	-53.0708
BLOCK14/SES143/SA143S23	SES143	1.03099	-52.1488	-53.1798
BLOCK14/SES143/SA143S25	SES143	0.677086	-52.1578	-52.8349
BLOCK14/SES143/SA143S28	SES143	1.07018	-51.168	-52.2382
BLOCK14/SES144/SA144S09	SES144	0.8466	-51.5054	-52.352
BLOCK14/SES144/SA144S11	SES144	0.976616	-52.2144	-53.1911
BLOCK14/SES144/SA144S21	SES144	0.241562	-52.5268	-52.7683
BLOCK14/SES144/SA144S25	SES144	0.453033	-52.6049	-53.0579
BLOCK14/SES144/SA144S29	SES144	0.00062561	-52.4169	-52.4175
BLOCK14/SES146/SA146S14	SES146	0.883446	-52.2776	-53.1611
BLOCK14/SES146/SA146S15	SES146	0.442303	-52.3952	-52.8375
BLOCK14/SES146/SA146S24	SES146	0.259079	-52.5959	-52.855
BLOCK14/SES146/SA146S26	SES146	0.995434	-52.271	-53.2664
BLOCK14/SES146/SA146S29	SES146	0.292675	-53.0638	-53.3565
BLOCK14/SES147/SA147S11	SES147	2.10186	-51.834	-53.9359
BLOCK14/SES147/SA147S13	SES147	2.37479	-50.5125	-52.8873
BLOCK14/SES147/SA147S23	SES147	1.92471	-51.9904	-53.9151
BLOCK14/SES147/SA147S26	SES147	1.55576	-52.0317	-53.5874
BLOCK14/SES147/SA147S28	SES147	2.05511	-51.2747	-53.3299
BLOCK14/SES148/SA148S10	SES148	1.40311	-50.9462	-52.3493
BLOCK14/SES148/SA148S12	SES148	1.07301	-51.9544	-53.0274
BLOCK14/SES148/SA148S22	SES148	1.07674	-50.457	-51.5337
BLOCK14/SES148/SA148S26	SES148	0.861008	-51.0827	-51.9437
BLOCK14/SES148/SA148S29	SES148	0.505905	-52.1373	-52.6432
BLOCK14/SES149/SA149S13	SES149	-0.100548	-52.1183	-52.0178
BLOCK14/SES149/SA149S14	SES149	0.406178	-51.1681	-51.5742
BLOCK14/SES149/SA149S24	SES149	1.07826	-50.9364	-52.0146
BLOCK14/SES149/SA149S26	SES149	2.03104	-50.1207	-52.1517
BLOCK14/SES149/SA149S28	SES149	1.91565	-49.7516	-51.6672
BLOCK15/SES158/SA158S13	SES158	1.423	-51.6503	-53.0733
BLOCK15/SES158/SA158S14	SES158	2.21219	-51.0564	-53.2686
BLOCK15/SES158/SA158S23	SES158	1.14807	-51.3341	-52.4821
BLOCK15/SES158/SA158S26	SES158	2.02676	-51.0019	-53.0287
BLOCK15/SES158/SA158S28	SES158	1.11292	-51.6518	-52.7647
BLOCK16/SES162/SA162S10	SES162	0.227089	-52.6872	-52.9142
BLOCK16/SES162/SA162S11	SES162	0.996151	-51.4394	-52.4356
BLOCK16/SES162/SA162S21	SES162	1.63742	-51.2078	-52.8453
BLOCK16/SES162/SA162S24	SES162	0.893421	-52.0509	-52.9443
BLOCK16/SES162/SA162S27	SES162	1.59157	-51.5084	-53.0999
BLOCK16/SES167/SA167S14	SES167	1.02625	-50.4071	-51.4333
BLOCK16/SES167/SA167S15	SES167	1.69872	-50.9843	-52.683
BLOCK16/SES167/SA167S21	SES167	1.2672	-50.3714	-51.6386
BLOCK16/SES167/SA167S25	SES167	1.72974	-51.3269	-53.0566
BLOCK16/SES167/SA167S29	SES167	2.21647	-49.3589	-51.5754
BLOCK17/SES172/SA172S12	SES172	1.32065	-51.3954	-52.7161
BLOCK17/SES172/SA172S13	SES172	1.84986	-51.5048	-53.3546
BLOCK17/SES172/SA172S23	SES172	0.949249	-50.2129	-51.1622
BLOCK17/SES172/SA172S27	SES172	0.998016	-51.685	-52.683
BLOCK17/SES172/SA172S29	SES172	1.48561	-51.0889	-52.5745
BLOCK17/SES175/SA175S11	SES175	1.5921	-51.236	-52.8281
BLOCK17/SES175/SA175S13	SES175	1.09809	-51.4518	-52.5499
BLOCK17/SES175/SA175S23	SES175	1.94052	-51.2191	-53.1596
BLOCK17/SES175/SA175S25	SES175	1.23499	-53.018	-54.2529
BLOCK17/SES175/SA175S28	SES175	1.44949	-50.9768	-52.4263
BLOCK17/SES177/SA177S15	SES177	0.107613	-52.2223	-52.3299
BLOCK17/SES177/SA177S17	SES177	0.326809	-51.8262	-52.153
BLOCK17/SES177/SA177S23	SES177	-0.231213	-52.7392	-52.508
BLOCK17/SES177/SA177S26	SES177	0.931786	-49.8007	-50.7325
BLOCK17/SES177/SA177S28	SES177	0.87532	-50.6344	-51.5097
BLOCK18/SES180/SA180S13	SES180	0.330429	-52.1565	-52.4869
BLOCK18/SES180/SA180S15	SES180	0.874874	-52.1506	-53.0255
BLOCK18/SES180/SA180S24	SES180	0.740349	-50.5502	-51.2905
BLOCK18/SES180/SA180S26	SES180	1.0335	-51.0225	-52.056
BLOCK18/SES180/SA180S29	SES180	0.973118	-52.0001	-52.9732
BLOCK18/SES183/SA183S13	SES183	1.07824	-52.2899	-53.3682
BLOCK18/SES183/SA183S14	SES183	0.278755	-52.5661	-52.8449
BLOCK18/SES183/SA183S24	SES183	1.10682	-52.4956	-53.6024
BLOCK18/SES183/SA183S27	SES183	1.37945	-51.5944	-52.9739
BLOCK18/SES183/SA183S29	SES183	1.107	-51.4496	-52.5566
BLOCK18/SES187/SA187S13	SES187	0.957268	-52.7503	-53.7076
BLOCK18/SES187/SA187S14	SES187	0.936977	-52.5137	-53.4506
BLOCK18/SES187/SA187S24	SES187	1.54842	-51.4023	-52.9507
BLOCK18/SES187/SA187S27	SES187	1.28146	-51.6213	-52.9028
BLOCK18/SES187/SA187S29	SES187	0.899761	-52.1969	-53.0967
BLOCK18/SES189/SA189S10	SES189	1.91795	-53.4082	-55.3262
BLOCK18/SES189/SA189S13	SES189	2.61407	-53.5784	-56.1924
BLOCK18/SES189/SA189S24	SES189	2.23715	-52.7918	-55.029
BLOCK18/SES189/SA189S26	SES189	1.53018	-52.7389	-54.269
BLOCK18/SES189/SA189S29	SES189	2.26471	-52.2298	-54.4946
BLOCK20/SES202/SA202S12	SES202	1.16999	-53.2143	-54.3842
BLOCK20/SES202/SA202S14	SES202	2.76297	-50.3456	-53.1086
BLOCK20/SES202/SA202S24	SES202	1.71445	-51.7558	-53.4702
BLOCK20/SES202/SA202S27	SES202	1.86248	-50.2122	-52.0746
BLOCK20/SES202/SA202S29	SES202	1.96456	-50.4261	-52.3906
BLOCK20/SES206/SA206S15	SES206	0.0391083	-51.2406	-51.2797
BLOCK20/SES206/SA206S17	SES206	1.90141	-49.2034	-51.1048
BLOCK20/SES206/SA206S24	SES206	1.3816	-49.7351	-51.1167
BLOCK20/SES206/SA206S27	SES206	1.67278	-50.3277	-52.0005
BLOCK20/SES206/SA206S29	SES206	1.64458	-49.1373	-50.7819
BLOCK22/SES226/SA226S12	SES226	1.43227	-51.7156	-53.1479
BLOCK22/SES226/SA226S13	SES226	-0.518532	-52.6575	-52.139
BLOCK22/SES226/SA226S20	SES226	1.0096	-51.8044	-52.814
BLOCK22/SES226/SA226S23	SES226	1.39717	-50.9829	-52.3801
BLOCK22/SES226/SA226S28	SES226	1.68667	-50.7379	-52.4245
BLOCK25/SES259/SA259S13	SES259	3.03561	-49.2951	-52.3307
BLOCK25/SES259/SA259S14	SES259	1.88228	-50.4998	-52.3821
BLOCK25/SES259/SA259S22	SES259	1.55513	-50.6421	-52.1972
BLOCK25/SES259/SA259S24	SES259	1.80068	-49.503	-51.3037
BLOCK25/SES259/SA259S28	SES259	1.51963	-49.8746	-51.3942
BLOCK27/SES270/SA270S14	SES270	1.94561	-51.3802	-53.3258
BLOCK27/SES270/SA270S16	SES270	0.707607	-51.6756	-52.3832
BLOCK27/SES270/SA270S22	SES270	2.53885	-50.3825	-52.9214
BLOCK27/SES270/SA270S26	SES270	1.37944	-52.1359	-53.5153
BLOCK27/SES270/SA270S28	SES270	0.882065	-51.0427	-51.9248
BLOCK27/SES275/SA275S17	SES275	1.19984	-51.9661	-53.166
BLOCK27/SES275/SA275S18	SES275	0.379894	-52.0337	-52.4136
BLOCK27/SES275/SA275S24	SES275	0.776165	-53.0015	-53.7777
BLOCK27/SES275/SA275S26	SES275	1.20609	-51.189	-52.3951
BLOCK27/SES275/SA275S28	SES275	0.603317	-51.5459	-52.1492
BLOCK29/SES292/SA292S10	SES292	0.451927	-52.1668	-52.6187
BLOCK29/SES292/SA292S12	SES292	0.39378	-52.8382	-53.232
BLOCK29/SES292/SA292S22	SES292	0.841122	-51.2045	-52.0456
BLOCK29/SES292/SA292S24	SES292	0.350693	-51.6664	-52.0171
BLOCK29/SES292/SA292S27	SES292	0.368347	-51.2308	-51.5992
BLOCK00/SES001/SA001S14	SES062	-1.94976	-55.2936	-53.3438
BLOCK00/SES001/SA001S14	SES082	-3.21435	-56.5582	-53.3438
BLOCK00/SES001/SA001S14	SES106	-2.93644	-56.2802	-53.3438
BLOCK00/SES001/SA001S14	SES206	-4.3511	-57.6949	-53.3438
BLOCK00/SES001/SA001S15	SES062	-2.52171	-54.7333	-52.2116
BLOCK00/SES001/SA001S15	SES104	-3.84209	-56.0536	-52.2116
BLOCK00/SES001/SA001S15	SES106	-2.77375	-54.9853	-52.2116
BLOCK00/SES001/SA001S15	SES206	-3.95687	-56.1684	-52.2116
BLOCK00/SES001/SA001S24	SES062	-3.7048	-57.1257	-53.4209
BLOCK00/SES001/SA001S24	SES082	-2.74889	-56.1698	-53.4209
BLOCK00/SES001/SA001S24	SES087	-3.61681	-57.0377	-53.4209
BLOCK00/SES001/SA001S24	SES206	-2.48196	-55.9028	-53.4209
BLOCK00/SES001/SA001S27	SES062	-1.5924	-53.5464	-51.954
BLOCK00/SES001/SA001S27	SES082	-2.26888	-54.2229	-51.954
BLOCK00/SES001/SA001S27	SES087	-3.09919	-55.0532	-51.954
BLOCK00/SES001/SA001S27	SES206	-3.27464	-55.2287	-51.954
BLOCK00/SES001/SA001S29	SES062	-3.14121	-56.2752	-53.134
BLOCK00/SES001/SA001S29	SES082	-2.29991	-55.4339	-53.134
BLOCK00/SES001/SA001S29	SES158	-2.27335	-55.4074	-53.134
BLOCK00/SES001/SA001S29	SES206	-5.71777	-58.8518	-53.134
BLOCK00/SES003/SA003S11	SES002	-2.25402	-54.7393	-52.4853
BLOCK00/SES003/SA003S11	SES019	-1.58342	-54.0687	-52.4853
BLOCK00/SES003/SA003S11	SES082	-0.579491	-53.0648	-52.4853
BLOCK00/SES003/SA003S11	SES125	-1.59077	-54.0761	-52.4853
BLOCK00/SES003/SA003S15	SES016	-3.09267	-55.261	-52.1683
BLOCK00/SES003/SA003S15	SES019	-1.49611	-53.6644	-52.1683
BLOCK00/SES003/SA003S15	SES062	-2.02726	-54.1956	-52.1683
BLOCK00/SES003/SA003S15	SES206	-1.21367	-53.382	-52.1683
BLOCK00/SES003/SA003S22	SES002	-4.10608	-56.306	-52.1999
BLOCK00/SES003/SA003S22	SES062	-2.01122	-54.2111	-52.1999
BLOCK00/SES003/SA003S22	SES082	-1.53449	-53.7344	-52.1999
BLOCK00/SES003/SA003S22	SES087	-2.52355	-54.7235	-52.1999
BLOCK00/SES003/SA003S25	SES062	-2.56676	-55.6187	-53.0519
BLOCK00/SES003/SA003S25	SES082	-0.312122	-53.364	-53.0519
BLOCK00/SES003/SA003S25	SES087	-1.79765	-54.8496	-53.0519
BLOCK00/SES003/SA003S25	SES206	-2.28197	-55.3339	-53.0519
BLOCK00/SES003/SA003S29	SES002	-3.23854	-55.9944	-52.7558
BLOCK00/SES003/SA003S29	SES062	-2.43766	-55.1935	-52.7558
BLOCK00/SES003/SA003S29	SES082	-1.1449	-53.9007	-52.7558
BLOCK00/SES003/SA003S29	SES087	-2.67725	-55.4331	-52.7558
BLOCK00/SES004/SA004S12	SES083	-2.36792	-55.6567	-53.2888
BLOCK00/SES004/SA004S12	SES148	-2.3604	-55.6492	-53.2888
BLOCK00/SES004/SA004S12	SES172	-1.92179	-55.2106	-53.2888
BLOCK00/SES004/SA004S12	SES292	-1.83987	-55.1286	-53.2888
BLOCK00/SES004/SA004S17	SES083	-2.24957	-55.8376	-53.588
BLOCK00/SES004/SA004S17	SES162	-1.24532	-54.8333	-53.588
BLOCK00/SES004/SA004S17	SES172	-2.33329	-55.9213	-53.588
BLOCK00/SES004/SA004S17	SES292	-2.07187	-55.6599	-53.588
BLOCK00/SES004/SA004S24	SES083	-2.3716	-55.1916	-52.82
BLOCK00/SES004/SA004S24	SES148	-2.23882	-55.0588	-52.82
BLOCK00/SES004/SA004S24	SES172	-1.55776	-54.3777	-52.82
BLOCK00/SES004/SA004S24	SES292	-1.31186	-54.1318	-52.82
BLOCK00/SES004/SA004S26	SES083	-1.49292	-54.0479	-52.555
BLOCK00/SES004/SA004S26	SES127	-1.77602	-54.331	-52.555
BLOCK00/SES004/SA004S26	SES148	-2.63168	-55.1866	-52.555
BLOCK00/SES004/SA004S26	SES292	-2.05561	-54.6106	-52.555
BLOCK00/SES004/SA004S28	SES083	-2.26479	-54.1355	-51.8707
BLOCK00/SES004/SA004S28	SES127	-1.2048	-53.0755	-51.8707
BLOCK00/SES004/SA004S28	SES187	-1.52727	-53.3979	-51.8707
BLOCK00/SES004/SA004S28	SES292	-2.44459	-54.3153	-51.8707
BLOCK00/SES006/SA006S10	SES014	-3.41765	-58.1428	-54.7252
BLOCK00/SES006/SA006S10	SES158	-1.55643	-56.2816	-54.7252
BLOCK00/SES006/SA006S10	SES226	-4.19262	-58.9178	-54.7252
BLOCK00/SES006/SA006S10	SES270	-0.899334	-55.6245	-54.7252
BLOCK00/SES006/SA006S11	SES158	-1.48671	-55.9883	-54.5016
BLOCK00/SES006/SA006S11	SES226	-2.69456	-57.1961	-54.5016
BLOCK00/SES006/SA006S11	SES270	-0.832275	-55.3338	-54.5016
BLOCK00/SES006/SA006S11	SES275	-3.26684	-57.7684	-54.5016
BLOCK00/SES006/SA006S23	SES062	-2.11567	-55.4129	-53.2972
BLOCK00/SES006/SA006S23	SES105	-3.07217	-56.3694	-53.2972
BLOCK00/SES006/SA006S23	SES158	-1.15055	-54.4478	-53.2972
BLOCK00/SES006/SA006S23	SES275	-2.34828	-55.6455	-53.2972
BLOCK00/SES006/SA006S26	SES104	-2.73634	-55.5297	-52.7933
BLOCK00/SES006/SA006S26	SES158	-0.774757	-53.5681	-52.7933
BLOCK00/SES006/SA006S26	SES270	-0.0328865	-52.8262	-52.7933
BLOCK00/SES006/SA006S26	SES275	-3.57056	-56.3639	-52.7933
BLOCK00/SES006/SA006S28	SES007	-3.19494	-57.3674	-54.1725
BLOCK00/SES006/SA006S28	SES105	-3.50065	-57.6732	-54.1725
BLOCK00/SES006/SA006S28	SES158	-1.57679	-55.7493	-54.1725
BLOCK00/SES006/SA006S28	SES275	-4.37286	-58.5454	-54.1725
BLOCK00/SES009/SA009S12	SES083	-1.96819	-54.2718	-52.3036
BLOCK00/SES009/SA009S12	SES148	-1.36687	-53.6705	-52.3036
BLOCK00/SES009/SA009S12	SES177	-1.56942	-53.873	-52.3036
BLOCK00/SES009/SA009S12	SES292	-1.08824	-53.3918	-52.3036
BLOCK00/SES009/SA009S15	SES007	-0.0686684	-51.5498	-51.4811
BLOCK00/SES009/SA009S15	SES099	-9.91853	-61.3997	-51.4811
BLOCK00/SES009/SA009S15	SES148	-1.84745	-53.3286	-51.4811
BLOCK00/SES009/SA009S15	SES172	-1.5244	-53.0055	-51.4811
BLOCK00/SES009/SA009S24	SES146	-1.20981	-52.9571	-51.7473
BLOCK00/SES009/SA009S24	SES148	-1.66321	-53.4105	-51.7473
BLOCK00/SES009/SA009S24	SES177	-1.27607	-53.0233	-51.7473
BLOCK00/SES009/SA009S24	SES292	-1.02115	-52.7684	-51.7473
BLOCK00/SES009/SA009S26	SES083	-2.3852	-54.7187	-52.3335
BLOCK00/SES009/SA009S26	SES101	-1.87178	-54.2053	-52.3335
BLOCK00/SES009/SA009S26	SES120	-1.27663	-53.6102	-52.3335
BLOCK00/SES009/SA009S26	SES177	-1.91014	-54.2437	-52.3335
BLOCK00/SES009/SA009S29	SES083	-1.74865	-53.5609	-51.8122
BLOCK00/SES009/SA009S29	SES101	-1.71432	-53.5265	-51.8122
BLOCK00/SES009/SA009S29	SES177	-1.72477	-53.537	-51.8122
BLOCK00/SES009/SA009S29	SES292	-1.3245	-53.1367	-51.8122
BLOCK01/SES011/SA011S10	SES019	-2.07639	-54.1808	-52.1044
BLOCK01/SES011/SA011S10	SES042	-1.04728	-53.1517	-52.1044
BLOCK01/SES011/SA011S10	SES082	-2.97562	-55.08	-52.1044
BLOCK01/SES011/SA011S10	SES206	-1.30076	-53.4052	-52.1044
BLOCK01/SES011/SA011S11	SES019	-1.79767	-55.1896	-53.3919
BLOCK01/SES011/SA011S11	SES042	-1.65099	-55.0429	-53.3919
BLOCK01/SES011/SA011S11	SES082	-2.26831	-55.6602	-53.3919
BLOCK01/SES011/SA011S11	SES206	-1.0034	-54.3953	-53.3919
BLOCK01/SES011/SA011S22	SES019	-1.14721	-54.1616	-53.0144
BLOCK01/SES011/SA011S22	SES042	-1.29955	-54.3139	-53.0144
BLOCK01/SES011/SA011S22	SES082	-2.1638	-55.1782	-53.0144
BLOCK01/SES011/SA011S22	SES206	-1.37696	-54.3913	-53.0144
BLOCK01/SES011/SA011S24	SES019	-1.47911	-53.7697	-52.2906
BLOCK01/SES011/SA011S24	SES042	-0.999554	-53.2902	-52.2906
BLOCK01/SES011/SA011S24	SES104	-1.88144	-54.1721	-52.2906
BLOCK01/SES011/SA011S24	SES206	-0.782558	-53.0732	-52.2906
BLOCK01/SES011/SA011S27	SES082	-0.307549	-52.4403	-52.1328
BLOCK01/SES011/SA011S27	SES087	-1.61311	-53.7459	-52.1328
BLOCK01/SES011/SA011S27	SES125	-0.814835	-52.9476	-52.1328
BLOCK01/SES011/SA011S27	SES206	-0.940548	-53.0733	-52.1328
BLOCK01/SES012/SA012S11	SES007	-2.54561	-53.5745	-51.0289
BLOCK01/SES012/SA012S11	SES082	-1.53108	-52.5599	-51.0289
BLOCK01/SES012/SA012S11	SES083	-3.29369	-54.3225	-51.0289
BLOCK01/SES012/SA012S11	SES206	-0.772804	-51.8017	-51.0289
BLOCK01/SES012/SA012S14	SES082	-1.62951	-53.5108	-51.8812
BLOCK01/SES012/SA012S14	SES087	-2.38533	-54.2666	-51.8812
BLOCK01/SES012/SA012S14	SES206	-1.08151	-52.9628	-51.8812
BLOCK01/SES012/SA012S14	SES292	-4.11982	-56.0011	-51.8812
BLOCK01/SES012/SA012S24	SES082	-0.637432	-53.3013	-52.6639
BLOCK01/SES012/SA012S24	SES087	-1.82273	-54.4866	-52.6639
BLOCK01/SES012/SA012S24	SES120	-5.08075	-57.7446	-52.6639
BLOCK01/SES012/SA012S24	SES206	-0.845886	-53.5098	-52.6639
BLOCK01/SES012/SA012S26	SES019	-3.29624	-54.9995	-51.7033
BLOCK01/SES012/SA012S26	SES082	-1.92009	-53.6233	-51.7033
BLOCK01/SES012/SA012S26	SES206	-0.6063	-52.3096	-51.7033
BLOCK01/SES012/SA012S26	SES292	-3.66949	-55.3727	-51.7033
BLOCK01/SES012/SA012S29	SES062	-2.36224	-53.7872	-51.4249
BLOCK01/SES012/SA012S29	SES082	-1.17146	-52.5964	-51.4249
BLOCK01/SES012/SA012S29	SES083	-2.77886	-54.2038	-51.4249
BLOCK01/SES012/SA012S29	SES206	-1.3261	-52.751	-51.4249
BLOCK01/SES013/SA013S16	SES062	-4.26912	-56.5787	-52.3095
BLOCK01/SES013/SA013S16	SES106	-1.21149	-53.521	-52.3095
BLOCK01/SES013/SA013S16	SES206	-1.27615	-53.5857	-52.3095
BLOCK01/SES013/SA013S16	SES226	-0.863873	-53.1734	-52.3095
BLOCK01/SES013/SA013S17	SES062	-4.26462	-55.6226	-51.358
BLOCK01/SES013/SA013S17	SES106	-1.82027	-53.1783	-51.358
BLOCK01/SES013/SA013S17	SES206	-0.473877	-51.8319	-51.358
BLOCK01/SES013/SA013S17	SES226	-0.348637	-51.7066	-51.358
BLOCK01/SES013/SA013S23	SES104	-1.90174	-54.3567	-52.4549
BLOCK01/SES013/SA013S23	SES106	-1.06509	-53.52	-52.4549
BLOCK01/SES013/SA013S23	SES206	-1.45557	-53.9105	-52.4549
BLOCK01/SES013/SA013S23	SES270	-0.450111	-52.905	-52.4549
BLOCK01/SES013/SA013S25	SES042	-1.78622	-53.4529	-51.6667
BLOCK01/SES013/SA013S25	SES104	-1.68283	-53.3495	-51.6667
BLOCK01/SES013/SA013S25	SES106	-0.785954	-52.4527	-51.6667
BLOCK01/SES013/SA013S25	SES206	-1.57166	-53.2384	-51.6667
BLOCK01/SES013/SA013S29	SES062	-4.38173	-56.4355	-52.0538
BLOCK01/SES013/SA013S29	SES104	-2.31503	-54.3688	-52.0538
BLOCK01/SES013/SA013S29	SES106	-1.11731	-53.1711	-52.0538
BLOCK01/SES013/SA013S29	SES206	-1.54698	-53.6008	-52.0538
BLOCK02/SES021/SA021S13	SES016	-3.8224	-55.2919	-51.4695
BLOCK02/SES021/SA021S13	SES029	-3.37419	-54.8437	-51.4695
BLOCK02/SES021/SA021S13	SES087	-2.41844	-53.8879	-51.4695
BLOCK02/SES021/SA021S13	SES206	-1.24691	-52.7164	-51.4695
BLOCK02/SES021/SA021S15	SES087	-1.57016	-51.7366	-50.1664
BLOCK02/SES021/SA021S15	SES125	-1.05983	-51.2263	-50.1664
BLOCK02/SES021/SA021S15	SES206	-0.901989	-51.0684	-50.1664
BLOCK02/SES021/SA021S15	SES226	-1.75552	-51.922	-50.1664
BLOCK02/SES021/SA021S23	SES062	-3.54501	-56.1104	-52.5653
BLOCK02/SES021/SA021S23	SES087	-2.34128	-54.9066	-52.5653
BLOCK02/SES021/SA021S23	SES206	-2.36652	-54.9319	-52.5653
BLOCK02/SES021/SA021S23	SES226	-1.51657	-54.0819	-52.5653
BLOCK02/SES021/SA021S27	SES002	-2.33622	-53.5627	-51.2265
BLOCK02/SES021/SA021S27	SES016	-4.30911	-55.5356	-51.2265
BLOCK02/SES021/SA021S27	SES019	-2.42245	-53.6489	-51.2265
BLOCK02/SES021/SA021S27	SES062	-1.7885	-53.015	-51.2265
BLOCK02/SES021/SA021S29	SES087	-1.77052	-52.7577	-50.9872
BLOCK02/SES021/SA021S29	SES125	-1.37223	-52.3594	-50.9872
BLOCK02/SES021/SA021S29	SES206	-1.32753	-52.3147	-50.9872
BLOCK02/SES021/SA021S29	SES226	-1.47388	-52.4611	-50.9872
BLOCK04/SES043/SA043S09	SES083	-2.25143	-55.8316	-53.5801
BLOCK04/SES043/SA043S09	SES101	-2.99767	-56.5778	-53.5801
BLOCK04/SES043/SA043S09	SES144	-0.79837	-54.3785	-53.5801
BLOCK04/SES043/SA043S09	SES172	-4.2108	-57.7909	-53.5801
BLOCK04/SES043/SA043S11	SES083	-0.997066	-53.1225	-52.1254
BLOCK04/SES043/SA043S11	SES101	-1.56494	-53.6903	-52.1254
BLOCK04/SES043/SA043S11	SES144	-0.786095	-52.9115	-52.1254
BLOCK04/SES043/SA043S11	SES172	-1.77734	-53.9028	-52.1254
BLOCK04/SES043/SA043S23	SES083	-0.688972	-53.478	-52.789
BLOCK04/SES043/SA043S23	SES144	-0.0818443	-52.8708	-52.789
BLOCK04/SES043/SA043S23	SES177	-2.34893	-55.1379	-52.789
BLOCK04/SES043/SA043S23	SES275	-0.632042	-53.421	-52.789
BLOCK04/SES043/SA043S26	SES083	-1.01004	-53.6748	-52.6648
BLOCK04/SES043/SA043S26	SES101	-1.64368	-54.3085	-52.6648
BLOCK04/SES043/SA043S26	SES144	-0.368393	-53.0332	-52.6648
BLOCK04/SES043/SA043S26	SES177	-2.60997	-55.2748	-52.6648
BLOCK04/SES043/SA043S28	SES016	-1.62166	-53.6642	-52.0425
BLOCK04/SES043/SA043S28	SES083	-0.95668	-52.9992	-52.0425
BLOCK04/SES043/SA043S28	SES101	-1.08766	-53.1302	-52.0425
BLOCK04/SES043/SA043S28	SES144	-0.729939	-52.7724	-52.0425
BLOCK04/SES044/SA044S10	SES127	-2.74864	-58.4535	-55.7049
BLOCK04/SES044/SA044S10	SES144	-0.942352	-56.6472	-55.7049
BLOCK04/SES044/SA044S10	SES147	-5.41216	-61.117	-55.7049
BLOCK04/SES044/SA044S10	SES148	-3.84164	-59.5465	-55.7049
BLOCK04/SES044/SA044S11	SES101	-2.64681	-57.2304	-54.5836
BLOCK04/SES044/SA044S11	SES144	-0.248035	-54.8316	-54.5836
BLOCK04/SES044/SA044S11	SES147	-3.81062	-58.3942	-54.5836
BLOCK04/SES044/SA044S11	SES177	-2.54243	-57.126	-54.5836
BLOCK04/SES044/SA044S24	SES007	-3.34975	-57.2117	-53.862
BLOCK04/SES044/SA044S24	SES101	-1.64747	-55.5094	-53.862
BLOCK04/SES044/SA044S24	SES147	-3.91328	-57.7752	-53.862
BLOCK04/SES044/SA044S24	SES177	-2.13401	-55.996	-53.862
BLOCK04/SES044/SA044S26	SES007	-2.55414	-55.6875	-53.1334
BLOCK04/SES044/SA044S26	SES016	-1.35277	-54.4862	-53.1334
BLOCK04/SES044/SA044S26	SES101	-1.42936	-54.5628	-53.1334
BLOCK04/SES044/SA044S26	SES147	-2.3587	-55.4921	-53.1334
BLOCK04/SES044/SA044S29	SES007	-2.71766	-55.4077	-52.69
BLOCK04/SES044/SA044S29	SES101	-1.04369	-53.7337	-52.69
BLOCK04/SES044/SA044S29	SES147	-3.31845	-56.0085	-52.69
BLOCK04/SES044/SA044S29	SES177	-2.42312	-55.1131	-52.69
BLOCK04/SES046/SA046S13	SES101	-4.03281	-57.5434	-53.5105
BLOCK04/SES046/SA046S13	SES144	-0.98814	-54.4987	-53.5105
BLOCK04/SES046/SA046S13	SES147	-3.84593	-57.3565	-53.5105
BLOCK04/SES046/SA046S13	SES177	-1.52449	-55.035	-53.5105
BLOCK04/SES046/SA046S15	SES048	-2.42287	-54.5342	-52.1113
BLOCK04/SES046/SA046S15	SES083	-1.24931	-53.3606	-52.1113
BLOCK04/SES046/SA046S15	SES120	-3.1267	-55.238	-52.1113
BLOCK04/SES046/SA046S15	SES148	-1.77498	-53.8863	-52.1113
BLOCK04/SES046/SA046S22	SES101	-1.48741	-54.7699	-53.2825
BLOCK04/SES046/SA046S22	SES144	-1.27809	-54.5606	-53.2825
BLOCK04/SES046/SA046S22	SES147	-2.99174	-56.2742	-53.2825
BLOCK04/SES046/SA046S22	SES172	-2.06948	-55.352	-53.2825
BLOCK04/SES046/SA046S25	SES083	-1.76621	-54.553	-52.7868
BLOCK04/SES046/SA046S25	SES127	-1.99042	-54.7772	-52.7868
BLOCK04/SES046/SA046S25	SES144	-1.98682	-54.7736	-52.7868
BLOCK04/SES046/SA046S25	SES148	-1.45527	-54.242	-52.7868
BLOCK04/SES046/SA046S28	SES007	-5.54693	-59.1736	-53.6266
BLOCK04/SES046/SA046S28	SES105	-2.6881	-56.3147	-53.6266
BLOCK04/SES046/SA046S28	SES147	-2.5083	-56.1349	-53.6266
BLOCK04/SES046/SA046S28	SES148	-1.502	-55.1286	-53.6266
BLOCK04/SES049/SA049S16	SES104	-1.88894	-55.1898	-53.3008
BLOCK04/SES049/SA049S16	SES106	-1.84236	-55.1432	-53.3008
BLOCK04/SES049/SA049S16	SES120	-4.43863	-57.7395	-53.3008
BLOCK04/SES049/SA049S16	SES206	-1.17733	-54.4782	-53.3008
BLOCK04/SES049/SA049S18	SES099	-0.352474	-54.4645	-54.112
BLOCK04/SES049/SA049S18	SES104	-2.03519	-56.1472	-54.112
BLOCK04/SES049/SA049S18	SES125	-2.47063	-56.5827	-54.112
BLOCK04/SES049/SA049S18	SES206	-1.26625	-55.3783	-54.112
BLOCK04/SES049/SA049S25	SES087	-1.70506	-54.6491	-52.9441
BLOCK04/SES049/SA049S25	SES104	-1.13662	-54.0807	-52.9441
BLOCK04/SES049/SA049S25	SES125	-1.86053	-54.8046	-52.9441
BLOCK04/SES049/SA049S25	SES206	-0.877014	-53.8211	-52.9441
BLOCK04/SES049/SA049S27	SES099	-0.542419	-53.1902	-52.6478
BLOCK04/SES049/SA049S27	SES104	-0.592567	-53.2404	-52.6478
BLOCK04/SES049/SA049S27	SES125	-1.62255	-54.2703	-52.6478
BLOCK04/SES049/SA049S27	SES206	-1.448	-54.0958	-52.6478
BLOCK04/SES049/SA049S29	SES099	-0.0152893	-51.8952	-51.8799
BLOCK04/SES049/SA049S29	SES104	-0.178837	-52.0588	-51.8799
BLOCK04/SES049/SA049S29	SES125	-1.30639	-53.1863	-51.8799
BLOCK04/SES049/SA049S29	SES206	-0.512032	-52.392	-51.8799
BLOCK06/SES063/SA063S09	SES068	-2.03497	-54.6647	-52.6298
BLOCK06/SES063/SA063S09	SES083	-0.633495	-53.2633	-52.6298
BLOCK06/SES063/SA063S09	SES177	-1.59847	-54.2282	-52.6298
BLOCK06/SES063/SA063S09	SES187	-1.80171	-54.4315	-52.6298
BLOCK06/SES063/SA063S10	SES068	-2.16836	-55.4131	-53.2448
BLOCK06/SES063/SA063S10	SES083	-1.11024	-54.355	-53.2448
BLOCK06/SES063/SA063S10	SES172	-1.24969	-54.4945	-53.2448
BLOCK06/SES063/SA063S10	SES187	-1.19313	-54.4379	-53.2448
BLOCK06/SES063/SA063S20	SES068	-3.35552	-56.34	-52.9845
BLOCK06/SES063/SA063S20	SES083	-1.53	-54.5145	-52.9845
BLOCK06/SES063/SA063S20	SES172	-2.43602	-55.4205	-52.9845
BLOCK06/SES063/SA063S20	SES187	-0.724838	-53.7093	-52.9845
BLOCK06/SES063/SA063S24	SES029	-2.70652	-54.7179	-52.0113
BLOCK06/SES063/SA063S24	SES083	-0.648849	-52.6602	-52.0113
BLOCK06/SES063/SA063S24	SES177	-1.95247	-53.9638	-52.0113
BLOCK06/SES063/SA063S24	SES189	-1.32548	-53.3368	-52.0113
BLOCK06/SES063/SA063S27	SES083	-0.310795	-54.0355	-53.7247
BLOCK06/SES063/SA063S27	SES172	-1.52969	-55.2544	-53.7247
BLOCK06/SES063/SA063S27	SES187	-1.8458	-55.5705	-53.7247
BLOCK06/SES063/SA063S27	SES292	-2.40228	-56.127	-53.7247
BLOCK06/SES067/SA067S12	SES083	-2.5501	-55.0785	-52.5284
BLOCK06/SES067/SA067S12	SES172	-3.9892	-56.5176	-52.5284
BLOCK06/SES067/SA067S12	SES202	-0.570663	-53.0991	-52.5284
BLOCK06/SES067/SA067S12	SES292	-1.80854	-54.337	-52.5284
BLOCK06/SES067/SA067S14	SES085	-1.85459	-53.9149	-52.0603
BLOCK06/SES067/SA067S14	SES177	-1.56877	-53.6291	-52.0603
BLOCK06/SES067/SA067S14	SES183	-1.64553	-53.7059	-52.0603
BLOCK06/SES067/SA067S14	SES202	-0.586109	-52.6464	-52.0603
BLOCK06/SES067/SA067S21	SES144	-1.1721	-54.893	-53.7209
BLOCK06/SES067/SA067S21	SES177	-1.21778	-54.9387	-53.7209
BLOCK06/SES067/SA067S21	SES183	-3.32105	-57.042	-53.7209
BLOCK06/SES067/SA067S21	SES189	-0.434322	-54.1552	-53.7209
BLOCK06/SES067/SA067S25	SES085	-1.39611	-54.0413	-52.6452
BLOCK06/SES067/SA067S25	SES177	-1.44442	-54.0896	-52.6452
BLOCK06/SES067/SA067S25	SES183	-2.19031	-54.8355	-52.6452
BLOCK06/SES067/SA067S25	SES202	-0.66069	-53.3059	-52.6452
BLOCK06/SES067/SA067S29	SES085	-1.39532	-54.1284	-52.733
BLOCK06/SES067/SA067S29	SES177	-1.15025	-53.8833	-52.733
BLOCK06/SES067/SA067S29	SES183	-1.56887	-54.3019	-52.733
BLOCK06/SES067/SA067S29	SES202	-0.275661	-53.0087	-52.733
BLOCK06/SES069/SA069S12	SES029	-2.66703	-54.7593	-52.0923
BLOCK06/SES069/SA069S12	SES082	-0.950512	-53.0428	-52.0923
BLOCK06/SES069/SA069S12	SES087	-2.52927	-54.6215	-52.0923
BLOCK06/SES069/SA069S12	SES206	-1.71269	-53.8049	-52.0923
BLOCK06/SES069/SA069S13	SES029	-3.10907	-55.2728	-52.1637
BLOCK06/SES069/SA069S13	SES087	-3.12991	-55.2936	-52.1637
BLOCK06/SES069/SA069S13	SES206	-2.66307	-54.8268	-52.1637
BLOCK06/SES069/SA069S13	SES226	-1.33506	-53.4988	-52.1637
BLOCK06/SES069/SA069S23	SES029	-1.43937	-51.7917	-50.3523
BLOCK06/SES069/SA069S23	SES087	-3.5263	-53.8786	-50.3523
BLOCK06/SES069/SA069S23	SES206	-2.36894	-52.7213	-50.3523
BLOCK06/SES069/SA069S23	SES226	-1.41322	-51.7655	-50.3523
BLOCK06/SES069/SA069S25	SES087	-2.10894	-53.1332	-51.0242
BLOCK06/SES069/SA069S25	SES206	-2.16767	-53.1919	-51.0242
BLOCK06/SES069/SA069S25	SES226	-1.69213	-52.7164	-51.0242
BLOCK06/SES069/SA069S25	SES270	-1.48518	-52.5094	-51.0242
BLOCK06/SES069/SA069S27	SES087	-3.0378	-54.0712	-51.0334
BLOCK06/SES069/SA069S27	SES206	-1.43937	-52.4728	-51.0334
BLOCK06/SES069/SA069S27	SES226	-0.597622	-51.631	-51.0334
BLOCK06/SES069/SA069S27	SES270	-1.05564	-52.089	-51.0334
BLOCK08/SES081/SA081S11	SES060	-1.5501	-54.1882	-52.6381
BLOCK08/SES081/SA081S11	SES062	-2.75668	-55.3947	-52.6381
BLOCK08/SES081/SA081S11	SES117	-2.68401	-55.3221	-52.6381
BLOCK08/SES081/SA081S11	SES162	-2.1252	-54.7633	-52.6381
BLOCK08/SES081/SA081S13	SES016	-1.2135	-52.6986	-51.4851
BLOCK08/SES081/SA081S13	SES060	-0.463139	-51.9482	-51.4851
BLOCK08/SES081/SA081S13	SES068	-0.363598	-51.8487	-51.4851
BLOCK08/SES081/SA081S13	SES129	-1.85233	-53.3374	-51.4851
BLOCK08/SES081/SA081S24	SES060	-1.22486	-53.2583	-52.0334
BLOCK08/SES081/SA081S24	SES068	-1.63653	-53.6699	-52.0334
BLOCK08/SES081/SA081S24	SES117	-2.16808	-54.2015	-52.0334
BLOCK08/SES081/SA081S24	SES275	-2.99152	-55.0249	-52.0334
BLOCK08/SES081/SA081S27	SES007	-2.38672	-54.5776	-52.1909
BLOCK08/SES081/SA081S27	SES060	-2.11544	-54.3063	-52.1909
BLOCK08/SES081/SA081S27	SES117	-1.36044	-53.5513	-52.1909
BLOCK08/SES081/SA081S27	SES275	-2.56485	-54.7557	-52.1909
BLOCK08/SES081/SA081S29	SES007	-1.92359	-53.5767	-51.6531
BLOCK08/SES081/SA081S29	SES060	-1.24269	-52.8958	-51.6531
BLOCK08/SES081/SA081S29	SES117	-2.00999	-53.6631	-51.6531
BLOCK08/SES081/SA081S29	SES275	-2.65968	-54.3128	-51.6531
BLOCK08/SES086/SA086S11	SES029	-5.79768	-59.6729	-53.8752
BLOCK08/SES086/SA086S11	SES082	-1.78383	-55.659	-53.8752
BLOCK08/SES086/SA086S11	SES087	-0.994419	-54.8696	-53.8752
BLOCK08/SES086/SA086S11	SES206	-1.79199	-55.6672	-53.8752
BLOCK08/SES086/SA086S12	SES029	-6.20205	-59.0876	-52.8856
BLOCK08/SES086/SA086S12	SES082	-1.96939	-54.8549	-52.8856
BLOCK08/SES086/SA086S12	SES087	-0.0191879	-52.9047	-52.8856
BLOCK08/SES086/SA086S12	SES206	-1.27029	-54.1558	-52.8856
BLOCK08/SES086/SA086S20	SES029	-5.03413	-56.8172	-51.7831
BLOCK08/SES086/SA086S20	SES082	-2.1767	-53.9598	-51.7831
BLOCK08/SES086/SA086S20	SES087	0.318329	-51.4647	-51.7831
BLOCK08/SES086/SA086S20	SES206	-0.357803	-52.1409	-51.7831
BLOCK08/SES086/SA086S24	SES087	-0.397167	-53.032	-52.6349
BLOCK08/SES086/SA086S24	SES104	-1.79316	-54.428	-52.6349
BLOCK08/SES086/SA086S24	SES120	-5.14933	-57.7842	-52.6349
BLOCK08/SES086/SA086S24	SES206	-0.538956	-53.1738	-52.6349
BLOCK08/SES086/SA086S28	SES029	-3.93679	-55.6384	-51.7016
BLOCK08/SES086/SA086S28	SES082	-1.62663	-53.3282	-51.7016
BLOCK08/SES086/SA086S28	SES087	-0.251785	-51.9534	-51.7016
BLOCK08/SES086/SA086S28	SES206	-0.889034	-52.5906	-51.7016
BLOCK08/SES089/SA089S13	SES087	-2.75451	-55.282	-52.5275
BLOCK08/SES089/SA089S13	SES206	-2.84097	-55.3685	-52.5275
BLOCK08/SES089/SA089S13	SES226	-1.55322	-54.0808	-52.5275
BLOCK08/SES089/SA089S13	SES270	-2.8411	-55.3686	-52.5275
BLOCK08/SES089/SA089S14	SES062	-1.93751	-54.3258	-52.3883
BLOCK08/SES089/SA089S14	SES087	-1.04714	-53.4354	-52.3883
BLOCK08/SES089/SA089S14	SES206	-1.42211	-53.8104	-52.3883
BLOCK08/SES089/SA089S14	SES226	-1.11455	-53.5028	-52.3883
BLOCK08/SES089/SA089S23	SES087	-2.35534	-55.6957	-53.3404
BLOCK08/SES089/SA089S23	SES206	-2.37114	-55.7115	-53.3404
BLOCK08/SES089/SA089S23	SES226	-1.75213	-55.0925	-53.3404
BLOCK08/SES089/SA089S23	SES270	-2.94346	-56.2838	-53.3404
BLOCK08/SES089/SA089S25	SES062	-2.68329	-55.035	-52.3517
BLOCK08/SES089/SA089S25	SES087	-0.869366	-53.2211	-52.3517
BLOCK08/SES089/SA089S25	SES206	-1.89307	-54.2448	-52.3517
BLOCK08/SES089/SA089S25	SES226	-0.913464	-53.2652	-52.3517
BLOCK08/SES089/SA089S28	SES062	-2.45459	-54.8109	-52.3563
BLOCK08/SES089/SA089S28	SES087	-1.38199	-53.7383	-52.3563
BLOCK08/SES089/SA089S28	SES206	-1.00018	-53.3565	-52.3563
BLOCK08/SES089/SA089S28	SES226	-0.929146	-53.2855	-52.3563
BLOCK09/SES097/SA097S11	SES099	-0.162071	-53.0189	-52.8569
BLOCK09/SES097/SA097S11	SES125	-1.94459	-54.8014	-52.8569
BLOCK09/SES097/SA097S11	SES206	-2.0052	-54.8621	-52.8569
BLOCK09/SES097/SA097S11	SES226	-0.801849	-53.6587	-52.8569
BLOCK09/SES097/SA097S14	SES062	-3.403	-55.9945	-52.5915
BLOCK09/SES097/SA097S14	SES099	-0.836731	-53.4282	-52.5915
BLOCK09/SES097/SA097S14	SES104	-1.12098	-53.7125	-52.5915
BLOCK09/SES097/SA097S14	SES206	-1.88288	-54.4744	-52.5915
BLOCK09/SES097/SA097S22	SES099	0.0903625	-52.5216	-52.612
BLOCK09/SES097/SA097S22	SES206	-1.61081	-54.2228	-52.612
BLOCK09/SES097/SA097S22	SES226	-1.74969	-54.3617	-52.612
BLOCK09/SES097/SA097S22	SES270	-0.0595398	-52.6715	-52.612
BLOCK09/SES097/SA097S26	SES099	-0.245018	-52.1901	-51.9451
BLOCK09/SES097/SA097S26	SES120	-4.03791	-55.983	-51.9451
BLOCK09/SES097/SA097S26	SES206	-1.4833	-53.4284	-51.9451
BLOCK09/SES097/SA097S26	SES226	-1.83499	-53.7801	-51.9451
BLOCK09/SES097/SA097S28	SES099	-0.738747	-53.4267	-52.6879
BLOCK09/SES097/SA097S28	SES120	-3.07345	-55.7614	-52.6879
BLOCK09/SES097/SA097S28	SES206	-2.11846	-54.8064	-52.6879
BLOCK09/SES097/SA097S28	SES226	-2.51635	-55.2043	-52.6879
BLOCK09/SES098/SA098S11	SES127	-3.25625	-57.2074	-53.9511
BLOCK09/SES098/SA098S11	SES144	-1.50912	-55.4603	-53.9511
BLOCK09/SES098/SA098S11	SES147	-1.38196	-55.3331	-53.9511
BLOCK09/SES098/SA098S11	SES148	-3.32433	-57.2755	-53.9511
BLOCK09/SES098/SA098S12	SES127	-4.5986	-59.9059	-55.3073
BLOCK09/SES098/SA098S12	SES144	-2.47334	-57.7807	-55.3073
BLOCK09/SES098/SA098S12	SES147	-2.01925	-57.3266	-55.3073
BLOCK09/SES098/SA098S12	SES189	-1.16738	-56.4747	-55.3073
BLOCK09/SES098/SA098S20	SES127	-4.49576	-58.856	-54.3603
BLOCK09/SES098/SA098S20	SES147	-1.90575	-56.266	-54.3603
BLOCK09/SES098/SA098S20	SES148	-3.92925	-58.2895	-54.3603
BLOCK09/SES098/SA098S20	SES292	-3.83354	-58.1938	-54.3603
BLOCK09/SES098/SA098S23	SES127	-2.45078	-56.0259	-53.5751
BLOCK09/SES098/SA098S23	SES147	-1.36132	-54.9364	-53.5751
BLOCK09/SES098/SA098S23	SES187	-1.27951	-54.8546	-53.5751
BLOCK09/SES098/SA098S23	SES292	-2.38414	-55.9593	-53.5751
BLOCK09/SES098/SA098S27	SES127	-3.15753	-57.1468	-53.9892
BLOCK09/SES098/SA098S27	SES147	-2.68493	-56.6742	-53.9892
BLOCK09/SES098/SA098S27	SES148	-4.02374	-58.013	-53.9892
BLOCK09/SES098/SA098S27	SES292	-2.51588	-56.5051	-53.9892
BLOCK10/SES102/SA102S13	SES101	-1.49669	-55.3978	-53.9011
BLOCK10/SES102/SA102S13	SES105	-1.92179	-55.8229	-53.9011
BLOCK10/SES102/SA102S13	SES120	-1.84364	-55.7447	-53.9011
BLOCK10/SES102/SA102S13	SES158	-7.57515	-61.4762	-53.9011
BLOCK10/SES102/SA102S14	SES007	-0.632343	-52.6153	-51.9829
BLOCK10/SES102/SA102S14	SES101	-0.474903	-52.4578	-51.9829
BLOCK10/SES102/SA102S14	SES105	-0.742706	-52.7256	-51.9829
BLOCK10/SES102/SA102S14	SES147	-3.78512	-55.768	-51.9829
BLOCK10/SES102/SA102S22	SES007	-1.38195	-53.543	-52.161
BLOCK10/SES102/SA102S22	SES101	-0.470867	-52.6319	-52.161
BLOCK10/SES102/SA102S22	SES105	-0.795216	-52.9562	-52.161
BLOCK10/SES102/SA102S22	SES158	-4.51381	-56.6748	-52.161
BLOCK10/SES102/SA102S25	SES007	-1.2815	-53.432	-52.1505
BLOCK10/SES102/SA102S25	SES101	-0.437531	-52.588	-52.1505
BLOCK10/SES102/SA102S25	SES105	-1.01403	-53.1645	-52.1505
BLOCK10/SES102/SA102S25	SES147	-4.2366	-56.3871	-52.1505
BLOCK10/SES102/SA102S27	SES007	-1.46614	-54.2273	-52.7611
BLOCK10/SES102/SA102S27	SES101	-0.694706	-53.4559	-52.7611
BLOCK10/SES102/SA102S27	SES105	-1.38684	-54.148	-52.7611
BLOCK10/SES102/SA102S27	SES147	-3.38081	-56.142	-52.7611
BLOCK10/SES103/SA103S14	SES105	-3.74138	-57.7365	-53.9951
BLOCK10/SES103/SA103S14	SES106	-1.43614	-55.4313	-53.9951
BLOCK10/SES103/SA103S14	SES120	-4.18	-58.1751	-53.9951
BLOCK10/SES103/SA103S14	SES206	-1.56478	-55.5599	-53.9951
BLOCK10/SES103/SA103S15	SES099	-0.556549	-55.1029	-54.5464
BLOCK10/SES103/SA103S15	SES101	-4.79478	-59.3411	-54.5464
BLOCK10/SES103/SA103S15	SES104	-1.30295	-55.8493	-54.5464
BLOCK10/SES103/SA103S15	SES125	-1.54663	-56.093	-54.5464
BLOCK10/SES103/SA103S24	SES104	-1.48708	-54.7883	-53.3013
BLOCK10/SES103/SA103S24	SES125	-1.58752	-54.8888	-53.3013
BLOCK10/SES103/SA103S24	SES148	-3.94323	-57.2445	-53.3013
BLOCK10/SES103/SA103S24	SES158	-0.79195	-54.0932	-53.3013
BLOCK10/SES103/SA103S26	SES104	-1.85879	-55.9367	-54.0779
BLOCK10/SES103/SA103S26	SES106	-1.28876	-55.3667	-54.0779
BLOCK10/SES103/SA103S26	SES125	-2.04428	-56.1222	-54.0779
BLOCK10/SES103/SA103S26	SES148	-4.76575	-58.8437	-54.0779
BLOCK10/SES103/SA103S28	SES104	-2.58053	-57.5106	-54.9301
BLOCK10/SES103/SA103S28	SES106	-1.77028	-56.7004	-54.9301
BLOCK10/SES103/SA103S28	SES125	-3.0541	-57.9842	-54.9301
BLOCK10/SES103/SA103S28	SES206	-3.61374	-58.5438	-54.9301
BLOCK12/SES121/SA121S12	SES042	-3.00409	-57.9007	-54.8966
BLOCK12/SES121/SA121S12	SES087	-2.46521	-57.3618	-54.8966
BLOCK12/SES121/SA121S12	SES105	-2.15994	-57.0565	-54.8966
BLOCK12/SES121/SA121S12	SES206	-1.21576	-56.1124	-54.8966
BLOCK12/SES121/SA121S14	SES007	-4.06177	-59.4906	-55.4288
BLOCK12/SES121/SA121S14	SES105	-3.9062	-59.335	-55.4288
BLOCK12/SES121/SA121S14	SES106	-2.01487	-57.4437	-55.4288
BLOCK12/SES121/SA121S14	SES206	-1.57395	-57.0028	-55.4288
BLOCK12/SES121/SA121S23	SES105	-3.55575	-58.9514	-55.3956
BLOCK12/SES121/SA121S23	SES106	-1.62116	-57.0168	-55.3956
BLOCK12/SES121/SA121S23	SES120	-4.25515	-59.6508	-55.3956
BLOCK12/SES121/SA121S23	SES206	-1.50897	-56.9046	-55.3956
BLOCK12/SES121/SA121S25	SES007	-3.8232	-60.0737	-56.2505
BLOCK12/SES121/SA121S25	SES105	-4.19407	-60.4446	-56.2505
BLOCK12/SES121/SA121S25	SES106	-1.99519	-58.2457	-56.2505
BLOCK12/SES121/SA121S25	SES206	-2.43	-58.6805	-56.2505
BLOCK12/SES121/SA121S27	SES087	-0.765362	-55.3119	-54.5465
BLOCK12/SES121/SA121S27	SES105	-4.97953	-59.5261	-54.5465
BLOCK12/SES121/SA121S27	SES120	-4.00773	-58.5543	-54.5465
BLOCK12/SES121/SA121S27	SES206	-1.35303	-55.8996	-54.5465
BLOCK12/SES124/SA124S16	SES042	-1.05679	-53.9846	-52.9278
BLOCK12/SES124/SA124S16	SES082	-0.98135	-53.9092	-52.9278
BLOCK12/SES124/SA124S16	SES183	-4.02351	-56.9513	-52.9278
BLOCK12/SES124/SA124S16	SES206	-1.68276	-54.6106	-52.9278
BLOCK12/SES124/SA124S17	SES105	-4.01606	-57.7574	-53.7413
BLOCK12/SES124/SA124S17	SES149	-2.96592	-56.7072	-53.7413
BLOCK12/SES124/SA124S17	SES158	-2.67809	-56.4194	-53.7413
BLOCK12/SES124/SA124S17	SES275	-5.31293	-59.0543	-53.7413
BLOCK12/SES124/SA124S23	SES105	-3.74301	-54.7427	-50.9997
BLOCK12/SES124/SA124S23	SES125	-0.349968	-51.3497	-50.9997
BLOCK12/SES124/SA124S23	SES129	-4.60474	-55.6045	-50.9997
BLOCK12/SES124/SA124S23	SES158	-0.84874	-51.8485	-50.9997
BLOCK12/SES124/SA124S26	SES105	-5.10982	-57.0407	-51.9309
BLOCK12/SES124/SA124S26	SES125	-0.808784	-52.7397	-51.9309
BLOCK12/SES124/SA124S26	SES129	-5.37339	-57.3043	-51.9309
BLOCK12/SES124/SA124S26	SES158	-1.02975	-52.9607	-51.9309
BLOCK12/SES124/SA124S28	SES104	-0.87241	-52.7652	-51.8928
BLOCK12/SES124/SA124S28	SES106	-0.718193	-52.611	-51.8928
BLOCK12/SES124/SA124S28	SES125	-0.396706	-52.2895	-51.8928
BLOCK12/SES124/SA124S28	SES275	-5.28195	-57.1747	-51.8928
BLOCK12/SES126/SA126S13	SES007	-3.15559	-57.907	-54.7514
BLOCK12/SES126/SA126S13	SES162	-2.0631	-56.8145	-54.7514
BLOCK12/SES126/SA126S13	SES177	-1.494	-56.2454	-54.7514
BLOCK12/SES126/SA126S13	SES180	-2.24247	-56.9938	-54.7514
BLOCK12/SES126/SA126S14	SES144	-1.61311	-54.4453	-52.8322
BLOCK12/SES126/SA126S14	SES148	-1.78593	-54.6181	-52.8322
BLOCK12/SES126/SA126S14	SES177	-0.812355	-53.6445	-52.8322
BLOCK12/SES126/SA126S14	SES180	-1.54631	-54.3785	-52.8322
BLOCK12/SES126/SA126S20	SES007	-3.84539	-56.9464	-53.101
BLOCK12/SES126/SA126S20	SES162	-2.29991	-55.4009	-53.101
BLOCK12/SES126/SA126S20	SES172	-4.7905	-57.8915	-53.101
BLOCK12/SES126/SA126S20	SES180	-2.99965	-56.1007	-53.101
BLOCK12/SES126/SA126S24	SES120	-1.17639	-54.0565	-52.8801
BLOCK12/SES126/SA126S24	SES162	-1.68822	-54.5683	-52.8801
BLOCK12/SES126/SA126S24	SES177	-1.07862	-53.9587	-52.8801
BLOCK12/SES126/SA126S24	SES180	-0.887165	-53.7672	-52.8801
BLOCK12/SES126/SA126S26	SES120	-1.45949	-55.2508	-53.7913
BLOCK12/SES126/SA126S26	SES177	-1.00121	-54.7925	-53.7913
BLOCK12/SES126/SA126S26	SES180	-2.01238	-55.8037	-53.7913
BLOCK12/SES126/SA126S26	SES202	-3.10673	-56.898	-53.7913
BLOCK12/SES128/SA128S10	SES087	-3.23664	-55.6822	-52.4456
BLOCK12/SES128/SA128S10	SES206	-2.00355	-54.4492	-52.4456
BLOCK12/SES128/SA128S10	SES226	-1.42752	-53.8731	-52.4456
BLOCK12/SES128/SA128S10	SES270	-1.22776	-53.6734	-52.4456
BLOCK12/SES128/SA128S12	SES120	-3.44833	-55.8926	-52.4443
BLOCK12/SES128/SA128S12	SES158	-2.16519	-54.6095	-52.4443
BLOCK12/SES128/SA128S12	SES206	-1.64259	-54.0869	-52.4443
BLOCK12/SES128/SA128S12	SES226	-2.22998	-54.6743	-52.4443
BLOCK12/SES128/SA128S21	SES106	-3.55273	-56.9652	-53.4124
BLOCK12/SES128/SA128S21	SES120	-2.96921	-56.3816	-53.4124
BLOCK12/SES128/SA128S21	SES206	-3.46564	-56.8781	-53.4124
BLOCK12/SES128/SA128S21	SES226	-3.0503	-56.4627	-53.4124
BLOCK12/SES128/SA128S24	SES087	-3.46695	-56.8082	-53.3413
BLOCK12/SES128/SA128S24	SES120	-2.05187	-55.3931	-53.3413
BLOCK12/SES128/SA128S24	SES206	-3.38688	-56.7281	-53.3413
BLOCK12/SES128/SA128S24	SES226	-2.42845	-55.7697	-53.3413
BLOCK12/SES128/SA128S27	SES099	-1.4698	-53.6827	-52.2129
BLOCK12/SES128/SA128S27	SES120	-2.10495	-54.3179	-52.2129
BLOCK12/SES128/SA128S27	SES206	-1.85292	-54.0658	-52.2129
BLOCK12/SES128/SA128S27	SES226	-1.62049	-53.8334	-52.2129
BLOCK13/SES130/SA130S13	SES143	-2.40233	-56.9998	-54.5974
BLOCK13/SES130/SA130S13	SES144	-0.390556	-54.988	-54.5974
BLOCK13/SES130/SA130S13	SES146	-1.0779	-55.6753	-54.5974
BLOCK13/SES130/SA130S13	SES275	-3.87219	-58.4696	-54.5974
BLOCK13/SES130/SA130S15	SES143	-2.57632	-55.5582	-52.9819
BLOCK13/SES130/SA130S15	SES144	-0.741875	-53.7238	-52.9819
BLOCK13/SES130/SA130S15	SES146	-0.991947	-53.9739	-52.9819
BLOCK13/SES130/SA130S15	SES275	-1.77876	-54.7607	-52.9819
BLOCK13/SES130/SA130S23	SES127	-3.68264	-58.1979	-54.5153
BLOCK13/SES130/SA130S23	SES144	-1.65865	-56.174	-54.5153
BLOCK13/SES130/SA130S23	SES146	-1.49693	-56.0122	-54.5153
BLOCK13/SES130/SA130S23	SES162	-1.63077	-56.1461	-54.5153
BLOCK13/SES130/SA130S25	SES127	-1.82395	-54.5641	-52.7402
BLOCK13/SES130/SA130S25	SES144	-0.659023	-53.3992	-52.7402
BLOCK13/SES130/SA130S25	SES146	-0.784721	-53.5249	-52.7402
BLOCK13/SES130/SA130S25	SES275	-1.01011	-53.7503	-52.7402
BLOCK13/SES130/SA130S28	SES127	-2.00251	-54.8293	-52.8268
BLOCK13/SES130/SA130S28	SES144	-1.39434	-54.2211	-52.8268
BLOCK13/SES130/SA130S28	SES146	-1.56507	-54.3919	-52.8268
BLOCK13/SES130/SA130S28	SES275	-0.636387	-53.4632	-52.8268
BLOCK13/SES131/SA131S13	SES002	-3.62658	-58.7544	-55.1278
BLOCK13/SES131/SA131S13	SES007	-4.99936	-60.1272	-55.1278
BLOCK13/SES131/SA131S13	SES099	-2.41299	-57.5408	-55.1278
BLOCK13/SES131/SA131S13	SES105	-3.55073	-58.6786	-55.1278
BLOCK13/SES131/SA131S14	SES104	-1.32735	-54.4191	-53.0917
BLOCK13/SES131/SA131S14	SES106	-1.07987	-54.1716	-53.0917
BLOCK13/SES131/SA131S14	SES125	-1.7061	-54.7978	-53.0917
BLOCK13/SES131/SA131S14	SES148	-2.90229	-55.994	-53.0917
BLOCK13/SES131/SA131S20	SES104	-1.79119	-56.3673	-54.5762
BLOCK13/SES131/SA131S20	SES106	-1.14333	-55.7195	-54.5762
BLOCK13/SES131/SA131S20	SES125	-1.6867	-56.2629	-54.5762
BLOCK13/SES131/SA131S20	SES148	-4.69889	-59.275	-54.5762
BLOCK13/SES131/SA131S22	SES099	-1.34623	-54.9838	-53.6375
BLOCK13/SES131/SA131S22	SES104	-1.99059	-55.6281	-53.6375
BLOCK13/SES131/SA131S22	SES125	-1.97704	-55.6146	-53.6375
BLOCK13/SES131/SA131S22	SES206	-1.9306	-55.5681	-53.6375
BLOCK13/SES131/SA131S29	SES087	-1.67942	-55.8925	-54.2131
BLOCK13/SES131/SA131S29	SES104	-2.2916	-56.5047	-54.2131
BLOCK13/SES131/SA131S29	SES125	-2.15257	-56.3657	-54.2131
BLOCK13/SES131/SA131S29	SES206	-2.14477	-56.3579	-54.2131
BLOCK13/SES132/SA132S11	SES083	-2.78205	-55.0828	-52.3007
BLOCK13/SES132/SA132S11	SES120	-0.443794	-52.7445	-52.3007
BLOCK13/SES132/SA132S11	SES127	-1.59246	-53.8932	-52.3007
BLOCK13/SES132/SA132S11	SES275	-1.64989	-53.9506	-52.3007
BLOCK13/SES132/SA132S12	SES083	-2.0217	-54.293	-52.2713
BLOCK13/SES132/SA132S12	SES143	-1.4132	-53.6845	-52.2713
BLOCK13/SES132/SA132S12	SES144	-1.51522	-53.7865	-52.2713
BLOCK13/SES132/SA132S12	SES148	-1.70742	-53.9787	-52.2713
BLOCK13/SES132/SA132S22	SES062	-1.07344	-53.166	-52.0925
BLOCK13/SES132/SA132S22	SES083	-1.50886	-53.6014	-52.0925
BLOCK13/SES132/SA132S22	SES127	-1.23307	-53.3256	-52.0925
BLOCK13/SES132/SA132S22	SES275	-1.34618	-53.4387	-52.0925
BLOCK13/SES132/SA132S24	SES007	-1.04974	-53.1308	-52.081
BLOCK13/SES132/SA132S24	SES083	-2.68695	-54.768	-52.081
BLOCK13/SES132/SA132S24	SES127	-1.81522	-53.8962	-52.081
BLOCK13/SES132/SA132S24	SES275	-1.72431	-53.8053	-52.081
BLOCK13/SES132/SA132S27	SES083	-2.54123	-55.4932	-52.9519
BLOCK13/SES132/SA132S27	SES120	-0.390656	-53.3426	-52.9519
BLOCK13/SES132/SA132S27	SES127	-1.81989	-54.7718	-52.9519
BLOCK13/SES132/SA132S27	SES275	-2.30718	-55.2591	-52.9519
BLOCK14/SES141/SA141S09	SES143	-0.958305	-54.151	-53.1927
BLOCK14/SES141/SA141S09	SES144	-1.03866	-54.2313	-53.1927
BLOCK14/SES141/SA141S09	SES162	-1.13506	-54.3277	-53.1927
BLOCK14/SES141/SA141S09	SES180	-1.47044	-54.6631	-53.1927
BLOCK14/SES141/SA141S15	SES127	-1.34719	-54.3225	-52.9753
BLOCK14/SES141/SA141S15	SES144	-1.54167	-54.517	-52.9753
BLOCK14/SES141/SA141S15	SES162	-1.49002	-54.4654	-52.9753
BLOCK14/SES141/SA141S15	SES180	-1.00024	-53.9756	-52.9753
BLOCK14/SES141/SA141S24	SES127	-1.0916	-53.7337	-52.6421
BLOCK14/SES141/SA141S24	SES144	-1.93841	-54.5805	-52.6421
BLOCK14/SES141/SA141S24	SES162	-0.862	-53.5041	-52.6421
BLOCK14/SES141/SA141S24	SES183	-2.49548	-55.1376	-52.6421
BLOCK14/SES141/SA141S26	SES142	-1.50879	-55.0692	-53.5604
BLOCK14/SES141/SA141S26	SES144	-1.70906	-55.2695	-53.5604
BLOCK14/SES141/SA141S26	SES172	-2.4082	-55.9686	-53.5604
BLOCK14/SES141/SA141S26	SES180	-1.49462	-55.055	-53.5604
BLOCK14/SES141/SA141S29	SES127	-1.09932	-53.5946	-52.4953
BLOCK14/SES141/SA141S29	SES142	-0.228203	-52.7235	-52.4953
BLOCK14/SES141/SA141S29	SES144	-1.37517	-53.8705	-52.4953
BLOCK14/SES141/SA141S29	SES180	-0.781921	-53.2772	-52.4953
BLOCK15/SES157/SA157S08	SES083	-3.3887	-56.5942	-53.2055
BLOCK15/SES157/SA157S08	SES127	-2.55674	-55.7622	-53.2055
BLOCK15/SES157/SA157S08	SES148	-1.51613	-54.7216	-53.2055
BLOCK15/SES157/SA157S08	SES292	-2.50287	-55.7083	-53.2055
BLOCK15/SES157/SA157S11	SES083	-2.69716	-55.5298	-52.8327
BLOCK15/SES157/SA157S11	SES127	-2.17183	-55.0045	-52.8327
BLOCK15/SES157/SA157S11	SES148	-1.36761	-54.2003	-52.8327
BLOCK15/SES157/SA157S11	SES292	-2.05571	-54.8884	-52.8327
BLOCK15/SES157/SA157S21	SES127	-2.04057	-54.7239	-52.6834
BLOCK15/SES157/SA157S21	SES148	-1.15356	-53.8369	-52.6834
BLOCK15/SES157/SA157S21	SES158	-6.34112	-59.0245	-52.6834
BLOCK15/SES157/SA157S21	SES292	-1.94576	-54.6291	-52.6834
BLOCK15/SES157/SA157S24	SES127	-2.18824	-54.6761	-52.4879
BLOCK15/SES157/SA157S24	SES148	-1.62609	-54.1139	-52.4879
BLOCK15/SES157/SA157S24	SES183	-2.36651	-54.8544	-52.4879
BLOCK15/SES157/SA157S24	SES292	-2.50596	-54.9938	-52.4879
BLOCK15/SES157/SA157S26	SES007	-1.20764	-53.7263	-52.5187
BLOCK15/SES157/SA157S26	SES127	-1.55456	-54.0732	-52.5187
BLOCK15/SES157/SA157S26	SES147	-5.0868	-57.6055	-52.5187
BLOCK15/SES157/SA157S26	SES148	-1.23285	-53.7515	-52.5187
BLOCK16/SES161/SA161S10	SES007	-3.00634	-57.3798	-54.3735
BLOCK16/SES161/SA161S10	SES105	-2.00202	-56.3755	-54.3735
BLOCK16/SES161/SA161S10	SES158	-3.0397	-57.4131	-54.3735
BLOCK16/SES161/SA161S10	SES275	-2.3897	-56.7632	-54.3735
BLOCK16/SES161/SA161S12	SES007	-2.49368	-56.468	-53.9743
BLOCK16/SES161/SA161S12	SES105	-2.49538	-56.4697	-53.9743
BLOCK16/SES161/SA161S12	SES158	-1.9519	-55.9262	-53.9743
BLOCK16/SES161/SA161S12	SES275	-1.82799	-55.8023	-53.9743
BLOCK16/SES161/SA161S20	SES007	-2.85477	-58.238	-55.3833
BLOCK16/SES161/SA161S20	SES105	-3.09881	-58.4821	-55.3833
BLOCK16/SES161/SA161S20	SES158	-2.65522	-58.0385	-55.3833
BLOCK16/SES161/SA161S20	SES275	-3.28345	-58.6667	-55.3833
BLOCK16/SES161/SA161S23	SES007	-2.75465	-56.281	-53.5264
BLOCK16/SES161/SA161S23	SES105	-1.74877	-55.2751	-53.5264
BLOCK16/SES161/SA161S23	SES148	-2.93117	-56.4575	-53.5264
BLOCK16/SES161/SA161S23	SES158	-1.49274	-55.0191	-53.5264
BLOCK16/SES161/SA161S28	SES007	-4.00767	-57.763	-53.7554
BLOCK16/SES161/SA161S28	SES105	-3.13152	-56.8869	-53.7554
BLOCK16/SES161/SA161S28	SES158	-1.44538	-55.2007	-53.7554
BLOCK16/SES161/SA161S28	SES206	-2.21917	-55.9745	-53.7554
BLOCK16/SES164/SA164S11	SES104	-1.67198	-53.6906	-52.0186
BLOCK16/SES164/SA164S11	SES125	-0.83218	-52.8508	-52.0186
BLOCK16/SES164/SA164S11	SES158	-0.358963	-52.3776	-52.0186
BLOCK16/SES164/SA164S11	SES206	-1.8521	-53.8707	-52.0186
BLOCK16/SES164/SA164S13	SES099	-1.29372	-54.5735	-53.2798
BLOCK16/SES164/SA164S13	SES104	-2.09071	-55.3705	-53.2798
BLOCK16/SES164/SA164S13	SES125	-2.07255	-55.3523	-53.2798
BLOCK16/SES164/SA164S13	SES206	-1.99864	-55.2784	-53.2798
BLOCK16/SES164/SA164S24	SES002	-1.03487	-53.4791	-52.4443
BLOCK16/SES164/SA164S24	SES099	-0.993004	-53.4373	-52.4443
BLOCK16/SES164/SA164S24	SES125	-2.24639	-54.6907	-52.4443
BLOCK16/SES164/SA164S24	SES226	-1.39341	-53.8377	-52.4443
BLOCK16/SES164/SA164S27	SES087	-2.87207	-55.7131	-52.841
BLOCK16/SES164/SA164S27	SES125	-1.83044	-54.6715	-52.841
BLOCK16/SES164/SA164S27	SES206	-1.71125	-54.5523	-52.841
BLOCK16/SES164/SA164S27	SES226	-1.65669	-54.4977	-52.841
BLOCK16/SES164/SA164S29	SES002	-0.846981	-53.2551	-52.4081
BLOCK16/SES164/SA164S29	SES019	-2.5677	-54.9758	-52.4081
BLOCK16/SES164/SA164S29	SES125	-1.9888	-54.3969	-52.4081
BLOCK16/SES164/SA164S29	SES226	-2.22375	-54.6319	-52.4081
BLOCK16/SES169/SA169S13	SES117	-1.2871	-54.3877	-53.1006
BLOCK16/SES169/SA169S13	SES144	-1.40712	-54.5077	-53.1006
BLOCK16/SES169/SA169S13	SES146	-1.46431	-54.5649	-53.1006
BLOCK16/SES169/SA169S13	SES162	-1.67548	-54.776	-53.1006
BLOCK16/SES169/SA169S14	SES144	-1.37655	-53.2383	-51.8617
BLOCK16/SES169/SA169S14	SES148	-1.14143	-53.0032	-51.8617
BLOCK16/SES169/SA169S14	SES177	-1.43732	-53.299	-51.8617
BLOCK16/SES169/SA169S14	SES180	-2.3665	-54.2282	-51.8617
BLOCK16/SES169/SA169S24	SES117	-1.33831	-54.9576	-53.6193
BLOCK16/SES169/SA169S24	SES144	-1.0577	-54.677	-53.6193
BLOCK16/SES169/SA169S24	SES146	-1.44081	-55.0601	-53.6193
BLOCK16/SES169/SA169S24	SES162	-1.80166	-55.4209	-53.6193
BLOCK16/SES169/SA169S27	SES127	-1.78461	-54.7783	-52.9937
BLOCK16/SES169/SA169S27	SES129	-1.5312	-54.5249	-52.9937
BLOCK16/SES169/SA169S27	SES144	-1.70577	-54.6995	-52.9937
BLOCK16/SES169/SA169S27	SES146	-1.06697	-54.0607	-52.9937
BLOCK16/SES169/SA169S29	SES144	-0.88316	-53.4229	-52.5397
BLOCK16/SES169/SA169S29	SES162	-1.27149	-53.8112	-52.5397
BLOCK16/SES169/SA169S29	SES177	-2.67069	-55.2104	-52.5397
BLOCK16/SES169/SA169S29	SES180	-2.05092	-54.5906	-52.5397
BLOCK17/SES171/SA171S12	SES083	-1.89727	-55.5866	-53.6893
BLOCK17/SES171/SA171S12	SES148	-2.0425	-55.7318	-53.6893
BLOCK17/SES171/SA171S12	SES172	-1.8233	-55.5126	-53.6893
BLOCK17/SES171/SA171S12	SES292	-2.38086	-56.0701	-53.6893
BLOCK17/SES171/SA171S15	SES148	-1.84483	-55.9646	-54.1198
BLOCK17/SES171/SA171S15	SES177	-1.86094	-55.9807	-54.1198
BLOCK17/SES171/SA171S15	SES180	-4.26713	-58.3869	-54.1198
BLOCK17/SES171/SA171S15	SES292	-3.44698	-57.5667	-54.1198
BLOCK17/SES171/SA171S22	SES007	-2.63393	-55.5202	-52.8863
BLOCK17/SES171/SA171S22	SES148	-1.33426	-54.2205	-52.8863
BLOCK17/SES171/SA171S22	SES177	-1.17226	-54.0585	-52.8863
BLOCK17/SES171/SA171S22	SES180	-2.33829	-55.2246	-52.8863
BLOCK17/SES171/SA171S25	SES101	-2.71735	-56.7395	-54.0222
BLOCK17/SES171/SA171S25	SES120	-2.74011	-56.7623	-54.0222
BLOCK17/SES171/SA171S25	SES177	-1.6176	-55.6398	-54.0222
BLOCK17/SES171/SA171S25	SES180	-3.04926	-57.0714	-54.0222
BLOCK17/SES171/SA171S27	SES177	-0.757481	-54.2543	-53.4968
BLOCK17/SES171/SA171S27	SES180	-2.38838	-55.8852	-53.4968
BLOCK17/SES171/SA171S27	SES189	-1.1209	-54.6177	-53.4968
BLOCK17/SES171/SA171S27	SES292	-2.90738	-56.4042	-53.4968
BLOCK17/SES173/SA173S13	SES162	-2.74918	-57.3922	-54.643
BLOCK17/SES173/SA173S13	SES177	-2.74047	-57.3835	-54.643
BLOCK17/SES173/SA173S13	SES180	-2.93208	-57.5751	-54.643
BLOCK17/SES173/SA173S13	SES292	-1.48967	-56.1327	-54.643
BLOCK17/SES173/SA173S14	SES007	-4.75879	-59.638	-54.8792
BLOCK17/SES173/SA173S14	SES162	-3.0536	-57.9328	-54.8792
BLOCK17/SES173/SA173S14	SES177	-1.85963	-56.7388	-54.8792
BLOCK17/SES173/SA173S14	SES180	-3.74431	-58.6235	-54.8792
BLOCK17/SES173/SA173S24	SES144	-2.00105	-57.3432	-55.3421
BLOCK17/SES173/SA173S24	SES162	-3.3905	-58.7326	-55.3421
BLOCK17/SES173/SA173S24	SES177	-1.91169	-57.2538	-55.3421
BLOCK17/SES173/SA173S24	SES180	-3.38365	-58.7258	-55.3421
BLOCK17/SES173/SA173S27	SES162	-3.3385	-57.6119	-54.2734
BLOCK17/SES173/SA173S27	SES177	-1.76802	-56.0414	-54.2734
BLOCK17/SES173/SA173S27	SES180	-3.20615	-57.4795	-54.2734
BLOCK17/SES173/SA173S27	SES292	-2.5829	-56.8563	-54.2734
BLOCK17/SES173/SA173S29	SES162	-3.06909	-57.4714	-54.4023
BLOCK17/SES173/SA173S29	SES175	-1.41256	-55.8148	-54.4023
BLOCK17/SES173/SA173S29	SES177	-2.08523	-56.4875	-54.4023
BLOCK17/SES173/SA173S29	SES292	-2.13691	-56.5392	-54.4023
BLOCK18/SES182/SA182S10	SES144	-1.15697	-54.1717	-53.0147
BLOCK18/SES182/SA182S10	SES177	-1.41137	-54.4261	-53.0147
BLOCK18/SES182/SA182S10	SES180	-2.84269	-55.8574	-53.0147
BLOCK18/SES182/SA182S10	SES275	-1.33637	-54.3511	-53.0147
BLOCK18/SES182/SA182S12	SES144	-1.09681	-53.7008	-52.604
BLOCK18/SES182/SA182S12	SES177	-1.76979	-54.3738	-52.604
BLOCK18/SES182/SA182S12	SES180	-1.88668	-54.4907	-52.604
BLOCK18/SES182/SA182S12	SES275	-1.25241	-53.8564	-52.604
BLOCK18/SES182/SA182S21	SES117	-1.98668	-55.6891	-53.7024
BLOCK18/SES182/SA182S21	SES144	-1.65184	-55.3542	-53.7024
BLOCK18/SES182/SA182S21	SES162	-1.2455	-54.9479	-53.7024
BLOCK18/SES182/SA182S21	SES180	-2.16492	-55.8673	-53.7024
BLOCK18/SES182/SA182S23	SES117	-1.74048	-55.0333	-53.2928
BLOCK18/SES182/SA182S23	SES144	-1.62459	-54.9174	-53.2928
BLOCK18/SES182/SA182S23	SES180	-2.6944	-55.9872	-53.2928
BLOCK18/SES182/SA182S23	SES275	-1.92044	-55.2133	-53.2928
BLOCK18/SES182/SA182S25	SES007	-1.49087	-54.6493	-53.1584
BLOCK18/SES182/SA182S25	SES162	-0.963085	-54.1215	-53.1584
BLOCK18/SES182/SA182S25	SES177	-1.14434	-54.3027	-53.1584
BLOCK18/SES182/SA182S25	SES180	-1.82001	-54.9784	-53.1584
BLOCK18/SES184/SA184S12	SES177	-2.47983	-55.7077	-53.2278
BLOCK18/SES184/SA184S12	SES180	-2.04072	-55.2686	-53.2278
BLOCK18/SES184/SA184S12	SES189	-2.68599	-55.9138	-53.2278
BLOCK18/SES184/SA184S12	SES292	-1.44814	-54.676	-53.2278
BLOCK18/SES184/SA184S13	SES101	-2.43102	-55.6623	-53.2313
BLOCK18/SES184/SA184S13	SES177	-1.82256	-55.0539	-53.2313
BLOCK18/SES184/SA184S13	SES180	-2.32138	-55.5527	-53.2313
BLOCK18/SES184/SA184S13	SES292	-1.84317	-55.0745	-53.2313
BLOCK18/SES184/SA184S22	SES177	-2.20615	-54.3876	-52.1814
BLOCK18/SES184/SA184S22	SES180	-2.09879	-54.2802	-52.1814
BLOCK18/SES184/SA184S22	SES189	-3.64489	-55.8263	-52.1814
BLOCK18/SES184/SA184S22	SES292	-2.31102	-54.4925	-52.1814
BLOCK18/SES184/SA184S25	SES101	-1.801	-53.6651	-51.8641
BLOCK18/SES184/SA184S25	SES177	-2.52397	-54.3881	-51.8641
BLOCK18/SES184/SA184S25	SES180	-2.42904	-54.2932	-51.8641
BLOCK18/SES184/SA184S25	SES292	-1.37002	-53.2341	-51.8641
BLOCK18/SES184/SA184S27	SES083	-2.3267	-55.012	-52.6853
BLOCK18/SES184/SA184S27	SES177	-1.77565	-54.4609	-52.6853
BLOCK18/SES184/SA184S27	SES202	-3.42487	-56.1102	-52.6853
BLOCK18/SES184/SA184S27	SES292	-1.62442	-54.3097	-52.6853
BLOCK20/SES204/SA204S12	SES062	-2.56073	-54.2285	-51.6678
BLOCK20/SES204/SA204S12	SES083	-2.91701	-54.5848	-51.6678
BLOCK20/SES204/SA204S12	SES206	-1.25862	-52.9264	-51.6678
BLOCK20/SES204/SA204S12	SES226	-2.58331	-54.2511	-51.6678
BLOCK20/SES204/SA204S14	SES068	-2.32307	-53.3397	-51.0166
BLOCK20/SES204/SA204S14	SES087	-0.760128	-51.7767	-51.0166
BLOCK20/SES204/SA204S14	SES206	-1.98079	-52.9974	-51.0166
BLOCK20/SES204/SA204S14	SES226	-2.04504	-53.0616	-51.0166
BLOCK20/SES204/SA204S22	SES068	-3.1431	-54.8592	-51.7161
BLOCK20/SES204/SA204S22	SES082	-3.41903	-55.1351	-51.7161
BLOCK20/SES204/SA204S22	SES083	-4.17183	-55.8879	-51.7161
BLOCK20/SES204/SA204S22	SES206	-1.66305	-53.3791	-51.7161
BLOCK20/SES204/SA204S25	SES062	-3.15334	-55.0757	-51.9224
BLOCK20/SES204/SA204S25	SES083	-3.87731	-55.7997	-51.9224
BLOCK20/SES204/SA204S25	SES206	-1.08602	-53.0084	-51.9224
BLOCK20/SES204/SA204S25	SES226	-2.34381	-54.2662	-51.9224
BLOCK20/SES204/SA204S27	SES068	-3.8389	-56.1473	-52.3084
BLOCK20/SES204/SA204S27	SES082	-2.35583	-54.6642	-52.3084
BLOCK20/SES204/SA204S27	SES087	-1.00122	-53.3096	-52.3084
BLOCK20/SES204/SA204S27	SES206	-1.25627	-53.5646	-52.3084
BLOCK20/SES207/SA207S10	SES127	-1.3232	-54.7438	-53.4206
BLOCK20/SES207/SA207S10	SES183	-1.80672	-55.2273	-53.4206
BLOCK20/SES207/SA207S10	SES189	-1.46154	-54.8821	-53.4206
BLOCK20/SES207/SA207S10	SES292	-1.59039	-55.011	-53.4206
BLOCK20/SES207/SA207S11	SES127	-2.92572	-56.1576	-53.2319
BLOCK20/SES207/SA207S11	SES183	-2.36258	-55.5945	-53.2319
BLOCK20/SES207/SA207S11	SES187	-1.37927	-54.6112	-53.2319
BLOCK20/SES207/SA207S11	SES292	-1.84946	-55.0813	-53.2319
BLOCK20/SES207/SA207S25	SES068	-2.21288	-55.6097	-53.3969
BLOCK20/SES207/SA207S25	SES083	-2.7508	-56.1477	-53.3969
BLOCK20/SES207/SA207S25	SES127	-1.14759	-54.5444	-53.3969
BLOCK20/SES207/SA207S25	SES187	-0.69886	-54.0957	-53.3969
BLOCK20/SES207/SA207S27	SES127	-1.73282	-55.7328	-54
BLOCK20/SES207/SA207S27	SES183	-1.62104	-55.6211	-54
BLOCK20/SES207/SA207S27	SES187	-1.69133	-55.6913	-54
BLOCK20/SES207/SA207S27	SES292	-1.78484	-55.7849	-54
BLOCK20/SES207/SA207S29	SES083	-2.34594	-55.3699	-53.024
BLOCK20/SES207/SA207S29	SES085	-1.69824	-54.7222	-53.024
BLOCK20/SES207/SA207S29	SES172	-2.29696	-55.321	-53.024
BLOCK20/SES207/SA207S29	SES189	-2.0797	-55.1037	-53.024
BLOCK22/SES221/SA221S12	SES068	-2.38433	-55.4755	-53.0912
BLOCK22/SES221/SA221S12	SES143	-1.86839	-54.9596	-53.0912
BLOCK22/SES221/SA221S12	SES175	-0.692135	-53.7833	-53.0912
BLOCK22/SES221/SA221S12	SES202	-0.646271	-53.7375	-53.0912
BLOCK22/SES221/SA221S15	SES085	-3.18533	-57.5383	-54.353
BLOCK22/SES221/SA221S15	SES143	-2.89849	-57.2514	-54.353
BLOCK22/SES221/SA221S15	SES175	-1.71507	-56.068	-54.353
BLOCK22/SES221/SA221S15	SES187	-1.09367	-55.4466	-54.353
BLOCK22/SES221/SA221S23	SES068	-3.09949	-56.3827	-53.2832
BLOCK22/SES221/SA221S23	SES143	-2.60356	-55.8868	-53.2832
BLOCK22/SES221/SA221S23	SES175	-0.62756	-53.9108	-53.2832
BLOCK22/SES221/SA221S23	SES189	0.173378	-53.1098	-53.2832
BLOCK22/SES221/SA221S27	SES085	-4.04904	-57.4289	-53.3799
BLOCK22/SES221/SA221S27	SES143	-1.81801	-55.1979	-53.3799
BLOCK22/SES221/SA221S27	SES175	-1.0056	-54.3855	-53.3799
BLOCK22/SES221/SA221S27	SES189	0.9757	-52.4042	-53.3799
BLOCK22/SES221/SA221S29	SES085	-4.47502	-59.683	-55.208
BLOCK22/SES221/SA221S29	SES143	-2.53148	-57.7395	-55.208
BLOCK22/SES221/SA221S29	SES175	-1.50377	-56.7118	-55.208
BLOCK22/SES221/SA221S29	SES187	-0.0142708	-55.2223	-55.208
BLOCK22/SES223/SA223S11	SES143	-1.18972	-55.6708	-54.4811
BLOCK22/SES223/SA223S11	SES144	-2.73959	-57.2207	-54.4811
BLOCK22/SES223/SA223S11	SES175	-0.790939	-55.272	-54.4811
BLOCK22/SES223/SA223S11	SES187	-1.31303	-55.7941	-54.4811
BLOCK22/SES223/SA223S13	SES068	-3.16536	-58.3336	-55.1683
BLOCK22/SES223/SA223S13	SES143	-2.53537	-57.7036	-55.1683
BLOCK22/SES223/SA223S13	SES146	-2.62578	-57.7941	-55.1683
BLOCK22/SES223/SA223S13	SES202	-1.71434	-56.8826	-55.1683
BLOCK22/SES223/SA223S22	SES143	-1.31016	-55.5832	-54.273
BLOCK22/SES223/SA223S22	SES144	-2.18102	-56.454	-54.273
BLOCK22/SES223/SA223S22	SES175	-1.27067	-55.5437	-54.273
BLOCK22/SES223/SA223S22	SES187	-1.20751	-55.4805	-54.273
BLOCK22/SES223/SA223S25	SES068	-1.99469	-56.273	-54.2783
BLOCK22/SES223/SA223S25	SES143	-1.70584	-55.9841	-54.2783
BLOCK22/SES223/SA223S25	SES175	-0.525047	-54.8033	-54.2783
BLOCK22/SES223/SA223S25	SES187	-1.48723	-55.7655	-54.2783
BLOCK22/SES223/SA223S27	SES143	-0.696026	-55.1364	-54.4403
BLOCK22/SES223/SA223S27	SES146	-1.45641	-55.8967	-54.4403
BLOCK22/SES223/SA223S27	SES187	-0.910656	-55.351	-54.4403
BLOCK22/SES223/SA223S27	SES292	-2.26776	-56.7081	-54.4403
BLOCK27/SES273/SA273S12	SES099	-0.399017	-51.1387	-50.7397
BLOCK27/SES273/SA273S12	SES104	-0.703178	-51.4429	-50.7397
BLOCK27/SES273/SA273S12	SES125	-1.37006	-52.1097	-50.7397
BLOCK27/SES273/SA273S12	SES206	-0.617779	-51.3575	-50.7397
BLOCK27/SES273/SA273S13	SES099	-0.953518	-51.6422	-50.6887
BLOCK27/SES273/SA273S13	SES104	-1.12895	-51.8176	-50.6887
BLOCK27/SES273/SA273S13	SES206	-1.17818	-51.8668	-50.6887
BLOCK27/SES273/SA273S13	SES292	-3.74795	-54.4366	-50.6887
BLOCK27/SES273/SA273S21	SES099	-0.194244	-51.3575	-51.1633
BLOCK27/SES273/SA273S21	SES148	-3.54105	-54.7043	-51.1633
BLOCK27/SES273/SA273S21	SES149	-1.23907	-52.4024	-51.1633
BLOCK27/SES273/SA273S21	SES177	-4.25806	-55.4213	-51.1633
BLOCK27/SES273/SA273S25	SES104	-1.1507	-52.287	-51.1363
BLOCK27/SES273/SA273S25	SES125	-1.44338	-52.5797	-51.1363
BLOCK27/SES273/SA273S25	SES158	-0.774746	-51.9111	-51.1363
BLOCK27/SES273/SA273S25	SES206	-0.194069	-51.3304	-51.1363
BLOCK27/SES273/SA273S27	SES099	-0.669739	-51.8415	-51.1717
BLOCK27/SES273/SA273S27	SES104	-0.968105	-52.1398	-51.1717
BLOCK27/SES273/SA273S27	SES149	-0.94043	-52.1121	-51.1717
BLOCK27/SES273/SA273S27	SES275	-2.40873	-53.5804	-51.1717
BLOCK27/SES274/SA274S10	SES105	-2.02518	-53.513	-51.4879
BLOCK27/SES274/SA274S10	SES125	-0.7789	-52.2668	-51.4879
BLOCK27/SES274/SA274S10	SES129	-0.920795	-52.4087	-51.4879
BLOCK27/SES274/SA274S10	SES158	-1.54584	-53.0337	-51.4879
BLOCK27/SES274/SA274S11	SES105	-2.66121	-54.335	-51.6738
BLOCK27/SES274/SA274S11	SES149	-0.939995	-52.6138	-51.6738
BLOCK27/SES274/SA274S11	SES158	-1.43231	-53.1061	-51.6738
BLOCK27/SES274/SA274S11	SES275	-2.69324	-54.367	-51.6738
BLOCK27/SES274/SA274S21	SES105	-2.26193	-54.3793	-52.1174
BLOCK27/SES274/SA274S21	SES129	-1.34453	-53.4619	-52.1174
BLOCK27/SES274/SA274S21	SES149	-1.13232	-53.2497	-52.1174
BLOCK27/SES274/SA274S21	SES158	-2.1263	-54.2437	-52.1174
BLOCK27/SES274/SA274S24	SES105	-2.01821	-54.0216	-52.0034
BLOCK27/SES274/SA274S24	SES129	-2.19858	-54.202	-52.0034
BLOCK27/SES274/SA274S24	SES149	-0.766968	-52.7704	-52.0034
BLOCK27/SES274/SA274S24	SES158	-2.36172	-54.3651	-52.0034
BLOCK27/SES274/SA274S29	SES105	-3.07188	-54.9547	-51.8828
BLOCK27/SES274/SA274S29	SES106	-2.26339	-54.1462	-51.8828
BLOCK27/SES274/SA274S29	SES120	-2.81106	-54.6939	-51.8828
BLOCK27/SES274/SA274S29	SES275	-2.47183	-54.3546	-51.8828
BLOCK27/SES276/SA276S16	SES148	-2.10758	-55.4043	-53.2967
BLOCK27/SES276/SA276S16	SES172	-2.31662	-55.6133	-53.2967
BLOCK27/SES276/SA276S16	SES180	-3.97374	-57.2704	-53.2967
BLOCK27/SES276/SA276S16	SES292	-1.30828	-54.605	-53.2967
BLOCK27/SES276/SA276S17	SES101	-1.91433	-55.0509	-53.1365
BLOCK27/SES276/SA276S17	SES177	-1.94562	-55.0821	-53.1365
BLOCK27/SES276/SA276S17	SES180	-2.40395	-55.5405	-53.1365
BLOCK27/SES276/SA276S17	SES292	-1.79199	-54.9285	-53.1365
BLOCK27/SES276/SA276S24	SES101	-0.966038	-52.8984	-51.9324
BLOCK27/SES276/SA276S24	SES177	-1.48069	-53.413	-51.9324
BLOCK27/SES276/SA276S24	SES180	-2.25521	-54.1876	-51.9324
BLOCK27/SES276/SA276S24	SES292	-2.03034	-53.9627	-51.9324
BLOCK27/SES276/SA276S26	SES101	-2.19764	-54.5929	-52.3953
BLOCK27/SES276/SA276S26	SES177	-1.28169	-53.677	-52.3953
BLOCK27/SES276/SA276S26	SES180	-1.29802	-53.6933	-52.3953
BLOCK27/SES276/SA276S26	SES292	-1.0793	-53.4746	-52.3953
BLOCK27/SES276/SA276S28	SES101	-2.17807	-54.8522	-52.6741
BLOCK27/SES276/SA276S28	SES177	-1.8587	-54.5328	-52.6741
BLOCK27/SES276/SA276S28	SES180	-1.56838	-54.2425	-52.6741
BLOCK27/SES276/SA276S28	SES292	-1.87763	-54.5518	-52.6741
BLOCK27/SES277/SA277S12	SES101	-1.69857	-55.4059	-53.7073
BLOCK27/SES277/SA277S12	SES177	-2.75898	-56.4663	-53.7073
BLOCK27/SES277/SA277S12	SES180	-3.08188	-56.7892	-53.7073
BLOCK27/SES277/SA277S12	SES292	-3.30236	-57.0097	-53.7073
BLOCK27/SES277/SA277S14	SES177	-1.39743	-55.8488	-54.4513
BLOCK27/SES277/SA277S14	SES180	-2.20325	-56.6546	-54.4513
BLOCK27/SES277/SA277S14	SES189	-0.698662	-55.15	-54.4513
BLOCK27/SES277/SA277S14	SES292	-2.41247	-56.8638	-54.4513
BLOCK27/SES277/SA277S21	SES177	-1.11043	-53.6343	-52.5239
BLOCK27/SES277/SA277S21	SES180	-2.5081	-55.032	-52.5239
BLOCK27/SES277/SA277S21	SES189	-1.42012	-53.944	-52.5239
BLOCK27/SES277/SA277S21	SES292	-2.51964	-55.0435	-52.5239
BLOCK27/SES277/SA277S24	SES144	-1.45384	-55.8388	-54.3849
BLOCK27/SES277/SA277S24	SES177	-1.82597	-56.2109	-54.3849
BLOCK27/SES277/SA277S24	SES180	-3.16769	-57.5526	-54.3849
BLOCK27/SES277/SA277S24	SES189	-1.01213	-55.3971	-54.3849
BLOCK27/SES277/SA277S29	SES177	-0.797134	-52.9087	-52.1115
BLOCK27/SES277/SA277S29	SES180	-1.53391	-53.6454	-52.1115
BLOCK27/SES277/SA277S29	SES202	-1.82796	-53.9395	-52.1115
BLOCK27/SES277/SA277S29	SES292	-1.97698	-54.0885	-52.1115
BLOCK27/SES279/SA279S09	SES120	-1.81039	-53.9241	-52.1137
BLOCK27/SES279/SA279S09	SES146	-1.83546	-53.9491	-52.1137
BLOCK27/SES279/SA279S09	SES206	-2.79128	-54.905	-52.1137
BLOCK27/SES279/SA279S09	SES226	-3.19217	-55.3059	-52.1137
BLOCK27/SES279/SA279S10	SES099	-1.9073	-53.978	-52.0707
BLOCK27/SES279/SA279S10	SES206	-1.95094	-54.0217	-52.0707
BLOCK27/SES279/SA279S10	SES226	-3.04635	-55.1171	-52.0707
BLOCK27/SES279/SA279S10	SES292	-1.48691	-53.5576	-52.0707
BLOCK27/SES279/SA279S20	SES099	-3.15311	-55.7938	-52.6407
BLOCK27/SES279/SA279S20	SES206	-2.26582	-54.9065	-52.6407
BLOCK27/SES279/SA279S20	SES226	-3.14547	-55.7862	-52.6407
BLOCK27/SES279/SA279S20	SES292	-0.570591	-53.2113	-52.6407
BLOCK27/SES279/SA279S26	SES099	-2.74136	-55.1372	-52.3958
BLOCK27/SES279/SA279S26	SES206	-1.68211	-54.0779	-52.3958
BLOCK27/SES279/SA279S26	SES226	-2.61171	-55.0075	-52.3958
BLOCK27/SES279/SA279S26	SES292	-1.89785	-54.2937	-52.3958
BLOCK27/SES279/SA279S28	SES099	-2.94967	-53.9104	-50.9607
BLOCK27/SES279/SA279S28	SES120	-1.63825	-52.599	-50.9607
BLOCK27/SES279/SA279S28	SES177	-3.20557	-54.1663	-50.9607
BLOCK27/SES279/SA279S28	SES206	-3.44036	-54.4011	-50.9607
BLOCK29/SES290/SA290S12	SES162	-2.24714	-54.96	-52.7128
BLOCK29/SES290/SA290S12	SES177	-1.49657	-54.2094	-52.7128
BLOCK29/SES290/SA290S12	SES180	-2.653	-55.3658	-52.7128
BLOCK29/SES290/SA290S12	SES292	-2.61066	-55.3235	-52.7128
BLOCK29/SES290/SA290S13	SES007	-3.65734	-57.3313	-53.6739
BLOCK29/SES290/SA290S13	SES162	-2.77328	-56.4472	-53.6739
BLOCK29/SES290/SA290S13	SES177	-0.357708	-54.0316	-53.6739
BLOCK29/SES290/SA290S13	SES180	-2.16753	-55.8415	-53.6739
BLOCK29/SES290/SA290S22	SES177	-0.824589	-53.7688	-52.9442
BLOCK29/SES290/SA290S22	SES180	-1.38811	-54.3323	-52.9442
BLOCK29/SES290/SA290S22	SES202	-1.48361	-54.4278	-52.9442
BLOCK29/SES290/SA290S22	SES292	-2.45655	-55.4007	-52.9442
BLOCK29/SES290/SA290S25	SES162	-1.68585	-54.1351	-52.4493
BLOCK29/SES290/SA290S25	SES177	-1.32795	-53.7772	-52.4493
BLOCK29/SES290/SA290S25	SES180	-1.64828	-54.0976	-52.4493
BLOCK29/SES290/SA290S25	SES292	-2.24884	-54.6981	-52.4493
BLOCK29/SES290/SA290S29	SES177	-0.279514	-52.693	-52.4134
BLOCK29/SES290/SA290S29	SES180	-0.955215	-53.3687	-52.4134
BLOCK29/SES290/SA290S29	SES275	-2.3895	-54.8029	-52.4134
BLOCK29/SES290/SA290S29	SES292	-1.61809	-54.0315	-52.4134
BLOCK29/SES291/SA291S11	SES105	-4.75305	-57.5319	-52.7789
BLOCK29/SES291/SA291S11	SES125	-1.11482	-53.8937	-52.7789
BLOCK29/SES291/SA291S11	SES158	-1.9456	-54.7245	-52.7789
BLOCK29/SES291/SA291S11	SES275	-5.67578	-58.4547	-52.7789
BLOCK29/SES291/SA291S12	SES158	-0.589844	-52.8867	-52.2969
BLOCK29/SES291/SA291S12	SES226	-1.52103	-53.8179	-52.2969
BLOCK29/SES291/SA291S12	SES270	-0.332638	-52.6295	-52.2969
BLOCK29/SES291/SA291S12	SES275	-5.41183	-57.7087	-52.2969
BLOCK29/SES291/SA291S22	SES082	-1.40384	-53.4309	-52.0271
BLOCK29/SES291/SA291S22	SES158	-1.48715	-53.5142	-52.0271
BLOCK29/SES291/SA291S22	SES259	-1.97986	-54.0069	-52.0271
BLOCK29/SES291/SA291S22	SES275	-4.48961	-56.5167	-52.0271
BLOCK29/SES291/SA291S24	SES104	-0.828522	-51.9113	-51.0828
BLOCK29/SES291/SA291S24	SES125	-0.53828	-51.6211	-51.0828
BLOCK29/SES291/SA291S24	SES158	-0.973957	-52.0568	-51.0828
BLOCK29/SES291/SA291S24	SES275	-5.08582	-56.1686	-51.0828
BLOCK29/SES291/SA291S27	SES158	-0.582726	-51.9124	-51.3297
BLOCK29/SES291/SA291S27	SES172	-6.344	-57.6737	-51.3297
BLOCK29/SES291/SA291S27	SES275	-5.17294	-56.5026	-51.3297
BLOCK29/SES291/SA291S27	SES292	-4.36375	-55.6934	-51.3297
