BLOCK00/SES002/SA002S12	SES002	0.791511	-7.27777	-8.06928
BLOCK00/SES002/SA002S13	SES002	1.3597	-7.40888	-8.76858
BLOCK00/SES002/SA002S23	SES002	0.629628	-7.58289	-8.21252
BLOCK00/SES002/SA002S26	SES002	0.621264	-8.2596	-8.88086
BLOCK00/SES002/SA002S28	SES002	0.446779	-7.6588	-8.10558
BLOCK00/SES007/SA007S14	SES007	0.735505	-5.96145	-6.69696
BLOCK00/SES007/SA007S15	SES007	0.212801	-6.96459	-7.17739
BLOCK00/SES007/SA007S24	SES007	0.426001	-6.41737	-6.84338
BLOCK00/SES007/SA007S27	SES007	0.0575113	-7.90579	-7.9633
BLOCK00/SES007/SA007S29	SES007	-0.0324721	-6.80243	-6.76996
BLOCK00/SES008/SA008S11	SES008	0.888635	-6.40818	-7.29681
BLOCK00/SES008/SA008S12	SES008	-0.0852618	-7.26459	-7.17933
BLOCK00/SES008/SA008S19	SES008	0.855625	-6.65565	-7.51128
BLOCK00/SES008/SA008S22	SES008	0.316479	-7.31157	-7.62805
BLOCK00/SES008/SA008S29	SES008	1.07469	-6.18298	-7.25766
BLOCK01/SES014/SA014S10	SES014	0.825807	-6.93938	-7.76518
BLOCK01/SES014/SA014S12	SES014	1.32546	-6.25748	-7.58295
BLOCK01/SES014/SA014S24	SES014	1.07857	-7.24961	-8.32819
BLOCK01/SES014/SA014S26	SES014	1.67624	-5.82627	-7.50251
BLOCK01/SES014/SA014S28	SES014	1.77431	-5.54287	-7.31718
BLOCK01/SES016/SA016S12	SES016	1.26024	-8.38988	-9.65012
BLOCK01/SES016/SA016S13	SES016	0.517183	-6.86443	-7.38162
BLOCK01/SES016/SA016S22	SES016	0.721614	-6.61816	-7.33977
BLOCK01/SES016/SA016S25	SES016	1.2247	-4.99719	-6.22189
BLOCK01/SES016/SA016S27	SES016	0.931376	-6.20516	-7.13653
BLOCK01/SES019/SA019S13	SES019	3.00993	-5.89224	-8.90217
BLOCK01/SES019/SA019S14	SES019	1.31284	-7.64033	-8.95317
BLOCK01/SES019/SA019S22	SES019	2.10325	-6.37966	-8.48291
BLOCK01/SES019/SA019S25	SES019	1.76081	-6.87198	-8.63279
BLOCK01/SES019/SA019S29	SES019	3.65626	-6.37748	-10.0337
BLOCK02/SES029/SA029S11	SES029	0.405084	-5.93406	-6.33914
BLOCK02/SES029/SA029S12	SES029	-0.160043	-6.69124	-6.53119
BLOCK02/SES029/SA029S20	SES029	0.000349998	-6.3386	-6.33895
BLOCK02/SES029/SA029S25	SES029	-0.0905418	-7.1371	-7.04656
BLOCK02/SES029/SA029S28	SES029	-0.0140786	-6.68583	-6.67175
BLOCK04/SES042/SA042S12	SES042	0.928509	-6.4822	-7.41071
BLOCK04/SES042/SA042S15	SES042	1.40452	-5.60693	-7.01145
BLOCK04/SES042/SA042S22	SES042	1.86015	-6.87011	-8.73026
BLOCK04/SES042/SA042S25	SES042	0.98882	-7.97611	-8.96493
BLOCK04/SES042/SA042S27	SES042	1.77087	-6.73668	-8.50755
BLOCK04/SES048/SA048S11	SES048	0.492992	-5.98109	-6.47408
BLOCK04/SES048/SA048S12	SES048	0.0792398	-7.4958	-7.57504
BLOCK04/SES048/SA048S20	SES048	0.208042	-6.18928	-6.39732
BLOCK04/SES048/SA048S23	SES048	0.972295	-6.247	-7.2193
BLOCK04/SES048/SA048S27	SES048	0.143178	-7.17865	-7.32183
BLOCK06/SES060/SA060S11	SES060	0.740741	-6.52784	-7.26858
BLOCK06/SES060/SA060S12	SES060	0.668003	-7.38547	-8.05347
BLOCK06/SES060/SA060S22	SES060	-1.44649	-9.39334	-7.94685
BLOCK06/SES060/SA060S24	SES060	0.921318	-5.5182	-6.43952
BLOCK06/SES060/SA060S28	SES060	0.423534	-5.72132	-6.14486
BLOCK06/SES062/SA062S10	SES062	-0.0876431	-6.88517	-6.79753
BLOCK06/SES062/SA062S11	SES062	0.126037	-7.8743	-8.00034
BLOCK06/SES062/SA062S21	SES062	0.599027	-5.19678	-5.7958
BLOCK06/SES062/SA062S26	SES062	0.171813	-7.04111	-7.21293
BLOCK06/SES062/SA062S29	SES062	0.639698	-5.99981	-6.63951
BLOCK06/SES068/SA068S14	SES068	0.356591	-6.95674	-7.31333
BLOCK06/SES068/SA068S15	SES068	0.54103	-6.8483	-7.38933
BLOCK06/SES068/SA068S23	SES068	0.170574	-7.26446	-7.43503
BLOCK06/SES068/SA068S27	SES068	1.27682	-6.13713	-7.41394
BLOCK06/SES068/SA068S29	SES068	0.486639	-6.95359	-7.44023
BLOCK08/SES082/SA082S12	SES082	-0.36911	-8.43089	-8.06178
BLOCK08/SES082/SA082S14	SES082	-0.324504	-8.3185	-7.99399
BLOCK08/SES082/SA082S21	SES082	0.181829	-7.21003	-7.39186
BLOCK08/SES082/SA082S24	SES082	-0.491811	-8.33906	-7.84724
BLOCK08/SES082/SA082S28	SES082	0.355721	-7.43118	-7.7869
BLOCK08/SES083/SA083S14	SES083	-0.263912	-7.02679	-6.76287
BLOCK08/SES083/SA083S15	SES083	0.285714	-6.79236	-7.07807
BLOCK08/SES083/SA083S24	SES083	-0.00248241	-7.26292	-7.26043
BLOCK08/SES083/SA083S26	SES083	0.334641	-7.83952	-8.17416
BLOCK08/SES083/SA083S29	SES083	-0.139164	-7.59135	-7.45218
BLOCK08/SES085/SA085S10	SES085	0.648058	-6.02777	-6.67583
BLOCK08/SES085/SA085S13	SES085	-0.516318	-8.04958	-7.53326
BLOCK08/SES085/SA085S22	SES085	0.601538	-6.46856	-7.0701
BLOCK08/SES085/SA085S26	SES085	-0.152828	-7.3995	-7.24667
BLOCK08/SES085/SA085S28	SES085	0.17257	-7.13353	-7.3061
BLOCK08/SES087/SA087S15	SES087	0.81232	-7.55075	-8.36306
BLOCK08/SES087/SA087S16	SES087	1.36202	-7.08305	-8.44507
BLOCK08/SES087/SA087S24	SES087	1.02136	-7.34199	-8.36334
BLOCK08/SES087/SA087S26	SES087	0.693558	-6.40417	-7.09773
BLOCK08/SES087/SA087S29	SES087	1.04544	-6.30471	-7.35015
BLOCK09/SES099/SA099S15	SES099	0.602663	-7.65617	-8.25883
BLOCK09/SES099/SA099S16	SES099	1.03141	-6.8604	-7.8918
BLOCK09/SES099/SA099S24	SES099	0.58667	-7.45602	-8.04269
BLOCK09/SES099/SA099S26	SES099	1.01669	-6.6717	-7.6884
BLOCK09/SES099/SA099S29	SES099	0.693331	-7.58957	-8.2829
BLOCK10/SES101/SA101S11	SES101	0.2804	-6.20187	-6.48227
BLOCK10/SES101/SA101S13	SES101	0.317828	-5.23411	-5.55193
BLOCK10/SES101/SA101S22	SES101	0.493198	-7.38658	-7.87978
BLOCK10/SES101/SA101S24	SES101	0.377389	-6.54592	-6.92331
BLOCK10/SES101/SA101S28	SES101	0.166688	-6.99853	-7.16521
BLOCK10/SES104/SA104S11	SES104	0.367049	-6.56866	-6.9357
BLOCK10/SES104/SA104S12	SES104	0.472966	-7.25554	-7.72851
BLOCK10/SES104/SA104S21	SES104	0.527558	-7.32025	-7.84781
BLOCK10/SES104/SA104S24	SES104	-0.314644	-8.18601	-7.87136
BLOCK10/SES104/SA104S28	SES104	0.744788	-7.09469	-7.83948
BLOCK10/SES105/SA105S12	SES105	0.609883	-7.41478	-8.02466
BLOCK10/SES105/SA105S13	SES105	0.00894022	-7.26287	-7.27181
BLOCK10/SES105/SA105S22	SES105	0.271626	-8.11252	-8.38414
BLOCK10/SES105/SA105S26	SES105	0.390127	-7.6808	-8.07092
BLOCK10/SES105/SA105S29	SES105	0.915768	-5.99442	-6.91019
BLOCK10/SES106/SA106S09	SES106	0.712878	-7.662	-8.37488
BLOCK10/SES106/SA106S11	SES106	0.580892	-6.7748	-7.35569
BLOCK10/SES106/SA106S22	SES106	1.25221	-7.28042	-8.53263
BLOCK10/SES106/SA106S27	SES106	0.387393	-6.98329	-7.37069
BLOCK10/SES106/SA106S29	SES106	0.971309	-6.001	-6.97231
BLOCK11/SES117/SA117S12	SES117	0.717623	-7.38284	-8.10046
BLOCK11/SES117/SA117S13	SES117	-0.0496116	-7.74129	-7.69167
BLOCK11/SES117/SA117S23	SES117	0.662516	-8.30817	-8.97069
BLOCK11/SES117/SA117S25	SES117	0.644675	-7.57667	-8.22134
BLOCK11/SES117/SA117S28	SES117	0.928962	-7.34286	-8.27183
BLOCK12/SES120/SA120S08	SES120	0.445868	-7.23222	-7.67809
BLOCK12/SES120/SA120S11	SES120	0.455276	-10.0969	-10.5522
BLOCK12/SES120/SA120S22	SES120	0.0148592	-6.82075	-6.83561
BLOCK12/SES120/SA120S24	SES120	-0.0309014	-8.01314	-7.98223
BLOCK12/SES120/SA120S28	SES120	-0.139162	-8.12611	-7.98695
BLOCK12/SES125/SA125S13	SES125	0.765783	-6.82744	-7.59323
BLOCK12/SES125/SA125S14	SES125	0.576688	-7.43104	-8.00773
BLOCK12/SES125/SA125S25	SES125	0.816549	-7.57864	-8.39519
BLOCK12/SES125/SA125S27	SES125	1.20116	-6.17872	-7.37988
BLOCK12/SES125/SA125S29	SES125	0.176604	-7.02839	-7.20499
BLOCK12/SES127/SA127S11	SES127	-0.00960875	-7.50162	-7.49201
BLOCK12/SES127/SA127S12	SES127	0.568109	-5.59007	-6.15817
BLOCK12/SES127/SA127S23	SES127	0.219285	-6.32541	-6.5447
BLOCK12/SES127/SA127S25	SES127	0.162696	-6.47747	-6.64017
BLOCK12/SES127/SA127S27	SES127	0.406465	-6.67489	-7.08136
BLOCK12/SES129/SA129S11	SES129	0.791113	-5.89705	-6.68816
BLOCK12/SES129/SA129S12	SES129	0.50452	-5.81506	-6.31958
BLOCK12/SES129/SA129S22	SES129	0.871637	-6.50912	-7.38076
BLOCK12/SES129/SA129S27	SES129	0.783728	-6.48411	-7.26784
BLOCK12/SES129/SA129S29	SES129	0.296149	-7.77937	-8.07552
BLOCK14/SES142/SA142S11	SES142	0.693052	-6.3393	-7.03235
BLOCK14/SES142/SA142S12	SES142	0.32726	-7.28485	-7.61211
BLOCK14/SES142/SA142S24	SES142	0.784427	-6.29142	-7.07585
BLOCK14/SES142/SA142S27	SES142	0.79318	-6.18867	-6.98185
BLOCK14/SES142/SA142S29	SES142	0.99205	-5.97274	-6.96479
BLOCK14/SES143/SA143S12	SES143	0.606913	-6.69539	-7.3023
BLOCK14/SES143/SA143S13	SES143	0.400528	-7.02515	-7.42567
BLOCK14/SES143/SA143S23	SES143	0.0123339	-6.82623	-6.83857
BLOCK14/SES143/SA143S25	SES143	0.360662	-7.19885	-7.55951
BLOCK14/SES143/SA143S28	SES143	0.411217	-6.8305	-7.24171
BLOCK14/SES144/SA144S09	SES144	0.292448	-7.11193	-7.40438
BLOCK14/SES144/SA144S11	SES144	0.0709591	-7.00714	-7.0781
BLOCK14/SES144/SA144S21	SES144	-0.58379	-7.91866	-7.33487
BLOCK14/SES144/SA144S25	SES144	0.354182	-7.50426	-7.85844
BLOCK14/SES144/SA144S29	SES144	-0.593992	-8.1977	-7.60371
BLOCK14/SES146/SA146S14	SES146	0.182652	-7.61361	-7.79626
BLOCK14/SES146/SA146S15	SES146	0.0441771	-7.58466	-7.62883
BLOCK14/SES146/SA146S24	SES146	0.242887	-7.21619	-7.45907
BLOCK14/SES146/SA146S26	SES146	0.413939	-7.21426	-7.6282
BLOCK14/SES146/SA146S29	SES146	0.303037	-7.6229	-7.92594
BLOCK14/SES147/SA147S11	SES147	0.107103	-7.1213	-7.2284
BLOCK14/SES147/SA147S13	SES147	0.403171	-6.31532	-6.71849
BLOCK14/SES147/SA147S23	SES147	0.167711	-7.20191	-7.36962
BLOCK14/SES147/SA147S26	SES147	0.597969	-6.97448	-7.57245
BLOCK14/SES147/SA147S28	SES147	1.04592	-6.21328	-7.25919
BLOCK14/SES148/SA148S10	SES148	0.345011	-6.35135	-6.69636
BLOCK14/SES148/SA148S12	SES148	0.0350962	-7.59323	-7.62833
BLOCK14/SES148/SA148S22	SES148	0.652265	-6.39629	-7.04856
BLOCK14/SES148/SA148S26	SES148	-0.0253954	-6.12471	-6.09931
BLOCK14/SES148/SA148S29	SES148	0.124051	-7.1297	-7.25375
BLOCK14/SES149/SA149S13	SES149	-0.209324	-7.00432	-6.79499
BLOCK14/SES149/SA149S14	SES149	0.0391951	-6.27542	-6.31461
BLOCK14/SES149/SA149S24	SES149	0.551458	-6.65491	-7.20637
BLOCK14/SES149/SA149S26	SES149	0.503733	-5.98118	-6.48491
BLOCK14/SES149/SA149S28	SES149	1.41988	-4.85361	-6.27349
BLOCK15/SES158/SA158S13	SES158	0.660502	-6.95887	-7.61937
BLOCK15/SES158/SA158S14	SES158	0.810403	-7.7692	-8.57961
BLOCK15/SES158/SA158S23	SES158	0.724361	-6.01082	-6.73518
BLOCK15/SES158/SA158S26	SES158	1.38926	-7.00211	-8.39137
BLOCK15/SES158/SA158S28	SES158	0.451865	-7.42637	-7.87824
BLOCK16/SES162/SA162S10	SES162	0.320765	-7.93396	-8.25472
BLOCK16/SES162/SA162S11	SES162	0.32073	-6.29223	-6.61296
BLOCK16/SES162/SA162S21	SES162	0.750524	-6.59338	-7.3439
BLOCK16/SES162/SA162S24	SES162	0.457772	-6.75229	-7.21006
BLOCK16/SES162/SA162S27	SES162	1.01168	-7.67715	-8.68883
BLOCK16/SES167/SA167S14	SES167	0.752015	-6.17083	-6.92285
BLOCK16/SES167/SA167S15	SES167	0.887872	-6.06059	-6.94846
BLOCK16/SES167/SA167S21	SES167	1.07138	-5.82328	-6.89466
BLOCK16/SES167/SA167S25	SES167	1.35942	-6.29393	-7.65336
BLOCK16/SES167/SA167S29	SES167	1.47505	-5.39562	-6.87067
BLOCK17/SES172/SA172S12	SES172	0.643006	-7.72171	-8.36471
BLOCK17/SES172/SA172S13	SES172	0.994436	-7.23672	-8.23115
BLOCK17/SES172/SA172S23	SES172	0.63523	-6.66738	-7.30261
BLOCK17/SES172/SA172S27	SES172	0.632332	-7.98081	-8.61314
BLOCK17/SES172/SA172S29	SES172	1.11438	-6.83727	-7.95165
BLOCK17/SES175/SA175S11	SES175	-0.0584645	-7.25334	-7.19488
BLOCK17/SES175/SA175S13	SES175	0.251033	-5.30416	-5.55519
BLOCK17/SES175/SA175S23	SES175	0.372371	-6.15432	-6.52669
BLOCK17/SES175/SA175S25	SES175	-0.210963	-7.98017	-7.76921
BLOCK17/SES175/SA175S28	SES175	-0.0855656	-6.56414	-6.47857
BLOCK17/SES177/SA177S15	SES177	0.234962	-7.95957	-8.19454
BLOCK17/SES177/SA177S17	SES177	0.162946	-7.66362	-7.82656
BLOCK17/SES177/SA177S23	SES177	0.0507679	-7.81769	-7.86846
BLOCK17/SES177/SA177S26	SES177	0.508835	-5.51706	-6.02589
BLOCK17/SES177/SA177S28	SES177	0.666902	-7.26233	-7.92923
BLOCK18/SES180/SA180S13	SES180	-0.146245	-7.97461	-7.82837
BLOCK18/SES180/SA180S15	SES180	-0.0797858	-7.08861	-7.00883
BLOCK18/SES180/SA180S24	SES180	0.376123	-6.07851	-6.45463
BLOCK18/SES180/SA180S26	SES180	0.164069	-6.4722	-6.63627
BLOCK18/SES180/SA180S29	SES180	-0.378412	-7.98038	-7.60197
BLOCK18/SES183/SA183S13	SES183	1.14665	-6.52795	-7.6746
BLOCK18/SES183/SA183S14	SES183	-0.216297	-7.15403	-6.93773
BLOCK18/SES183/SA183S24	SES183	1.01272	-7.1886	-8.20133
BLOCK18/SES183/SA183S27	SES183	1.07553	-7.48782	-8.56335
BLOCK18/SES183/SA183S29	SES183	0.93954	-6.63588	-7.57542
BLOCK18/SES187/SA187S13	SES187	0.15603	-8.24709	-8.40312
BLOCK18/SES187/SA187S14	SES187	0.192976	-7.85721	-8.05019
BLOCK18/SES187/SA187S24	SES187	0.325476	-7.88339	-8.20887
BLOCK18/SES187/SA187S27	SES187	0.130094	-7.95417	-8.08426
BLOCK18/SES187/SA187S29	SES187	0.405572	-8.28061	-8.68618
BLOCK18/SES189/SA189S10	SES189	0.954129	-7.55281	-8.50694
BLOCK18/SES189/SA189S13	SES189	0.56774	-8.52591	-9.09365
BLOCK18/SES189/SA189S24	SES189	0.74859	-6.55337	-7.30196
BLOCK18/SES189/SA189S26	SES189	0.898311	-6.74152	-7.63983
BLOCK18/SES189/SA189S29	SES189	0.985693	-6.53648	-7.52218
BLOCK20/SES202/SA202S12	SES202	0.235669	-7.14066	-7.37633
BLOCK20/SES202/SA202S14	SES202	0.803178	-6.84329	-7.64647
BLOCK20/SES202/SA202S24	SES202	0.0396662	-7.94712	-7.98679
BLOCK20/SES202/SA202S27	SES202	0.70888	-6.2901	-6.99898
BLOCK20/SES202/SA202S29	SES202	0.565959	-6.73363	-7.29959
BLOCK20/SES206/SA206S15	SES206	-0.518397	-7.10289	-6.5845
BLOCK20/SES206/SA206S17	SES206	0.388506	-7.47894	-7.86745
BLOCK20/SES206/SA206S24	SES206	0.994489	-5.9115	-6.90599
BLOCK20/SES206/SA206S27	SES206	1.1405	-7.09909	-8.23959
BLOCK20/SES206/SA206S29	SES206	1.02291	-5.92984	-6.95275
BLOCK22/SES226/SA226S12	SES226	-nan	-nan	-8.08892
BLOCK22/SES226/SA226S13	SES226	-nan	-nan	-8.1973
BLOCK22/SES226/SA226S20	SES226	-nan	-nan	-8.02427
BLOCK22/SES226/SA226S23	SES226	-nan	-nan	-7.3875
BLOCK22/SES226/SA226S28	SES226	-nan	-nan	-7.61855
BLOCK25/SES259/SA259S13	SES259	1.81857	-6.20849	-8.02706
BLOCK25/SES259/SA259S14	SES259	1.11735	-6.30784	-7.42519
BLOCK25/SES259/SA259S22	SES259	1.48372	-5.87226	-7.35599
BLOCK25/SES259/SA259S24	SES259	0.885522	-6.64645	-7.53197
BLOCK25/SES259/SA259S28	SES259	0.976767	-6.4412	-7.41797
BLOCK27/SES270/SA270S14	SES270	1.56503	-6.95149	-8.51652
BLOCK27/SES270/SA270S16	SES270	0.150767	-7.18589	-7.33666
BLOCK27/SES270/SA270S22	SES270	2.00085	-6.29701	-8.29786
BLOCK27/SES270/SA270S26	SES270	0.74297	-7.32799	-8.07096
BLOCK27/SES270/SA270S28	SES270	0.725783	-7.00177	-7.72756
BLOCK27/SES275/SA275S17	SES275	0.443814	-6.62127	-7.06508
BLOCK27/SES275/SA275S18	SES275	0.0399866	-7.01975	-7.05973
BLOCK27/SES275/SA275S24	SES275	0.288645	-7.39886	-7.68751
BLOCK27/SES275/SA275S26	SES275	0.575754	-6.79209	-7.36785
BLOCK27/SES275/SA275S28	SES275	0.287296	-6.97827	-7.26557
BLOCK29/SES292/SA292S10	SES292	-0.498274	-7.11796	-6.61969
BLOCK29/SES292/SA292S12	SES292	0.0025053	-8.22981	-8.23232
BLOCK29/SES292/SA292S22	SES292	0.0590143	-7.38512	-7.44414
BLOCK29/SES292/SA292S24	SES292	0.0633183	-7.1759	-7.23922
BLOCK29/SES292/SA292S27	SES292	-0.223974	-7.13373	-6.90976
BLOCK00/SES001/SA001S14	SES062	-1.66999	-9.69531	-8.02532
BLOCK00/SES001/SA001S14	SES082	-0.655314	-8.68063	-8.02532
BLOCK00/SES001/SA001S14	SES106	-1.57592	-9.60123	-8.02532
BLOCK00/SES001/SA001S14	SES206	-1.43031	-9.45562	-8.02532
BLOCK00/SES001/SA001S15	SES062	-1.20295	-8.54838	-7.34543
BLOCK00/SES001/SA001S15	SES104	-1.89414	-9.23956	-7.34543
BLOCK00/SES001/SA001S15	SES106	-1.55901	-8.90444	-7.34543
BLOCK00/SES001/SA001S15	SES206	-1.68805	-9.03348	-7.34543
BLOCK00/SES001/SA001S24	SES062	-1.19249	-8.47618	-7.28369
BLOCK00/SES001/SA001S24	SES082	-1.10631	-8.39	-7.28369
BLOCK00/SES001/SA001S24	SES087	-0.92112	-8.20481	-7.28369
BLOCK00/SES001/SA001S24	SES206	-0.413935	-7.69763	-7.28369
BLOCK00/SES001/SA001S27	SES062	-0.344133	-6.39524	-6.05111
BLOCK00/SES001/SA001S27	SES082	-0.534036	-6.58514	-6.05111
BLOCK00/SES001/SA001S27	SES087	-0.374647	-6.42575	-6.05111
BLOCK00/SES001/SA001S27	SES206	-1.09474	-7.14585	-6.05111
BLOCK00/SES001/SA001S29	SES062	-1.42765	-8.84387	-7.41622
BLOCK00/SES001/SA001S29	SES082	-1.07117	-8.48738	-7.41622
BLOCK00/SES001/SA001S29	SES158	-1.11718	-8.5334	-7.41622
BLOCK00/SES001/SA001S29	SES206	-1.61957	-9.03578	-7.41622
BLOCK00/SES003/SA003S11	SES002	-0.372437	-8.3739	-8.00146
BLOCK00/SES003/SA003S11	SES019	-1.43562	-9.43708	-8.00146
BLOCK00/SES003/SA003S11	SES082	-0.538116	-8.53958	-8.00146
BLOCK00/SES003/SA003S11	SES125	-1.135	-9.13646	-8.00146
BLOCK00/SES003/SA003S15	SES016	-1.52239	-8.61474	-7.09235
BLOCK00/SES003/SA003S15	SES019	-3.20883	-10.3012	-7.09235
BLOCK00/SES003/SA003S15	SES062	0.188379	-6.90397	-7.09235
BLOCK00/SES003/SA003S15	SES206	-0.6822	-7.77455	-7.09235
BLOCK00/SES003/SA003S22	SES002	-1.0133	-8.17574	-7.16243
BLOCK00/SES003/SA003S22	SES062	-0.305581	-7.46802	-7.16243
BLOCK00/SES003/SA003S22	SES082	-0.706676	-7.86911	-7.16243
BLOCK00/SES003/SA003S22	SES087	-0.529033	-7.69147	-7.16243
BLOCK00/SES003/SA003S25	SES062	-1.89945	-10.6408	-8.74138
BLOCK00/SES003/SA003S25	SES082	-1.91151	-10.6529	-8.74138
BLOCK00/SES003/SA003S25	SES087	-1.37433	-10.1157	-8.74138
BLOCK00/SES003/SA003S25	SES206	-1.20333	-9.94471	-8.74138
BLOCK00/SES003/SA003S29	SES002	-1.29121	-9.2397	-7.94849
BLOCK00/SES003/SA003S29	SES062	-2.47781	-10.4263	-7.94849
BLOCK00/SES003/SA003S29	SES082	-1.42278	-9.37127	-7.94849
BLOCK00/SES003/SA003S29	SES087	-1.76432	-9.71281	-7.94849
BLOCK00/SES004/SA004S12	SES083	-1.23182	-7.88849	-6.65667
BLOCK00/SES004/SA004S12	SES148	-0.832487	-7.48915	-6.65667
BLOCK00/SES004/SA004S12	SES172	-0.127609	-6.78428	-6.65667
BLOCK00/SES004/SA004S12	SES292	-1.26052	-7.91718	-6.65667
BLOCK00/SES004/SA004S17	SES083	-0.986547	-7.85597	-6.86942
BLOCK00/SES004/SA004S17	SES162	-1.129	-7.99843	-6.86942
BLOCK00/SES004/SA004S17	SES172	-0.762414	-7.63184	-6.86942
BLOCK00/SES004/SA004S17	SES292	-1.66199	-8.53141	-6.86942
BLOCK00/SES004/SA004S24	SES083	-1.15684	-7.74013	-6.58329
BLOCK00/SES004/SA004S24	SES148	-1.47979	-8.06308	-6.58329
BLOCK00/SES004/SA004S24	SES172	-0.307612	-6.8909	-6.58329
BLOCK00/SES004/SA004S24	SES292	-1.05216	-7.63546	-6.58329
BLOCK00/SES004/SA004S26	SES083	-1.82214	-9.09609	-7.27395
BLOCK00/SES004/SA004S26	SES127	-0.841687	-8.11564	-7.27395
BLOCK00/SES004/SA004S26	SES148	-2.37998	-9.65393	-7.27395
BLOCK00/SES004/SA004S26	SES292	-1.58125	-8.8552	-7.27395
BLOCK00/SES004/SA004S28	SES083	-1.37773	-8.0647	-6.68696
BLOCK00/SES004/SA004S28	SES127	-0.37289	-7.05985	-6.68696
BLOCK00/SES004/SA004S28	SES187	-0.247858	-6.93482	-6.68696
BLOCK00/SES004/SA004S28	SES292	-1.59547	-8.28243	-6.68696
BLOCK00/SES006/SA006S10	SES014	-1.24228	-10.4763	-9.23404
BLOCK00/SES006/SA006S10	SES158	-1.36828	-10.6023	-9.23404
BLOCK00/SES006/SA006S10	SES226	-nan	-nan	-9.23404
BLOCK00/SES006/SA006S10	SES270	0.0534306	-9.18061	-9.23404
BLOCK00/SES006/SA006S11	SES158	-1.999	-10.6484	-8.64938
BLOCK00/SES006/SA006S11	SES226	-nan	-nan	-8.64938
BLOCK00/SES006/SA006S11	SES270	-0.104051	-8.75343	-8.64938
BLOCK00/SES006/SA006S11	SES275	-2.00065	-10.65	-8.64938
BLOCK00/SES006/SA006S23	SES062	-3.45135	-12.1474	-8.69604
BLOCK00/SES006/SA006S23	SES105	-3.28615	-11.9822	-8.69604
BLOCK00/SES006/SA006S23	SES158	-1.74714	-10.4432	-8.69604
BLOCK00/SES006/SA006S23	SES275	-2.61583	-11.3119	-8.69604
BLOCK00/SES006/SA006S26	SES104	-3.34927	-12.244	-8.89469
BLOCK00/SES006/SA006S26	SES158	-1.79377	-10.6885	-8.89469
BLOCK00/SES006/SA006S26	SES270	-0.0170841	-8.91177	-8.89469
BLOCK00/SES006/SA006S26	SES275	-1.88179	-10.7765	-8.89469
BLOCK00/SES006/SA006S28	SES007	-2.5361	-11.6305	-9.0944
BLOCK00/SES006/SA006S28	SES105	-2.68835	-11.7828	-9.0944
BLOCK00/SES006/SA006S28	SES158	-1.61631	-10.7107	-9.0944
BLOCK00/SES006/SA006S28	SES275	-2.18783	-11.2822	-9.0944
BLOCK00/SES009/SA009S12	SES083	-2.35938	-9.65558	-7.2962
BLOCK00/SES009/SA009S12	SES148	-1.47706	-8.77326	-7.2962
BLOCK00/SES009/SA009S12	SES177	-0.87964	-8.17584	-7.2962
BLOCK00/SES009/SA009S12	SES292	-1.21491	-8.51111	-7.2962
BLOCK00/SES009/SA009S15	SES007	-0.0987229	-6.77362	-6.67489
BLOCK00/SES009/SA009S15	SES099	-2.77993	-9.45483	-6.67489
BLOCK00/SES009/SA009S15	SES148	-1.43749	-8.11239	-6.67489
BLOCK00/SES009/SA009S15	SES172	-1.03893	-7.71382	-6.67489
BLOCK00/SES009/SA009S24	SES146	-0.830406	-8.14919	-7.31878
BLOCK00/SES009/SA009S24	SES148	-2.02287	-9.34165	-7.31878
BLOCK00/SES009/SA009S24	SES177	-0.529031	-7.84781	-7.31878
BLOCK00/SES009/SA009S24	SES292	-1.40433	-8.72311	-7.31878
BLOCK00/SES009/SA009S26	SES083	-2.60853	-9.80216	-7.19363
BLOCK00/SES009/SA009S26	SES101	-2.28445	-9.47808	-7.19363
BLOCK00/SES009/SA009S26	SES120	-0.913455	-8.10708	-7.19363
BLOCK00/SES009/SA009S26	SES177	-1.06661	-8.26024	-7.19363
BLOCK00/SES009/SA009S29	SES083	-1.95667	-9.28626	-7.32959
BLOCK00/SES009/SA009S29	SES101	-1.48866	-8.81825	-7.32959
BLOCK00/SES009/SA009S29	SES177	-0.664842	-7.99443	-7.32959
BLOCK00/SES009/SA009S29	SES292	-1.29392	-8.62351	-7.32959
BLOCK01/SES011/SA011S10	SES019	-3.53543	-12.3298	-8.79438
BLOCK01/SES011/SA011S10	SES042	0.93704	-7.85734	-8.79438
BLOCK01/SES011/SA011S10	SES082	-0.828015	-9.62239	-8.79438
BLOCK01/SES011/SA011S10	SES206	-2.47955e-05	-8.7944	-8.79438
BLOCK01/SES011/SA011S11	SES019	-2.56998	-10.8503	-8.28028
BLOCK01/SES011/SA011S11	SES042	0.285552	-7.99472	-8.28028
BLOCK01/SES011/SA011S11	SES082	-0.547757	-8.82803	-8.28028
BLOCK01/SES011/SA011S11	SES206	-1.02934	-9.30961	-8.28028
BLOCK01/SES011/SA011S22	SES019	-1.90934	-10.5568	-8.64742
BLOCK01/SES011/SA011S22	SES042	0.595803	-8.05161	-8.64742
BLOCK01/SES011/SA011S22	SES082	-1.07462	-9.72204	-8.64742
BLOCK01/SES011/SA011S22	SES206	-0.925915	-9.57333	-8.64742
BLOCK01/SES011/SA011S24	SES019	-2.87672	-10.8218	-7.94508
BLOCK01/SES011/SA011S24	SES042	1.11727	-6.82782	-7.94508
BLOCK01/SES011/SA011S24	SES104	-0.0658107	-8.01089	-7.94508
BLOCK01/SES011/SA011S24	SES206	-0.171637	-8.11672	-7.94508
BLOCK01/SES011/SA011S27	SES082	-0.031961	-7.9954	-7.96344
BLOCK01/SES011/SA011S27	SES087	-1.48586	-9.4493	-7.96344
BLOCK01/SES011/SA011S27	SES125	-0.150162	-8.1136	-7.96344
BLOCK01/SES011/SA011S27	SES206	-0.327243	-8.29068	-7.96344
BLOCK01/SES012/SA012S11	SES007	0.0706153	-6.6801	-6.75071
BLOCK01/SES012/SA012S11	SES082	-0.174476	-6.92519	-6.75071
BLOCK01/SES012/SA012S11	SES083	-1.53371	-8.28442	-6.75071
BLOCK01/SES012/SA012S11	SES206	-0.956663	-7.70738	-6.75071
BLOCK01/SES012/SA012S14	SES082	-0.431735	-8.29609	-7.86435
BLOCK01/SES012/SA012S14	SES087	-1.34485	-9.2092	-7.86435
BLOCK01/SES012/SA012S14	SES206	-0.809871	-8.67422	-7.86435
BLOCK01/SES012/SA012S14	SES292	-1.18483	-9.04918	-7.86435
BLOCK01/SES012/SA012S24	SES082	-0.442659	-9.13431	-8.69165
BLOCK01/SES012/SA012S24	SES087	-1.44116	-10.1328	-8.69165
BLOCK01/SES012/SA012S24	SES120	-1.51649	-10.2081	-8.69165
BLOCK01/SES012/SA012S24	SES206	-0.740472	-9.43212	-8.69165
BLOCK01/SES012/SA012S26	SES019	-6.28166	-14.6303	-8.34869
BLOCK01/SES012/SA012S26	SES082	-1.81248	-10.1612	-8.34869
BLOCK01/SES012/SA012S26	SES206	0.194064	-8.15462	-8.34869
BLOCK01/SES012/SA012S26	SES292	-0.943985	-9.29267	-8.34869
BLOCK01/SES012/SA012S29	SES062	-0.752843	-7.12074	-6.36789
BLOCK01/SES012/SA012S29	SES082	-0.0594621	-6.42735	-6.36789
BLOCK01/SES012/SA012S29	SES083	-1.88857	-8.25646	-6.36789
BLOCK01/SES012/SA012S29	SES206	-0.00863123	-6.37652	-6.36789
BLOCK01/SES013/SA013S16	SES062	-3.3672	-12.287	-8.91982
BLOCK01/SES013/SA013S16	SES106	-0.749304	-9.66913	-8.91982
BLOCK01/SES013/SA013S16	SES206	-1.08478	-10.0046	-8.91982
BLOCK01/SES013/SA013S16	SES226	-nan	-nan	-8.91982
BLOCK01/SES013/SA013S17	SES062	-1.19949	-9.11207	-7.91258
BLOCK01/SES013/SA013S17	SES106	-0.867665	-8.78025	-7.91258
BLOCK01/SES013/SA013S17	SES206	-0.306005	-8.21859	-7.91258
BLOCK01/SES013/SA013S17	SES226	-nan	-nan	-7.91258
BLOCK01/SES013/SA013S23	SES104	-1.02097	-10.0009	-8.9799
BLOCK01/SES013/SA013S23	SES106	-0.0299768	-9.00988	-8.9799
BLOCK01/SES013/SA013S23	SES206	-1.42803	-10.4079	-8.9799
BLOCK01/SES013/SA013S23	SES270	-0.570465	-9.55037	-8.9799
BLOCK01/SES013/SA013S25	SES042	-2.50592	-10.7149	-8.20893
BLOCK01/SES013/SA013S25	SES104	-0.471408	-8.68034	-8.20893
BLOCK01/SES013/SA013S25	SES106	0.0763464	-8.13259	-8.20893
BLOCK01/SES013/SA013S25	SES206	-1.38556	-9.59449	-8.20893
BLOCK01/SES013/SA013S29	SES062	-3.03567	-11.6468	-8.6111
BLOCK01/SES013/SA013S29	SES104	-1.56709	-10.1782	-8.6111
BLOCK01/SES013/SA013S29	SES106	-0.336637	-8.94773	-8.6111
BLOCK01/SES013/SA013S29	SES206	-1.83543	-10.4465	-8.6111
BLOCK02/SES021/SA021S13	SES016	-2.94364	-10.4948	-7.55111
BLOCK02/SES021/SA021S13	SES029	-1.25655	-8.80765	-7.55111
BLOCK02/SES021/SA021S13	SES087	-1.83422	-9.38533	-7.55111
BLOCK02/SES021/SA021S13	SES206	-2.07627	-9.62738	-7.55111
BLOCK02/SES021/SA021S15	SES087	-0.642977	-7.86372	-7.22075
BLOCK02/SES021/SA021S15	SES125	-0.99706	-8.21781	-7.22075
BLOCK02/SES021/SA021S15	SES206	-1.42165	-8.6424	-7.22075
BLOCK02/SES021/SA021S15	SES226	-nan	-nan	-7.22075
BLOCK02/SES021/SA021S23	SES062	-2.41758	-10.8963	-8.47867
BLOCK02/SES021/SA021S23	SES087	-0.88298	-9.36165	-8.47867
BLOCK02/SES021/SA021S23	SES206	-1.6336	-10.1123	-8.47867
BLOCK02/SES021/SA021S23	SES226	-nan	-nan	-8.47867
BLOCK02/SES021/SA021S27	SES002	-0.859767	-7.82859	-6.96882
BLOCK02/SES021/SA021S27	SES016	-3.64137	-10.6102	-6.96882
BLOCK02/SES021/SA021S27	SES019	-1.85819	-8.82701	-6.96882
BLOCK02/SES021/SA021S27	SES062	-1.46958	-8.4384	-6.96882
BLOCK02/SES021/SA021S29	SES087	-1.10928	-9.09055	-7.98128
BLOCK02/SES021/SA021S29	SES125	-1.94667	-9.92795	-7.98128
BLOCK02/SES021/SA021S29	SES206	-0.585581	-8.56686	-7.98128
BLOCK02/SES021/SA021S29	SES226	-nan	-nan	-7.98128
BLOCK04/SES043/SA043S09	SES083	-0.480504	-8.59481	-8.11431
BLOCK04/SES043/SA043S09	SES101	-0.886121	-9.00043	-8.11431
BLOCK04/SES043/SA043S09	SES144	-0.138314	-8.25262	-8.11431
BLOCK04/SES043/SA043S09	SES172	-1.5522	-9.66651	-8.11431
BLOCK04/SES043/SA043S11	SES083	-0.312136	-7.23699	-6.92486
BLOCK04/SES043/SA043S11	SES101	-0.659409	-7.58427	-6.92486
BLOCK04/SES043/SA043S11	SES144	0.0062995	-6.91856	-6.92486
BLOCK04/SES043/SA043S11	SES172	-0.83804	-7.7629	-6.92486
BLOCK04/SES043/SA043S23	SES083	-0.684375	-8.21264	-7.52826
BLOCK04/SES043/SA043S23	SES144	-0.310133	-7.83839	-7.52826
BLOCK04/SES043/SA043S23	SES177	-0.913964	-8.44223	-7.52826
BLOCK04/SES043/SA043S23	SES275	-0.749048	-8.27731	-7.52826
BLOCK04/SES043/SA043S26	SES083	-0.90313	-9.40005	-8.49692
BLOCK04/SES043/SA043S26	SES101	-0.867795	-9.36471	-8.49692
BLOCK04/SES043/SA043S26	SES144	-0.175753	-8.67267	-8.49692
BLOCK04/SES043/SA043S26	SES177	-1.15054	-9.64746	-8.49692
BLOCK04/SES043/SA043S28	SES016	-2.04558	-9.52428	-7.4787
BLOCK04/SES043/SA043S28	SES083	-0.738864	-8.21756	-7.4787
BLOCK04/SES043/SA043S28	SES101	-0.688704	-8.1674	-7.4787
BLOCK04/SES043/SA043S28	SES144	-0.766026	-8.24473	-7.4787
BLOCK04/SES044/SA044S10	SES127	-2.06562	-10.6757	-8.61012
BLOCK04/SES044/SA044S10	SES144	-0.317567	-8.92769	-8.61012
BLOCK04/SES044/SA044S10	SES147	-4.22737	-12.8375	-8.61012
BLOCK04/SES044/SA044S10	SES148	-2.36655	-10.9767	-8.61012
BLOCK04/SES044/SA044S11	SES101	-0.428163	-8.10043	-7.67227
BLOCK04/SES044/SA044S11	SES144	0.243978	-7.42829	-7.67227
BLOCK04/SES044/SA044S11	SES147	-2.13395	-9.80621	-7.67227
BLOCK04/SES044/SA044S11	SES177	-0.814698	-8.48697	-7.67227
BLOCK04/SES044/SA044S24	SES007	-2.21746	-9.94604	-7.72858
BLOCK04/SES044/SA044S24	SES101	-0.396732	-8.12531	-7.72858
BLOCK04/SES044/SA044S24	SES147	-2.39783	-10.1264	-7.72858
BLOCK04/SES044/SA044S24	SES177	-0.627636	-8.35621	-7.72858
BLOCK04/SES044/SA044S26	SES007	-1.3313	-8.50646	-7.17516
BLOCK04/SES044/SA044S26	SES016	-1.00855	-8.18371	-7.17516
BLOCK04/SES044/SA044S26	SES101	-0.22981	-7.40497	-7.17516
BLOCK04/SES044/SA044S26	SES147	-0.720076	-7.89523	-7.17516
BLOCK04/SES044/SA044S29	SES007	-2.90508	-9.93736	-7.03228
BLOCK04/SES044/SA044S29	SES101	0.232111	-6.80017	-7.03228
BLOCK04/SES044/SA044S29	SES147	-1.20684	-8.23912	-7.03228
BLOCK04/SES044/SA044S29	SES177	-2.6142	-9.64648	-7.03228
BLOCK04/SES046/SA046S13	SES101	-0.964403	-9.53073	-8.56633
BLOCK04/SES046/SA046S13	SES144	-0.0801325	-8.64646	-8.56633
BLOCK04/SES046/SA046S13	SES147	-2.59793	-11.1643	-8.56633
BLOCK04/SES046/SA046S13	SES177	-1.63178	-10.1981	-8.56633
BLOCK04/SES046/SA046S15	SES048	-0.440137	-6.42774	-5.9876
BLOCK04/SES046/SA046S15	SES083	-1.11423	-7.10183	-5.9876
BLOCK04/SES046/SA046S15	SES120	-2.5698	-8.5574	-5.9876
BLOCK04/SES046/SA046S15	SES148	-1.11987	-7.10747	-5.9876
BLOCK04/SES046/SA046S22	SES101	-0.362769	-8.16571	-7.80294
BLOCK04/SES046/SA046S22	SES144	-0.137406	-7.94035	-7.80294
BLOCK04/SES046/SA046S22	SES147	-2.3828	-10.1857	-7.80294
BLOCK04/SES046/SA046S22	SES172	-0.501189	-8.30413	-7.80294
BLOCK04/SES046/SA046S25	SES083	-0.760675	-7.84304	-7.08236
BLOCK04/SES046/SA046S25	SES127	-1.57218	-8.65455	-7.08236
BLOCK04/SES046/SA046S25	SES144	-0.536983	-7.61935	-7.08236
BLOCK04/SES046/SA046S25	SES148	-1.45636	-8.53872	-7.08236
BLOCK04/SES046/SA046S28	SES007	-1.63982	-8.94768	-7.30787
BLOCK04/SES046/SA046S28	SES105	-1.66633	-8.97419	-7.30787
BLOCK04/SES046/SA046S28	SES147	-1.18282	-8.49068	-7.30787
BLOCK04/SES046/SA046S28	SES148	-1.39672	-8.70459	-7.30787
BLOCK04/SES049/SA049S16	SES104	-1.03533	-10.0679	-9.03258
BLOCK04/SES049/SA049S16	SES106	-2.10882	-11.1414	-9.03258
BLOCK04/SES049/SA049S16	SES120	-1.17813	-10.2107	-9.03258
BLOCK04/SES049/SA049S16	SES206	-1.62801	-10.6606	-9.03258
BLOCK04/SES049/SA049S18	SES099	-0.245025	-8.68526	-8.44024
BLOCK04/SES049/SA049S18	SES104	-1.83363	-10.2739	-8.44024
BLOCK04/SES049/SA049S18	SES125	-1.61436	-10.0546	-8.44024
BLOCK04/SES049/SA049S18	SES206	-2.34179	-10.782	-8.44024
BLOCK04/SES049/SA049S25	SES087	-1.88492	-11.3886	-9.5037
BLOCK04/SES049/SA049S25	SES104	-0.652764	-10.1565	-9.5037
BLOCK04/SES049/SA049S25	SES125	-1.16744	-10.6711	-9.5037
BLOCK04/SES049/SA049S25	SES206	-1.13657	-10.6403	-9.5037
BLOCK04/SES049/SA049S27	SES099	-0.504525	-8.53002	-8.0255
BLOCK04/SES049/SA049S27	SES104	0.319715	-7.70578	-8.0255
BLOCK04/SES049/SA049S27	SES125	-1.35921	-9.38471	-8.0255
BLOCK04/SES049/SA049S27	SES206	-1.42283	-9.44833	-8.0255
BLOCK04/SES049/SA049S29	SES099	-0.421043	-7.99252	-7.57147
BLOCK04/SES049/SA049S29	SES104	-0.120035	-7.69151	-7.57147
BLOCK04/SES049/SA049S29	SES125	-0.592186	-8.16366	-7.57147
BLOCK04/SES049/SA049S29	SES206	-1.50556	-9.07703	-7.57147
BLOCK06/SES063/SA063S09	SES068	-2.75853	-11.5259	-8.76741
BLOCK06/SES063/SA063S09	SES083	-0.949839	-9.71724	-8.76741
BLOCK06/SES063/SA063S09	SES177	-0.79744	-9.56485	-8.76741
BLOCK06/SES063/SA063S09	SES187	-1.1887	-9.95611	-8.76741
BLOCK06/SES063/SA063S10	SES068	-1.75564	-10.45	-8.69441
BLOCK06/SES063/SA063S10	SES083	-0.706106	-9.40051	-8.69441
BLOCK06/SES063/SA063S10	SES172	-0.443769	-9.13818	-8.69441
BLOCK06/SES063/SA063S10	SES187	-0.656973	-9.35138	-8.69441
BLOCK06/SES063/SA063S20	SES068	-2.76722	-11.1847	-8.41749
BLOCK06/SES063/SA063S20	SES083	-1.11251	-9.53	-8.41749
BLOCK06/SES063/SA063S20	SES172	-0.875475	-9.29296	-8.41749
BLOCK06/SES063/SA063S20	SES187	-0.893495	-9.31098	-8.41749
BLOCK06/SES063/SA063S24	SES029	-2.96562	-11.7157	-8.75011
BLOCK06/SES063/SA063S24	SES083	-1.23203	-9.98214	-8.75011
BLOCK06/SES063/SA063S24	SES177	-1.46982	-10.2199	-8.75011
BLOCK06/SES063/SA063S24	SES189	-0.111338	-8.86145	-8.75011
BLOCK06/SES063/SA063S27	SES083	-0.541315	-8.82684	-8.28552
BLOCK06/SES063/SA063S27	SES172	-1.53974	-9.82526	-8.28552
BLOCK06/SES063/SA063S27	SES187	-0.957715	-9.24324	-8.28552
BLOCK06/SES063/SA063S27	SES292	-1.53363	-9.81916	-8.28552
BLOCK06/SES067/SA067S12	SES083	-0.950681	-7.95914	-7.00846
BLOCK06/SES067/SA067S12	SES172	-1.32819	-8.33665	-7.00846
BLOCK06/SES067/SA067S12	SES202	-0.669475	-7.67794	-7.00846
BLOCK06/SES067/SA067S12	SES292	-1.32972	-8.33818	-7.00846
BLOCK06/SES067/SA067S14	SES085	-1.40887	-7.12988	-5.72102
BLOCK06/SES067/SA067S14	SES177	-2.15694	-7.87795	-5.72102
BLOCK06/SES067/SA067S14	SES183	0.269055	-5.45196	-5.72102
BLOCK06/SES067/SA067S14	SES202	-0.263481	-5.9845	-5.72102
BLOCK06/SES067/SA067S21	SES144	-0.99762	-8.7198	-7.72218
BLOCK06/SES067/SA067S21	SES177	-1.09224	-8.81442	-7.72218
BLOCK06/SES067/SA067S21	SES183	-1.18791	-8.91009	-7.72218
BLOCK06/SES067/SA067S21	SES189	-0.894983	-8.61716	-7.72218
BLOCK06/SES067/SA067S25	SES085	-1.78505	-8.85536	-7.07032
BLOCK06/SES067/SA067S25	SES177	-0.661103	-7.73142	-7.07032
BLOCK06/SES067/SA067S25	SES183	-0.580336	-7.65066	-7.07032
BLOCK06/SES067/SA067S25	SES202	-1.27686	-8.34718	-7.07032
BLOCK06/SES067/SA067S29	SES085	-2.83825	-10.7785	-7.94027
BLOCK06/SES067/SA067S29	SES177	-2.16836	-10.1086	-7.94027
BLOCK06/SES067/SA067S29	SES183	-0.747053	-8.68732	-7.94027
BLOCK06/SES067/SA067S29	SES202	-0.714017	-8.65428	-7.94027
BLOCK06/SES069/SA069S12	SES029	-1.87302	-9.16991	-7.29689
BLOCK06/SES069/SA069S12	SES082	-0.82418	-8.12107	-7.29689
BLOCK06/SES069/SA069S12	SES087	-1.04154	-8.33843	-7.29689
BLOCK06/SES069/SA069S12	SES206	-0.334177	-7.63107	-7.29689
BLOCK06/SES069/SA069S13	SES029	-2.34521	-9.75123	-7.40602
BLOCK06/SES069/SA069S13	SES087	-0.835176	-8.2412	-7.40602
BLOCK06/SES069/SA069S13	SES206	-1.33972	-8.74574	-7.40602
BLOCK06/SES069/SA069S13	SES226	-nan	-nan	-7.40602
BLOCK06/SES069/SA069S23	SES029	-1.01821	-7.62933	-6.61112
BLOCK06/SES069/SA069S23	SES087	-0.394309	-7.00543	-6.61112
BLOCK06/SES069/SA069S23	SES206	-1.60497	-8.21608	-6.61112
BLOCK06/SES069/SA069S23	SES226	-nan	-nan	-6.61112
BLOCK06/SES069/SA069S25	SES087	-0.686336	-7.96631	-7.27997
BLOCK06/SES069/SA069S25	SES206	-1.56973	-8.84971	-7.27997
BLOCK06/SES069/SA069S25	SES226	-nan	-nan	-7.27997
BLOCK06/SES069/SA069S25	SES270	-1.36243	-8.64241	-7.27997
BLOCK06/SES069/SA069S27	SES087	-1.22849	-8.92152	-7.69303
BLOCK06/SES069/SA069S27	SES206	-1.0945	-8.78754	-7.69303
BLOCK06/SES069/SA069S27	SES226	-nan	-nan	-7.69303
BLOCK06/SES069/SA069S27	SES270	-1.06879	-8.76182	-7.69303
BLOCK08/SES081/SA081S11	SES060	-1.7433	-9.56226	-7.81896
BLOCK08/SES081/SA081S11	SES062	-0.560325	-8.37929	-7.81896
BLOCK08/SES081/SA081S11	SES117	-1.82399	-9.64295	-7.81896
BLOCK08/SES081/SA081S11	SES162	-1.82025	-9.63921	-7.81896
BLOCK08/SES081/SA081S13	SES016	-0.59859	-7.29394	-6.69535
BLOCK08/SES081/SA081S13	SES060	-0.405665	-7.10102	-6.69535
BLOCK08/SES081/SA081S13	SES068	-0.284361	-6.97971	-6.69535
BLOCK08/SES081/SA081S13	SES129	-1.07605	-7.7714	-6.69535
BLOCK08/SES081/SA081S24	SES060	-0.81811	-7.93755	-7.11944
BLOCK08/SES081/SA081S24	SES068	-0.768617	-7.88805	-7.11944
BLOCK08/SES081/SA081S24	SES117	-1.86193	-8.98136	-7.11944
BLOCK08/SES081/SA081S24	SES275	-1.30932	-8.42876	-7.11944
BLOCK08/SES081/SA081S27	SES007	-0.484018	-8.37767	-7.89365
BLOCK08/SES081/SA081S27	SES060	-0.867447	-8.7611	-7.89365
BLOCK08/SES081/SA081S27	SES117	-1.22205	-9.11571	-7.89365
BLOCK08/SES081/SA081S27	SES275	-1.7502	-9.64385	-7.89365
BLOCK08/SES081/SA081S29	SES007	-0.344738	-8.75568	-8.41094
BLOCK08/SES081/SA081S29	SES060	-0.37464	-8.78558	-8.41094
BLOCK08/SES081/SA081S29	SES117	-1.11286	-9.5238	-8.41094
BLOCK08/SES081/SA081S29	SES275	-1.77354	-10.1845	-8.41094
BLOCK08/SES086/SA086S11	SES029	-2.6926	-12.0518	-9.35924
BLOCK08/SES086/SA086S11	SES082	-2.11954	-11.4788	-9.35924
BLOCK08/SES086/SA086S11	SES087	0.0546589	-9.30459	-9.35924
BLOCK08/SES086/SA086S11	SES206	-1.54557	-10.9048	-9.35924
BLOCK08/SES086/SA086S12	SES029	-2.08148	-10.5394	-8.45791
BLOCK08/SES086/SA086S12	SES082	-1.80437	-10.2623	-8.45791
BLOCK08/SES086/SA086S12	SES087	0.477939	-7.97997	-8.45791
BLOCK08/SES086/SA086S12	SES206	-1.11909	-9.57701	-8.45791
BLOCK08/SES086/SA086S20	SES029	-1.69331	-9.66239	-7.96908
BLOCK08/SES086/SA086S20	SES082	-1.11141	-9.08049	-7.96908
BLOCK08/SES086/SA086S20	SES087	0.29682	-7.67226	-7.96908
BLOCK08/SES086/SA086S20	SES206	-0.542963	-8.51204	-7.96908
BLOCK08/SES086/SA086S24	SES087	0.644383	-8.73852	-9.3829
BLOCK08/SES086/SA086S24	SES104	-0.956447	-10.3393	-9.3829
BLOCK08/SES086/SA086S24	SES120	-0.627522	-10.0104	-9.3829
BLOCK08/SES086/SA086S24	SES206	-0.577214	-9.96012	-9.3829
BLOCK08/SES086/SA086S28	SES029	-1.97878	-9.73502	-7.75624
BLOCK08/SES086/SA086S28	SES082	-1.74948	-9.50572	-7.75624
BLOCK08/SES086/SA086S28	SES087	0.415102	-7.34114	-7.75624
BLOCK08/SES086/SA086S28	SES206	-0.913959	-8.6702	-7.75624
BLOCK08/SES089/SA089S13	SES087	-0.756813	-9.51497	-8.75816
BLOCK08/SES089/SA089S13	SES206	-1.59402	-10.3522	-8.75816
BLOCK08/SES089/SA089S13	SES226	-nan	-nan	-8.75816
BLOCK08/SES089/SA089S13	SES270	-1.75712	-10.5153	-8.75816
BLOCK08/SES089/SA089S14	SES062	-1.58381	-9.60692	-8.02311
BLOCK08/SES089/SA089S14	SES087	-0.329088	-8.3522	-8.02311
BLOCK08/SES089/SA089S14	SES206	-2.0625	-10.0856	-8.02311
BLOCK08/SES089/SA089S14	SES226	-nan	-nan	-8.02311
BLOCK08/SES089/SA089S23	SES087	-1.16244	-10.7915	-9.62904
BLOCK08/SES089/SA089S23	SES206	-2.93805	-12.5671	-9.62904
BLOCK08/SES089/SA089S23	SES226	-nan	-nan	-9.62904
BLOCK08/SES089/SA089S23	SES270	-3.40798	-13.037	-9.62904
BLOCK08/SES089/SA089S25	SES062	-0.968932	-9.55132	-8.58238
BLOCK08/SES089/SA089S25	SES087	-0.303129	-8.88551	-8.58238
BLOCK08/SES089/SA089S25	SES206	-2.49123	-11.0736	-8.58238
BLOCK08/SES089/SA089S25	SES226	-nan	-nan	-8.58238
BLOCK08/SES089/SA089S28	SES062	-0.604489	-9.04559	-8.4411
BLOCK08/SES089/SA089S28	SES087	0.119036	-8.32207	-8.4411
BLOCK08/SES089/SA089S28	SES206	-1.68261	-10.1237	-8.4411
BLOCK08/SES089/SA089S28	SES226	-nan	-nan	-8.4411
BLOCK09/SES097/SA097S11	SES099	-0.0512457	-9.1537	-9.10246
BLOCK09/SES097/SA097S11	SES125	-1.34536	-10.4478	-9.10246
BLOCK09/SES097/SA097S11	SES206	-1.22423	-10.3267	-9.10246
BLOCK09/SES097/SA097S11	SES226	-nan	-nan	-9.10246
BLOCK09/SES097/SA097S14	SES062	-2.936	-11.2144	-8.27845
BLOCK09/SES097/SA097S14	SES099	-0.566479	-8.84493	-8.27845
BLOCK09/SES097/SA097S14	SES104	-0.720778	-8.99923	-8.27845
BLOCK09/SES097/SA097S14	SES206	-1.59343	-9.87188	-8.27845
BLOCK09/SES097/SA097S22	SES099	0.469912	-8.3995	-8.86941
BLOCK09/SES097/SA097S22	SES206	-1.33756	-10.207	-8.86941
BLOCK09/SES097/SA097S22	SES226	-nan	-nan	-8.86941
BLOCK09/SES097/SA097S22	SES270	-0.684648	-9.55406	-8.86941
BLOCK09/SES097/SA097S26	SES099	0.689088	-8.40448	-9.09357
BLOCK09/SES097/SA097S26	SES120	-0.472989	-9.56656	-9.09357
BLOCK09/SES097/SA097S26	SES206	-1.75332	-10.8469	-9.09357
BLOCK09/SES097/SA097S26	SES226	-nan	-nan	-9.09357
BLOCK09/SES097/SA097S28	SES099	0.0528054	-7.65937	-7.71217
BLOCK09/SES097/SA097S28	SES120	-1.17372	-8.8859	-7.71217
BLOCK09/SES097/SA097S28	SES206	-1.66919	-9.38136	-7.71217
BLOCK09/SES097/SA097S28	SES226	-nan	-nan	-7.71217
BLOCK09/SES098/SA098S11	SES127	-0.963876	-7.92953	-6.96565
BLOCK09/SES098/SA098S11	SES144	-0.803081	-7.76873	-6.96565
BLOCK09/SES098/SA098S11	SES147	-0.807912	-7.77357	-6.96565
BLOCK09/SES098/SA098S11	SES148	-1.97836	-8.94402	-6.96565
BLOCK09/SES098/SA098S12	SES127	-1.95571	-10.3528	-8.39712
BLOCK09/SES098/SA098S12	SES144	-1.66359	-10.0607	-8.39712
BLOCK09/SES098/SA098S12	SES147	-1.61435	-10.0115	-8.39712
BLOCK09/SES098/SA098S12	SES189	-1.6269	-10.024	-8.39712
BLOCK09/SES098/SA098S20	SES127	-2.5012	-10.5461	-8.04485
BLOCK09/SES098/SA098S20	SES147	-1.52453	-9.56939	-8.04485
BLOCK09/SES098/SA098S20	SES148	-3.07405	-11.1189	-8.04485
BLOCK09/SES098/SA098S20	SES292	-1.00044	-9.04529	-8.04485
BLOCK09/SES098/SA098S23	SES127	-1.70131	-9.31374	-7.61243
BLOCK09/SES098/SA098S23	SES147	-1.60556	-9.21799	-7.61243
BLOCK09/SES098/SA098S23	SES187	-1.1065	-8.71894	-7.61243
BLOCK09/SES098/SA098S23	SES292	-1.12522	-8.73765	-7.61243
BLOCK09/SES098/SA098S27	SES127	-2.31055	-10.0637	-7.75313
BLOCK09/SES098/SA098S27	SES147	-2.47261	-10.2257	-7.75313
BLOCK09/SES098/SA098S27	SES148	-2.84589	-10.599	-7.75313
BLOCK09/SES098/SA098S27	SES292	-0.867944	-8.62107	-7.75313
BLOCK10/SES102/SA102S13	SES101	-0.223582	-9.30921	-9.08563
BLOCK10/SES102/SA102S13	SES105	-0.621867	-9.70749	-9.08563
BLOCK10/SES102/SA102S13	SES120	-2.79095	-11.8766	-9.08563
BLOCK10/SES102/SA102S13	SES158	-2.28628	-11.3719	-9.08563
BLOCK10/SES102/SA102S14	SES007	0.00831032	-6.06165	-6.06996
BLOCK10/SES102/SA102S14	SES101	-0.64781	-6.71777	-6.06996
BLOCK10/SES102/SA102S14	SES105	-1.09234	-7.1623	-6.06996
BLOCK10/SES102/SA102S14	SES147	-2.20478	-8.27474	-6.06996
BLOCK10/SES102/SA102S22	SES007	-1.31044	-8.28688	-6.97644
BLOCK10/SES102/SA102S22	SES101	-0.705385	-7.68182	-6.97644
BLOCK10/SES102/SA102S22	SES105	-0.874017	-7.85046	-6.97644
BLOCK10/SES102/SA102S22	SES158	-2.45211	-9.42855	-6.97644
BLOCK10/SES102/SA102S25	SES007	-0.445229	-7.25395	-6.80872
BLOCK10/SES102/SA102S25	SES101	-0.382438	-7.19115	-6.80872
BLOCK10/SES102/SA102S25	SES105	-1.30916	-8.11788	-6.80872
BLOCK10/SES102/SA102S25	SES147	-2.9227	-9.73142	-6.80872
BLOCK10/SES102/SA102S27	SES007	-0.937644	-8.15144	-7.2138
BLOCK10/SES102/SA102S27	SES101	-0.120477	-7.33427	-7.2138
BLOCK10/SES102/SA102S27	SES105	-1.75324	-8.96704	-7.2138
BLOCK10/SES102/SA102S27	SES147	-2.90592	-10.1197	-7.2138
BLOCK10/SES103/SA103S14	SES105	-1.86258	-10.3776	-8.515
BLOCK10/SES103/SA103S14	SES106	-1.27669	-9.79169	-8.515
BLOCK10/SES103/SA103S14	SES120	-2.04386	-10.5589	-8.515
BLOCK10/SES103/SA103S14	SES206	-2.11862	-10.6336	-8.515
BLOCK10/SES103/SA103S15	SES099	-2.29448	-11.7998	-9.50529
BLOCK10/SES103/SA103S15	SES101	-3.92775	-13.433	-9.50529
BLOCK10/SES103/SA103S15	SES104	-1.43933	-10.9446	-9.50529
BLOCK10/SES103/SA103S15	SES125	-2.08942	-11.5947	-9.50529
BLOCK10/SES103/SA103S24	SES104	-1.36572	-9.76164	-8.39593
BLOCK10/SES103/SA103S24	SES125	-3.20954	-11.6055	-8.39593
BLOCK10/SES103/SA103S24	SES148	-2.21256	-10.6085	-8.39593
BLOCK10/SES103/SA103S24	SES158	-1.90457	-10.3005	-8.39593
BLOCK10/SES103/SA103S26	SES104	-0.726045	-9.12592	-8.39988
BLOCK10/SES103/SA103S26	SES106	-1.22183	-9.62171	-8.39988
BLOCK10/SES103/SA103S26	SES125	-1.56382	-9.9637	-8.39988
BLOCK10/SES103/SA103S26	SES148	-2.30862	-10.7085	-8.39988
BLOCK10/SES103/SA103S28	SES104	-1.22409	-9.81371	-8.58962
BLOCK10/SES103/SA103S28	SES106	-1.36395	-9.95357	-8.58962
BLOCK10/SES103/SA103S28	SES125	-2.83928	-11.4289	-8.58962
BLOCK10/SES103/SA103S28	SES206	-2.11868	-10.7083	-8.58962
BLOCK12/SES121/SA121S12	SES042	-1.62609	-10.0837	-8.45757
BLOCK12/SES121/SA121S12	SES087	-1.56208	-10.0196	-8.45757
BLOCK12/SES121/SA121S12	SES105	-0.487122	-8.94469	-8.45757
BLOCK12/SES121/SA121S12	SES206	-0.801595	-9.25917	-8.45757
BLOCK12/SES121/SA121S14	SES007	-2.28219	-13.0919	-10.8097
BLOCK12/SES121/SA121S14	SES105	-1.77557	-12.5853	-10.8097
BLOCK12/SES121/SA121S14	SES106	-1.22762	-12.0374	-10.8097
BLOCK12/SES121/SA121S14	SES206	-1.60542	-12.4152	-10.8097
BLOCK12/SES121/SA121S23	SES105	-1.24856	-11.5825	-10.3339
BLOCK12/SES121/SA121S23	SES106	-0.887902	-11.2218	-10.3339
BLOCK12/SES121/SA121S23	SES120	-1.83303	-12.1669	-10.3339
BLOCK12/SES121/SA121S23	SES206	-0.417231	-10.7511	-10.3339
BLOCK12/SES121/SA121S25	SES007	-1.10019	-12.091	-10.9908
BLOCK12/SES121/SA121S25	SES105	-1.57902	-12.5698	-10.9908
BLOCK12/SES121/SA121S25	SES106	-0.508127	-11.499	-10.9908
BLOCK12/SES121/SA121S25	SES206	-1.08032	-12.0711	-10.9908
BLOCK12/SES121/SA121S27	SES087	0.58115	-9.75727	-10.3384
BLOCK12/SES121/SA121S27	SES105	-2.29601	-12.6344	-10.3384
BLOCK12/SES121/SA121S27	SES120	-0.402973	-10.7414	-10.3384
BLOCK12/SES121/SA121S27	SES206	-1.01431	-11.3527	-10.3384
BLOCK12/SES124/SA124S16	SES042	0.1302	-6.72656	-6.85676
BLOCK12/SES124/SA124S16	SES082	-0.329448	-7.18621	-6.85676
BLOCK12/SES124/SA124S16	SES183	-1.22262	-8.07939	-6.85676
BLOCK12/SES124/SA124S16	SES206	-0.679694	-7.53646	-6.85676
BLOCK12/SES124/SA124S17	SES105	-1.59156	-9.45564	-7.86408
BLOCK12/SES124/SA124S17	SES149	-1.41339	-9.27746	-7.86408
BLOCK12/SES124/SA124S17	SES158	-2.21326	-10.0773	-7.86408
BLOCK12/SES124/SA124S17	SES275	-1.62712	-9.4912	-7.86408
BLOCK12/SES124/SA124S23	SES105	-2.21164	-8.40191	-6.19026
BLOCK12/SES124/SA124S23	SES125	0.166381	-6.02388	-6.19026
BLOCK12/SES124/SA124S23	SES129	-2.18925	-8.37951	-6.19026
BLOCK12/SES124/SA124S23	SES158	-1.3336	-7.52387	-6.19026
BLOCK12/SES124/SA124S26	SES105	-1.95086	-9.67906	-7.7282
BLOCK12/SES124/SA124S26	SES125	-0.305461	-8.03366	-7.7282
BLOCK12/SES124/SA124S26	SES129	-1.77497	-9.50317	-7.7282
BLOCK12/SES124/SA124S26	SES158	-1.23933	-8.96753	-7.7282
BLOCK12/SES124/SA124S28	SES104	-0.514812	-7.37757	-6.86276
BLOCK12/SES124/SA124S28	SES106	-1.16484	-8.0276	-6.86276
BLOCK12/SES124/SA124S28	SES125	-0.0950627	-6.95782	-6.86276
BLOCK12/SES124/SA124S28	SES275	-1.3394	-8.20216	-6.86276
BLOCK12/SES126/SA126S13	SES007	-0.932209	-8.54432	-7.61211
BLOCK12/SES126/SA126S13	SES162	-1.6031	-9.21521	-7.61211
BLOCK12/SES126/SA126S13	SES177	-0.882198	-8.4943	-7.61211
BLOCK12/SES126/SA126S13	SES180	-1.67728	-9.28938	-7.61211
BLOCK12/SES126/SA126S14	SES144	-0.776862	-7.58515	-6.80828
BLOCK12/SES126/SA126S14	SES148	-1.95712	-8.7654	-6.80828
BLOCK12/SES126/SA126S14	SES177	-0.833779	-7.64206	-6.80828
BLOCK12/SES126/SA126S14	SES180	-1.79166	-8.59994	-6.80828
BLOCK12/SES126/SA126S20	SES007	-0.86315	-7.3263	-6.46315
BLOCK12/SES126/SA126S20	SES162	-1.17891	-7.64206	-6.46315
BLOCK12/SES126/SA126S20	SES172	-1.59561	-8.05876	-6.46315
BLOCK12/SES126/SA126S20	SES180	-1.2702	-7.73335	-6.46315
BLOCK12/SES126/SA126S24	SES120	-0.227071	-7.20952	-6.98245
BLOCK12/SES126/SA126S24	SES162	-1.09738	-8.07983	-6.98245
BLOCK12/SES126/SA126S24	SES177	-0.458439	-7.44089	-6.98245
BLOCK12/SES126/SA126S24	SES180	-0.55292	-7.53537	-6.98245
BLOCK12/SES126/SA126S26	SES120	0.328633	-7.10084	-7.42948
BLOCK12/SES126/SA126S26	SES177	-0.655113	-8.08459	-7.42948
BLOCK12/SES126/SA126S26	SES180	-0.834837	-8.26431	-7.42948
BLOCK12/SES126/SA126S26	SES202	-0.98724	-8.41672	-7.42948
BLOCK12/SES128/SA128S10	SES087	-1.87519	-9.89045	-8.01525
BLOCK12/SES128/SA128S10	SES206	-0.850218	-8.86547	-8.01525
BLOCK12/SES128/SA128S10	SES226	-nan	-nan	-8.01525
BLOCK12/SES128/SA128S10	SES270	-0.611066	-8.62632	-8.01525
BLOCK12/SES128/SA128S12	SES120	-0.215065	-8.14639	-7.93132
BLOCK12/SES128/SA128S12	SES158	-0.27147	-8.20279	-7.93132
BLOCK12/SES128/SA128S12	SES206	-0.300592	-8.23191	-7.93132
BLOCK12/SES128/SA128S12	SES226	-nan	-nan	-7.93132
BLOCK12/SES128/SA128S21	SES106	-0.717516	-8.71059	-7.99308
BLOCK12/SES128/SA128S21	SES120	-0.821273	-8.81435	-7.99308
BLOCK12/SES128/SA128S21	SES206	-0.474988	-8.46806	-7.99308
BLOCK12/SES128/SA128S21	SES226	-nan	-nan	-7.99308
BLOCK12/SES128/SA128S24	SES087	-1.10319	-9.43996	-8.33677
BLOCK12/SES128/SA128S24	SES120	-0.520203	-8.85698	-8.33677
BLOCK12/SES128/SA128S24	SES206	-0.471339	-8.80811	-8.33677
BLOCK12/SES128/SA128S24	SES226	-nan	-nan	-8.33677
BLOCK12/SES128/SA128S27	SES099	-0.0944886	-7.36841	-7.27392
BLOCK12/SES128/SA128S27	SES120	-0.0151005	-7.28902	-7.27392
BLOCK12/SES128/SA128S27	SES206	-0.713218	-7.98714	-7.27392
BLOCK12/SES128/SA128S27	SES226	-nan	-nan	-7.27392
BLOCK13/SES130/SA130S13	SES143	-0.570405	-9.13454	-8.56413
BLOCK13/SES130/SA130S13	SES144	0.050436	-8.5137	-8.56413
BLOCK13/SES130/SA130S13	SES146	-1.69441	-10.2585	-8.56413
BLOCK13/SES130/SA130S13	SES275	-2.24444	-10.8086	-8.56413
BLOCK13/SES130/SA130S15	SES143	-0.898425	-7.97849	-7.08007
BLOCK13/SES130/SA130S15	SES144	0.258317	-6.82175	-7.08007
BLOCK13/SES130/SA130S15	SES146	-0.659813	-7.73988	-7.08007
BLOCK13/SES130/SA130S15	SES275	-0.979275	-8.05934	-7.08007
BLOCK13/SES130/SA130S23	SES127	-1.1876	-8.97505	-7.78745
BLOCK13/SES130/SA130S23	SES144	-0.376388	-8.16384	-7.78745
BLOCK13/SES130/SA130S23	SES146	-0.721308	-8.50876	-7.78745
BLOCK13/SES130/SA130S23	SES162	-1.47409	-9.26154	-7.78745
BLOCK13/SES130/SA130S25	SES127	-0.942409	-7.34112	-6.39872
BLOCK13/SES130/SA130S25	SES144	-0.414328	-6.81304	-6.39872
BLOCK13/SES130/SA130S25	SES146	-1.21573	-7.61444	-6.39872
BLOCK13/SES130/SA130S25	SES275	-1.1657	-7.56442	-6.39872
BLOCK13/SES130/SA130S28	SES127	-0.583773	-8.34603	-7.76226
BLOCK13/SES130/SA130S28	SES144	-1.07737	-8.83963	-7.76226
BLOCK13/SES130/SA130S28	SES146	-0.382878	-8.14514	-7.76226
BLOCK13/SES130/SA130S28	SES275	-0.98428	-8.74654	-7.76226
BLOCK13/SES131/SA131S13	SES002	-1.58109	-10.3238	-8.74271
BLOCK13/SES131/SA131S13	SES007	-1.33597	-10.0787	-8.74271
BLOCK13/SES131/SA131S13	SES099	-0.15723	-8.89994	-8.74271
BLOCK13/SES131/SA131S13	SES105	-1.22141	-9.96413	-8.74271
BLOCK13/SES131/SA131S14	SES104	-0.615337	-6.96964	-6.3543
BLOCK13/SES131/SA131S14	SES106	-2.27478	-8.62909	-6.3543
BLOCK13/SES131/SA131S14	SES125	-1.5959	-7.9502	-6.3543
BLOCK13/SES131/SA131S14	SES148	-0.193139	-6.54744	-6.3543
BLOCK13/SES131/SA131S20	SES104	-0.786562	-9.74242	-8.95585
BLOCK13/SES131/SA131S20	SES106	-1.824	-10.7799	-8.95585
BLOCK13/SES131/SA131S20	SES125	-1.41714	-10.373	-8.95585
BLOCK13/SES131/SA131S20	SES148	-1.71185	-10.6677	-8.95585
BLOCK13/SES131/SA131S22	SES099	-0.240495	-7.25086	-7.01036
BLOCK13/SES131/SA131S22	SES104	-0.691554	-7.70192	-7.01036
BLOCK13/SES131/SA131S22	SES125	-0.613064	-7.62343	-7.01036
BLOCK13/SES131/SA131S22	SES206	-0.882344	-7.89271	-7.01036
BLOCK13/SES131/SA131S29	SES087	-1.69019	-10.3736	-8.68341
BLOCK13/SES131/SA131S29	SES104	-3.13793	-11.8213	-8.68341
BLOCK13/SES131/SA131S29	SES125	-4.1032	-12.7866	-8.68341
BLOCK13/SES131/SA131S29	SES206	-2.69972	-11.3831	-8.68341
BLOCK13/SES132/SA132S11	SES083	-1.391	-8.85465	-7.46365
BLOCK13/SES132/SA132S11	SES120	0.20814	-7.25551	-7.46365
BLOCK13/SES132/SA132S11	SES127	-1.99435	-9.45801	-7.46365
BLOCK13/SES132/SA132S11	SES275	-1.29667	-8.76032	-7.46365
BLOCK13/SES132/SA132S12	SES083	-1.79294	-8.88347	-7.09053
BLOCK13/SES132/SA132S12	SES143	-2.09615	-9.18668	-7.09053
BLOCK13/SES132/SA132S12	SES144	-0.831525	-7.92206	-7.09053
BLOCK13/SES132/SA132S12	SES148	-1.28435	-8.37488	-7.09053
BLOCK13/SES132/SA132S22	SES062	-0.545041	-8.02575	-7.48071
BLOCK13/SES132/SA132S22	SES083	-2.03278	-9.5135	-7.48071
BLOCK13/SES132/SA132S22	SES127	-1.82848	-9.30919	-7.48071
BLOCK13/SES132/SA132S22	SES275	-1.02396	-8.50467	-7.48071
BLOCK13/SES132/SA132S24	SES007	-0.446435	-7.47183	-7.02539
BLOCK13/SES132/SA132S24	SES083	-1.44067	-8.46606	-7.02539
BLOCK13/SES132/SA132S24	SES127	-1.90354	-8.92893	-7.02539
BLOCK13/SES132/SA132S24	SES275	-1.19766	-8.22305	-7.02539
BLOCK13/SES132/SA132S27	SES083	-2.25334	-10.6667	-8.41333
BLOCK13/SES132/SA132S27	SES120	0.520961	-7.89237	-8.41333
BLOCK13/SES132/SA132S27	SES127	-3.60899	-12.0223	-8.41333
BLOCK13/SES132/SA132S27	SES275	-1.90408	-10.3174	-8.41333
BLOCK14/SES141/SA141S09	SES143	-0.975516	-7.70514	-6.72962
BLOCK14/SES141/SA141S09	SES144	-0.379078	-7.1087	-6.72962
BLOCK14/SES141/SA141S09	SES162	-1.02843	-7.75805	-6.72962
BLOCK14/SES141/SA141S09	SES180	-0.99804	-7.72766	-6.72962
BLOCK14/SES141/SA141S15	SES127	-1.74307	-9.42594	-7.68286
BLOCK14/SES141/SA141S15	SES144	-1.07389	-8.75675	-7.68286
BLOCK14/SES141/SA141S15	SES162	-2.16815	-9.85102	-7.68286
BLOCK14/SES141/SA141S15	SES180	-1.5218	-9.20467	-7.68286
BLOCK14/SES141/SA141S24	SES127	-1.85359	-9.17847	-7.32489
BLOCK14/SES141/SA141S24	SES144	-1.44952	-8.77441	-7.32489
BLOCK14/SES141/SA141S24	SES162	-1.80421	-9.1291	-7.32489
BLOCK14/SES141/SA141S24	SES183	-1.53737	-8.86225	-7.32489
BLOCK14/SES141/SA141S26	SES142	-0.424027	-8.354	-7.92998
BLOCK14/SES141/SA141S26	SES144	-1.39767	-9.32765	-7.92998
BLOCK14/SES141/SA141S26	SES172	-1.12229	-9.05227	-7.92998
BLOCK14/SES141/SA141S26	SES180	-1.27163	-9.20161	-7.92998
BLOCK14/SES141/SA141S29	SES127	-0.782757	-7.76249	-6.97973
BLOCK14/SES141/SA141S29	SES142	-0.0327287	-7.01246	-6.97973
BLOCK14/SES141/SA141S29	SES144	-0.586678	-7.56641	-6.97973
BLOCK14/SES141/SA141S29	SES180	-0.444892	-7.42462	-6.97973
BLOCK15/SES157/SA157S08	SES083	-1.5796	-8.62223	-7.04263
BLOCK15/SES157/SA157S08	SES127	-1.17486	-8.21749	-7.04263
BLOCK15/SES157/SA157S08	SES148	-0.171229	-7.21386	-7.04263
BLOCK15/SES157/SA157S08	SES292	-1.84909	-8.89172	-7.04263
BLOCK15/SES157/SA157S11	SES083	-1.32096	-9.03719	-7.71623
BLOCK15/SES157/SA157S11	SES127	-1.02165	-8.73788	-7.71623
BLOCK15/SES157/SA157S11	SES148	-1.62986	-9.34609	-7.71623
BLOCK15/SES157/SA157S11	SES292	-2.16393	-9.88016	-7.71623
BLOCK15/SES157/SA157S21	SES127	-0.445444	-7.12472	-6.67928
BLOCK15/SES157/SA157S21	SES148	-0.153383	-6.83266	-6.67928
BLOCK15/SES157/SA157S21	SES158	-4.46447	-11.1437	-6.67928
BLOCK15/SES157/SA157S21	SES292	-1.61978	-8.29906	-6.67928
BLOCK15/SES157/SA157S24	SES127	-0.668389	-8.6195	-7.95111
BLOCK15/SES157/SA157S24	SES148	-0.616818	-8.56793	-7.95111
BLOCK15/SES157/SA157S24	SES183	-1.03	-8.98111	-7.95111
BLOCK15/SES157/SA157S24	SES292	-2.19576	-10.1469	-7.95111
BLOCK15/SES157/SA157S26	SES007	-1.18312	-8.38232	-7.1992
BLOCK15/SES157/SA157S26	SES127	-0.39887	-7.59807	-7.1992
BLOCK15/SES157/SA157S26	SES147	-1.33156	-8.53076	-7.1992
BLOCK15/SES157/SA157S26	SES148	-1.097	-8.29619	-7.1992
BLOCK16/SES161/SA161S10	SES007	-0.725601	-8.32308	-7.59748
BLOCK16/SES161/SA161S10	SES105	-0.751555	-8.34903	-7.59748
BLOCK16/SES161/SA161S10	SES158	-1.33794	-8.93541	-7.59748
BLOCK16/SES161/SA161S10	SES275	-0.812593	-8.41007	-7.59748
BLOCK16/SES161/SA161S12	SES007	-2.30227	-11.1554	-8.85312
BLOCK16/SES161/SA161S12	SES105	-2.16138	-11.0145	-8.85312
BLOCK16/SES161/SA161S12	SES158	-1.51633	-10.3694	-8.85312
BLOCK16/SES161/SA161S12	SES275	-3.94082	-12.7939	-8.85312
BLOCK16/SES161/SA161S20	SES007	-0.846127	-9.89083	-9.0447
BLOCK16/SES161/SA161S20	SES105	-2.03299	-11.0777	-9.0447
BLOCK16/SES161/SA161S20	SES158	-0.411942	-9.45664	-9.0447
BLOCK16/SES161/SA161S20	SES275	-1.97454	-11.0192	-9.0447
BLOCK16/SES161/SA161S23	SES007	-3.14884	-11.8709	-8.7221
BLOCK16/SES161/SA161S23	SES105	-0.975456	-9.69755	-8.7221
BLOCK16/SES161/SA161S23	SES148	-2.43435	-11.1564	-8.7221
BLOCK16/SES161/SA161S23	SES158	-3.53939	-12.2615	-8.7221
BLOCK16/SES161/SA161S28	SES007	-1.23189	-9.52405	-8.29216
BLOCK16/SES161/SA161S28	SES105	-2.16878	-10.4609	-8.29216
BLOCK16/SES161/SA161S28	SES158	-0.151822	-8.44398	-8.29216
BLOCK16/SES161/SA161S28	SES206	-0.876834	-9.16899	-8.29216
BLOCK16/SES164/SA164S11	SES104	-1.53185	-9.58082	-8.04897
BLOCK16/SES164/SA164S11	SES125	-0.106962	-8.15593	-8.04897
BLOCK16/SES164/SA164S11	SES158	-1.24643	-9.29541	-8.04897
BLOCK16/SES164/SA164S11	SES206	-1.97433	-10.0233	-8.04897
BLOCK16/SES164/SA164S13	SES099	-1.17713	-9.86692	-8.6898
BLOCK16/SES164/SA164S13	SES104	-0.946108	-9.63591	-8.6898
BLOCK16/SES164/SA164S13	SES125	-1.07245	-9.76224	-8.6898
BLOCK16/SES164/SA164S13	SES206	-1.41054	-10.1003	-8.6898
BLOCK16/SES164/SA164S24	SES002	0.559492	-7.59557	-8.15506
BLOCK16/SES164/SA164S24	SES099	-0.193909	-8.34897	-8.15506
BLOCK16/SES164/SA164S24	SES125	-0.576811	-8.73187	-8.15506
BLOCK16/SES164/SA164S24	SES226	-nan	-nan	-8.15506
BLOCK16/SES164/SA164S27	SES087	-2.69728	-11.3726	-8.67529
BLOCK16/SES164/SA164S27	SES125	-0.606117	-9.28141	-8.67529
BLOCK16/SES164/SA164S27	SES206	-1.89688	-10.5722	-8.67529
BLOCK16/SES164/SA164S27	SES226	-nan	-nan	-8.67529
BLOCK16/SES164/SA164S29	SES002	0.482327	-8.02059	-8.50292
BLOCK16/SES164/SA164S29	SES019	-1.16143	-9.66435	-8.50292
BLOCK16/SES164/SA164S29	SES125	-0.218213	-8.72114	-8.50292
BLOCK16/SES164/SA164S29	SES226	-nan	-nan	-8.50292
BLOCK16/SES169/SA169S13	SES117	-1.35723	-8.93235	-7.57512
BLOCK16/SES169/SA169S13	SES144	-0.851212	-8.42633	-7.57512
BLOCK16/SES169/SA169S13	SES146	-0.932979	-8.5081	-7.57512
BLOCK16/SES169/SA169S13	SES162	-1.51763	-9.09275	-7.57512
BLOCK16/SES169/SA169S14	SES144	-0.871788	-7.10956	-6.23778
BLOCK16/SES169/SA169S14	SES148	-0.512295	-6.75007	-6.23778
BLOCK16/SES169/SA169S14	SES177	-0.448713	-6.68649	-6.23778
BLOCK16/SES169/SA169S14	SES180	-1.01689	-7.25466	-6.23778
BLOCK16/SES169/SA169S24	SES117	-1.13233	-9.44657	-8.31424
BLOCK16/SES169/SA169S24	SES144	-0.670895	-8.98514	-8.31424
BLOCK16/SES169/SA169S24	SES146	-0.973694	-9.28794	-8.31424
BLOCK16/SES169/SA169S24	SES162	-1.44045	-9.75469	-8.31424
BLOCK16/SES169/SA169S27	SES127	-0.705367	-8.17468	-7.46931
BLOCK16/SES169/SA169S27	SES129	-0.504422	-7.97374	-7.46931
BLOCK16/SES169/SA169S27	SES144	-0.588029	-8.05734	-7.46931
BLOCK16/SES169/SA169S27	SES146	-0.515587	-7.9849	-7.46931
BLOCK16/SES169/SA169S29	SES144	-0.0341077	-6.58625	-6.55215
BLOCK16/SES169/SA169S29	SES162	-0.317571	-6.86972	-6.55215
BLOCK16/SES169/SA169S29	SES177	-1.1416	-7.69374	-6.55215
BLOCK16/SES169/SA169S29	SES180	-1.19118	-7.74333	-6.55215
BLOCK17/SES171/SA171S12	SES083	-1.51331	-10.0782	-8.56494
BLOCK17/SES171/SA171S12	SES148	-2.36482	-10.9298	-8.56494
BLOCK17/SES171/SA171S12	SES172	-2.12403	-10.689	-8.56494
BLOCK17/SES171/SA171S12	SES292	-3.06157	-11.6265	-8.56494
BLOCK17/SES171/SA171S15	SES148	-1.19849	-9.15171	-7.95322
BLOCK17/SES171/SA171S15	SES177	-1.16871	-9.12194	-7.95322
BLOCK17/SES171/SA171S15	SES180	-3.33226	-11.2855	-7.95322
BLOCK17/SES171/SA171S15	SES292	-1.75703	-9.71025	-7.95322
BLOCK17/SES171/SA171S22	SES007	-1.06674	-7.5015	-6.43476
BLOCK17/SES171/SA171S22	SES148	-0.555568	-6.99032	-6.43476
BLOCK17/SES171/SA171S22	SES177	-0.350691	-6.78545	-6.43476
BLOCK17/SES171/SA171S22	SES180	-1.99113	-8.42588	-6.43476
BLOCK17/SES171/SA171S25	SES101	-1.69707	-9.39438	-7.69731
BLOCK17/SES171/SA171S25	SES120	-3.60594	-11.3033	-7.69731
BLOCK17/SES171/SA171S25	SES177	-1.85823	-9.55554	-7.69731
BLOCK17/SES171/SA171S25	SES180	-2.45435	-10.1517	-7.69731
BLOCK17/SES171/SA171S27	SES177	-1.33557	-9.49318	-8.15761
BLOCK17/SES171/SA171S27	SES180	-2.95053	-11.1081	-8.15761
BLOCK17/SES171/SA171S27	SES189	-0.639486	-8.7971	-8.15761
BLOCK17/SES171/SA171S27	SES292	-2.95766	-11.1153	-8.15761
BLOCK17/SES173/SA173S13	SES162	-2.72909	-10.2851	-7.55603
BLOCK17/SES173/SA173S13	SES177	-1.30623	-8.86226	-7.55603
BLOCK17/SES173/SA173S13	SES180	-1.90668	-9.46272	-7.55603
BLOCK17/SES173/SA173S13	SES292	-0.0632858	-7.61932	-7.55603
BLOCK17/SES173/SA173S14	SES007	-0.782366	-8.16412	-7.38176
BLOCK17/SES173/SA173S14	SES162	-2.79933	-10.1811	-7.38176
BLOCK17/SES173/SA173S14	SES177	-1.69773	-9.07949	-7.38176
BLOCK17/SES173/SA173S14	SES180	-2.38253	-9.76428	-7.38176
BLOCK17/SES173/SA173S24	SES144	-1.98172	-9.86803	-7.88631
BLOCK17/SES173/SA173S24	SES162	-2.50594	-10.3922	-7.88631
BLOCK17/SES173/SA173S24	SES177	-0.717704	-8.60401	-7.88631
BLOCK17/SES173/SA173S24	SES180	-2.45315	-10.3395	-7.88631
BLOCK17/SES173/SA173S27	SES162	-3.79048	-11.396	-7.60548
BLOCK17/SES173/SA173S27	SES177	-1.42859	-9.03407	-7.60548
BLOCK17/SES173/SA173S27	SES180	-1.4309	-9.03638	-7.60548
BLOCK17/SES173/SA173S27	SES292	-0.569684	-8.17516	-7.60548
BLOCK17/SES173/SA173S29	SES162	-2.55137	-10.5116	-7.96023
BLOCK17/SES173/SA173S29	SES175	-0.779832	-8.74006	-7.96023
BLOCK17/SES173/SA173S29	SES177	-0.877043	-8.83727	-7.96023
BLOCK17/SES173/SA173S29	SES292	-1.30729	-9.26751	-7.96023
BLOCK18/SES182/SA182S10	SES144	-1.46951	-8.38575	-6.91623
BLOCK18/SES182/SA182S10	SES177	-1.11705	-8.03329	-6.91623
BLOCK18/SES182/SA182S10	SES180	-2.56996	-9.4862	-6.91623
BLOCK18/SES182/SA182S10	SES275	-0.982542	-7.89878	-6.91623
BLOCK18/SES182/SA182S12	SES144	-1.01426	-7.88744	-6.87318
BLOCK18/SES182/SA182S12	SES177	-0.711624	-7.5848	-6.87318
BLOCK18/SES182/SA182S12	SES180	-2.2742	-9.14737	-6.87318
BLOCK18/SES182/SA182S12	SES275	-0.832614	-7.70579	-6.87318
BLOCK18/SES182/SA182S21	SES117	-1.66909	-10.0065	-8.3374
BLOCK18/SES182/SA182S21	SES144	-1.07364	-9.41103	-8.3374
BLOCK18/SES182/SA182S21	SES162	-1.39385	-9.73124	-8.3374
BLOCK18/SES182/SA182S21	SES180	-2.6175	-10.9549	-8.3374
BLOCK18/SES182/SA182S23	SES117	-1.99886	-10.385	-8.38613
BLOCK18/SES182/SA182S23	SES144	-1.69104	-10.0772	-8.38613
BLOCK18/SES182/SA182S23	SES180	-3.36311	-11.7492	-8.38613
BLOCK18/SES182/SA182S23	SES275	-1.9485	-10.3346	-8.38613
BLOCK18/SES182/SA182S25	SES007	-0.0818067	-7.94025	-7.85845
BLOCK18/SES182/SA182S25	SES162	-1.30227	-9.16072	-7.85845
BLOCK18/SES182/SA182S25	SES177	-0.748649	-8.60709	-7.85845
BLOCK18/SES182/SA182S25	SES180	-2.03933	-9.89777	-7.85845
BLOCK18/SES184/SA184S12	SES177	-1.5648	-8.57642	-7.01162
BLOCK18/SES184/SA184S12	SES180	-0.743883	-7.7555	-7.01162
BLOCK18/SES184/SA184S12	SES189	-1.9677	-8.97932	-7.01162
BLOCK18/SES184/SA184S12	SES292	-0.456239	-7.46786	-7.01162
BLOCK18/SES184/SA184S13	SES101	-1.14664	-8.64319	-7.49655
BLOCK18/SES184/SA184S13	SES177	-1.04809	-8.54464	-7.49655
BLOCK18/SES184/SA184S13	SES180	-1.20638	-8.70292	-7.49655
BLOCK18/SES184/SA184S13	SES292	-1.35932	-8.85587	-7.49655
BLOCK18/SES184/SA184S22	SES177	-1.68455	-9.20151	-7.51696
BLOCK18/SES184/SA184S22	SES180	-0.679568	-8.19653	-7.51696
BLOCK18/SES184/SA184S22	SES189	-1.36394	-8.8809	-7.51696
BLOCK18/SES184/SA184S22	SES292	-1.2654	-8.78236	-7.51696
BLOCK18/SES184/SA184S25	SES101	-1.06952	-8.35741	-7.28789
BLOCK18/SES184/SA184S25	SES177	-1.58603	-8.87392	-7.28789
BLOCK18/SES184/SA184S25	SES180	-0.264098	-7.55199	-7.28789
BLOCK18/SES184/SA184S25	SES292	-0.886162	-8.17405	-7.28789
BLOCK18/SES184/SA184S27	SES083	-0.994763	-8.37215	-7.37739
BLOCK18/SES184/SA184S27	SES177	-1.04531	-8.4227	-7.37739
BLOCK18/SES184/SA184S27	SES202	-1.15533	-8.53272	-7.37739
BLOCK18/SES184/SA184S27	SES292	-0.954719	-8.33211	-7.37739
BLOCK20/SES204/SA204S12	SES062	-0.7941	-7.78499	-6.99089
BLOCK20/SES204/SA204S12	SES083	-2.10182	-9.09271	-6.99089
BLOCK20/SES204/SA204S12	SES206	-0.774447	-7.76534	-6.99089
BLOCK20/SES204/SA204S12	SES226	-nan	-nan	-6.99089
BLOCK20/SES204/SA204S14	SES068	-0.417824	-6.74653	-6.32871
BLOCK20/SES204/SA204S14	SES087	0.13028	-6.19843	-6.32871
BLOCK20/SES204/SA204S14	SES206	-0.963624	-7.29233	-6.32871
BLOCK20/SES204/SA204S14	SES226	-nan	-nan	-6.32871
BLOCK20/SES204/SA204S22	SES068	-0.356978	-7.33511	-6.97813
BLOCK20/SES204/SA204S22	SES082	-0.803307	-7.78144	-6.97813
BLOCK20/SES204/SA204S22	SES083	-2.22226	-9.20039	-6.97813
BLOCK20/SES204/SA204S22	SES206	-0.511645	-7.48978	-6.97813
BLOCK20/SES204/SA204S25	SES062	-0.774901	-7.5111	-6.7362
BLOCK20/SES204/SA204S25	SES083	-2.29061	-9.02681	-6.7362
BLOCK20/SES204/SA204S25	SES206	-0.282651	-7.01885	-6.7362
BLOCK20/SES204/SA204S25	SES226	-nan	-nan	-6.7362
BLOCK20/SES204/SA204S27	SES068	-0.405895	-8.02167	-7.61577
BLOCK20/SES204/SA204S27	SES082	-1.66096	-9.27673	-7.61577
BLOCK20/SES204/SA204S27	SES087	-0.252205	-7.86798	-7.61577
BLOCK20/SES204/SA204S27	SES206	-1.6187	-9.23447	-7.61577
BLOCK20/SES207/SA207S10	SES127	-2.37837	-9.51987	-7.1415
BLOCK20/SES207/SA207S10	SES183	-1.35899	-8.50048	-7.1415
BLOCK20/SES207/SA207S10	SES189	-0.860888	-8.00239	-7.1415
BLOCK20/SES207/SA207S10	SES292	-2.03616	-9.17765	-7.1415
BLOCK20/SES207/SA207S11	SES127	-2.19523	-10.2911	-8.0959
BLOCK20/SES207/SA207S11	SES183	-1.84915	-9.94505	-8.0959
BLOCK20/SES207/SA207S11	SES187	-1.19206	-9.28796	-8.0959
BLOCK20/SES207/SA207S11	SES292	-0.836216	-8.93211	-8.0959
BLOCK20/SES207/SA207S25	SES068	-1.10558	-9.09215	-7.98657
BLOCK20/SES207/SA207S25	SES083	-2.38128	-10.3679	-7.98657
BLOCK20/SES207/SA207S25	SES127	-0.843099	-8.82967	-7.98657
BLOCK20/SES207/SA207S25	SES187	-1.20565	-9.19222	-7.98657
BLOCK20/SES207/SA207S27	SES127	-2.18794	-9.91833	-7.73039
BLOCK20/SES207/SA207S27	SES183	-1.84556	-9.57595	-7.73039
BLOCK20/SES207/SA207S27	SES187	-1.21993	-8.95033	-7.73039
BLOCK20/SES207/SA207S27	SES292	-2.16479	-9.89518	-7.73039
BLOCK20/SES207/SA207S29	SES083	-2.46502	-9.96954	-7.50452
BLOCK20/SES207/SA207S29	SES085	-1.47675	-8.98127	-7.50452
BLOCK20/SES207/SA207S29	SES172	-0.665239	-8.16976	-7.50452
BLOCK20/SES207/SA207S29	SES189	-2.53986	-10.0444	-7.50452
BLOCK22/SES221/SA221S12	SES068	-0.170923	-6.77358	-6.60265
BLOCK22/SES221/SA221S12	SES143	-1.46954	-8.0722	-6.60265
BLOCK22/SES221/SA221S12	SES175	-0.471799	-7.07445	-6.60265
BLOCK22/SES221/SA221S12	SES202	-0.97946	-7.58211	-6.60265
BLOCK22/SES221/SA221S15	SES085	-0.452732	-7.28944	-6.83671
BLOCK22/SES221/SA221S15	SES143	-1.45815	-8.29486	-6.83671
BLOCK22/SES221/SA221S15	SES175	-0.646278	-7.48299	-6.83671
BLOCK22/SES221/SA221S15	SES187	-1.28264	-8.11935	-6.83671
BLOCK22/SES221/SA221S23	SES068	0.465524	-6.45967	-6.92519
BLOCK22/SES221/SA221S23	SES143	-1.53018	-8.45537	-6.92519
BLOCK22/SES221/SA221S23	SES175	-0.769567	-7.69476	-6.92519
BLOCK22/SES221/SA221S23	SES189	-1.59552	-8.52071	-6.92519
BLOCK22/SES221/SA221S27	SES085	0.153867	-7.28856	-7.44242
BLOCK22/SES221/SA221S27	SES143	-1.31258	-8.755	-7.44242
BLOCK22/SES221/SA221S27	SES175	-0.91045	-8.35287	-7.44242
BLOCK22/SES221/SA221S27	SES189	-1.20459	-8.64701	-7.44242
BLOCK22/SES221/SA221S29	SES085	-0.132462	-6.96431	-6.83185
BLOCK22/SES221/SA221S29	SES143	-1.08528	-7.91713	-6.83185
BLOCK22/SES221/SA221S29	SES175	-0.528213	-7.36006	-6.83185
BLOCK22/SES221/SA221S29	SES187	-1.12584	-7.95769	-6.83185
BLOCK22/SES223/SA223S11	SES143	-1.14679	-8.6666	-7.51981
BLOCK22/SES223/SA223S11	SES144	-2.25097	-9.77078	-7.51981
BLOCK22/SES223/SA223S11	SES175	-0.708134	-8.22794	-7.51981
BLOCK22/SES223/SA223S11	SES187	-1.38203	-8.90184	-7.51981
BLOCK22/SES223/SA223S13	SES068	-0.414238	-7.78585	-7.37161
BLOCK22/SES223/SA223S13	SES143	-1.61974	-8.99135	-7.37161
BLOCK22/SES223/SA223S13	SES146	-1.10063	-8.47224	-7.37161
BLOCK22/SES223/SA223S13	SES202	-1.23109	-8.6027	-7.37161
BLOCK22/SES223/SA223S22	SES143	-0.664229	-7.80171	-7.13748
BLOCK22/SES223/SA223S22	SES144	-2.09336	-9.23084	-7.13748
BLOCK22/SES223/SA223S22	SES175	-0.640419	-7.7779	-7.13748
BLOCK22/SES223/SA223S22	SES187	-1.58047	-8.71796	-7.13748
BLOCK22/SES223/SA223S25	SES068	-0.744091	-7.90257	-7.15847
BLOCK22/SES223/SA223S25	SES143	-1.35979	-8.51826	-7.15847
BLOCK22/SES223/SA223S25	SES175	-0.703117	-7.86159	-7.15847
BLOCK22/SES223/SA223S25	SES187	-1.54014	-8.69861	-7.15847
BLOCK22/SES223/SA223S27	SES143	-0.503891	-8.4327	-7.9288
BLOCK22/SES223/SA223S27	SES146	-1.76371	-9.69252	-7.9288
BLOCK22/SES223/SA223S27	SES187	-1.31068	-9.23949	-7.9288
BLOCK22/SES223/SA223S27	SES292	-0.603045	-8.53185	-7.9288
BLOCK27/SES273/SA273S12	SES099	-0.0362797	-7.43064	-7.39436
BLOCK27/SES273/SA273S12	SES104	0.301488	-7.09288	-7.39436
BLOCK27/SES273/SA273S12	SES125	-0.473588	-7.86795	-7.39436
BLOCK27/SES273/SA273S12	SES206	-0.0161357	-7.4105	-7.39436
BLOCK27/SES273/SA273S13	SES099	-0.980793	-7.84229	-6.8615
BLOCK27/SES273/SA273S13	SES104	0.00867653	-6.85283	-6.8615
BLOCK27/SES273/SA273S13	SES206	-1.5751	-8.4366	-6.8615
BLOCK27/SES273/SA273S13	SES292	-1.0142	-7.87571	-6.8615
BLOCK27/SES273/SA273S21	SES099	-0.613182	-8.3946	-7.78142
BLOCK27/SES273/SA273S21	SES148	-1.85032	-9.63174	-7.78142
BLOCK27/SES273/SA273S21	SES149	-1.92967	-9.7111	-7.78142
BLOCK27/SES273/SA273S21	SES177	-2.27055	-10.052	-7.78142
BLOCK27/SES273/SA273S25	SES104	-0.165586	-8.23181	-8.06622
BLOCK27/SES273/SA273S25	SES125	-0.923303	-8.98953	-8.06622
BLOCK27/SES273/SA273S25	SES158	0.0405445	-8.02568	-8.06622
BLOCK27/SES273/SA273S25	SES206	-0.535177	-8.6014	-8.06622
BLOCK27/SES273/SA273S27	SES099	-0.649997	-6.97409	-6.3241
BLOCK27/SES273/SA273S27	SES104	-0.603915	-6.92801	-6.3241
BLOCK27/SES273/SA273S27	SES149	-1.24072	-7.56482	-6.3241
BLOCK27/SES273/SA273S27	SES275	-1.19464	-7.51874	-6.3241
BLOCK27/SES274/SA274S10	SES105	-1.59855	-8.03957	-6.44102
BLOCK27/SES274/SA274S10	SES125	-1.63086	-8.07189	-6.44102
BLOCK27/SES274/SA274S10	SES129	-0.247018	-6.68804	-6.44102
BLOCK27/SES274/SA274S10	SES158	-4.20626	-10.6473	-6.44102
BLOCK27/SES274/SA274S11	SES105	-0.842575	-7.23674	-6.39416
BLOCK27/SES274/SA274S11	SES149	-0.937548	-7.33171	-6.39416
BLOCK27/SES274/SA274S11	SES158	-1.35989	-7.75405	-6.39416
BLOCK27/SES274/SA274S11	SES275	-0.600321	-6.99448	-6.39416
BLOCK27/SES274/SA274S21	SES105	-1.18668	-7.86082	-6.67414
BLOCK27/SES274/SA274S21	SES129	-0.080636	-6.75477	-6.67414
BLOCK27/SES274/SA274S21	SES149	-2.16295	-8.83708	-6.67414
BLOCK27/SES274/SA274S21	SES158	-3.78088	-10.455	-6.67414
BLOCK27/SES274/SA274S24	SES105	-1.57705	-9.0662	-7.48915
BLOCK27/SES274/SA274S24	SES129	0.174708	-7.31444	-7.48915
BLOCK27/SES274/SA274S24	SES149	-3.56705	-11.0562	-7.48915
BLOCK27/SES274/SA274S24	SES158	-5.93227	-13.4214	-7.48915
BLOCK27/SES274/SA274S29	SES105	-1.41924	-8.3205	-6.90126
BLOCK27/SES274/SA274S29	SES106	-1.88342	-8.78468	-6.90126
BLOCK27/SES274/SA274S29	SES120	-0.993722	-7.89498	-6.90126
BLOCK27/SES274/SA274S29	SES275	-1.08666	-7.98792	-6.90126
BLOCK27/SES276/SA276S16	SES148	-0.379466	-7.28706	-6.9076
BLOCK27/SES276/SA276S16	SES172	-0.0931664	-7.00076	-6.9076
BLOCK27/SES276/SA276S16	SES180	-0.912455	-7.82005	-6.9076
BLOCK27/SES276/SA276S16	SES292	-1.1445	-8.0521	-6.9076
BLOCK27/SES276/SA276S17	SES101	-1.29051	-8.53672	-7.2462
BLOCK27/SES276/SA276S17	SES177	-1.65523	-8.90144	-7.2462
BLOCK27/SES276/SA276S17	SES180	-1.624	-8.87021	-7.2462
BLOCK27/SES276/SA276S17	SES292	-1.39734	-8.64354	-7.2462
BLOCK27/SES276/SA276S24	SES101	-0.411106	-6.98418	-6.57308
BLOCK27/SES276/SA276S24	SES177	-0.924879	-7.49796	-6.57308
BLOCK27/SES276/SA276S24	SES180	-1.30732	-7.8804	-6.57308
BLOCK27/SES276/SA276S24	SES292	-1.3733	-7.94637	-6.57308
BLOCK27/SES276/SA276S26	SES101	-1.22463	-7.63963	-6.415
BLOCK27/SES276/SA276S26	SES177	-1.15391	-7.56891	-6.415
BLOCK27/SES276/SA276S26	SES180	-1.0456	-7.4606	-6.415
BLOCK27/SES276/SA276S26	SES292	-0.523112	-6.93811	-6.415
BLOCK27/SES276/SA276S28	SES101	-0.553125	-7.20845	-6.65532
BLOCK27/SES276/SA276S28	SES177	-1.31142	-7.96675	-6.65532
BLOCK27/SES276/SA276S28	SES180	-0.54636	-7.20168	-6.65532
BLOCK27/SES276/SA276S28	SES292	-0.66033	-7.31565	-6.65532
BLOCK27/SES277/SA277S12	SES101	-0.528731	-8.67308	-8.14435
BLOCK27/SES277/SA277S12	SES177	-2.71013	-10.8545	-8.14435
BLOCK27/SES277/SA277S12	SES180	-2.30712	-10.4515	-8.14435
BLOCK27/SES277/SA277S12	SES292	-2.13251	-10.2769	-8.14435
BLOCK27/SES277/SA277S14	SES177	-1.24467	-9.84189	-8.59722
BLOCK27/SES277/SA277S14	SES180	-1.94491	-10.5421	-8.59722
BLOCK27/SES277/SA277S14	SES189	0.126461	-8.47075	-8.59722
BLOCK27/SES277/SA277S14	SES292	-2.32875	-10.926	-8.59722
BLOCK27/SES277/SA277S21	SES177	-1.07561	-9.52052	-8.44491
BLOCK27/SES277/SA277S21	SES180	-1.65804	-10.1029	-8.44491
BLOCK27/SES277/SA277S21	SES189	0.213509	-8.2314	-8.44491
BLOCK27/SES277/SA277S21	SES292	-2.74912	-11.194	-8.44491
BLOCK27/SES277/SA277S24	SES144	-0.715638	-9.44834	-8.7327
BLOCK27/SES277/SA277S24	SES177	-1.43823	-10.1709	-8.7327
BLOCK27/SES277/SA277S24	SES180	-2.82177	-11.5545	-8.7327
BLOCK27/SES277/SA277S24	SES189	0.105742	-8.62696	-8.7327
BLOCK27/SES277/SA277S29	SES177	-1.32572	-7.4426	-6.11687
BLOCK27/SES277/SA277S29	SES180	-1.06166	-7.17854	-6.11687
BLOCK27/SES277/SA277S29	SES202	-0.882301	-6.99918	-6.11687
BLOCK27/SES277/SA277S29	SES292	-1.84644	-7.96332	-6.11687
BLOCK27/SES279/SA279S09	SES120	-1.16307	-7.74805	-6.58498
BLOCK27/SES279/SA279S09	SES146	-1.45751	-8.04249	-6.58498
BLOCK27/SES279/SA279S09	SES206	-0.680646	-7.26562	-6.58498
BLOCK27/SES279/SA279S09	SES226	-nan	-nan	-6.58498
BLOCK27/SES279/SA279S10	SES099	-1.31099	-8.51116	-7.20017
BLOCK27/SES279/SA279S10	SES206	-1.59655	-8.79672	-7.20017
BLOCK27/SES279/SA279S10	SES226	-nan	-nan	-7.20017
BLOCK27/SES279/SA279S10	SES292	-0.569481	-7.76965	-7.20017
BLOCK27/SES279/SA279S20	SES099	-1.74894	-9.16994	-7.42099
BLOCK27/SES279/SA279S20	SES206	-0.829319	-8.25031	-7.42099
BLOCK27/SES279/SA279S20	SES226	-nan	-nan	-7.42099
BLOCK27/SES279/SA279S20	SES292	-0.163854	-7.58485	-7.42099
BLOCK27/SES279/SA279S26	SES099	-0.85036	-8.87368	-8.02332
BLOCK27/SES279/SA279S26	SES206	-1.31136	-9.33467	-8.02332
BLOCK27/SES279/SA279S26	SES226	-nan	-nan	-8.02332
BLOCK27/SES279/SA279S26	SES292	0.00517654	-8.01814	-8.02332
BLOCK27/SES279/SA279S28	SES099	-0.463754	-6.85746	-6.39371
BLOCK27/SES279/SA279S28	SES120	-0.887627	-7.28133	-6.39371
BLOCK27/SES279/SA279S28	SES177	-2.30543	-8.69914	-6.39371
BLOCK27/SES279/SA279S28	SES206	-1.13315	-7.52686	-6.39371
BLOCK29/SES290/SA290S12	SES162	-0.241768	-5.98864	-5.74687
BLOCK29/SES290/SA290S12	SES177	-0.377331	-6.1242	-5.74687
BLOCK29/SES290/SA290S12	SES180	-0.758393	-6.50526	-5.74687
BLOCK29/SES290/SA290S12	SES292	-1.22028	-6.96715	-5.74687
BLOCK29/SES290/SA290S13	SES007	-0.139195	-6.42862	-6.28942
BLOCK29/SES290/SA290S13	SES162	-1.12171	-7.41113	-6.28942
BLOCK29/SES290/SA290S13	SES177	-1.01655	-7.30597	-6.28942
BLOCK29/SES290/SA290S13	SES180	-0.668076	-6.9575	-6.28942
BLOCK29/SES290/SA290S22	SES177	-0.814095	-7.30366	-6.48956
BLOCK29/SES290/SA290S22	SES180	-0.805219	-7.29478	-6.48956
BLOCK29/SES290/SA290S22	SES202	-0.634381	-7.12395	-6.48956
BLOCK29/SES290/SA290S22	SES292	-0.619591	-7.10916	-6.48956
BLOCK29/SES290/SA290S25	SES162	-0.648372	-6.95421	-6.30584
BLOCK29/SES290/SA290S25	SES177	-0.765469	-7.0713	-6.30584
BLOCK29/SES290/SA290S25	SES180	-1.00966	-7.3155	-6.30584
BLOCK29/SES290/SA290S25	SES292	-0.571439	-6.87727	-6.30584
BLOCK29/SES290/SA290S29	SES177	-0.705973	-6.84575	-6.13978
BLOCK29/SES290/SA290S29	SES180	-0.206694	-6.34647	-6.13978
BLOCK29/SES290/SA290S29	SES275	-0.667641	-6.80742	-6.13978
BLOCK29/SES290/SA290S29	SES292	-0.613728	-6.7535	-6.13978
BLOCK29/SES291/SA291S11	SES105	-1.6422	-9.63375	-7.99155
BLOCK29/SES291/SA291S11	SES125	-1.26349	-9.25504	-7.99155
BLOCK29/SES291/SA291S11	SES158	-0.3411	-8.33265	-7.99155
BLOCK29/SES291/SA291S11	SES275	-1.11005	-9.1016	-7.99155
BLOCK29/SES291/SA291S12	SES158	0.444283	-6.93619	-7.38047
BLOCK29/SES291/SA291S12	SES226	-nan	-nan	-7.38047
BLOCK29/SES291/SA291S12	SES270	-0.73061	-8.11108	-7.38047
BLOCK29/SES291/SA291S12	SES275	-2.53714	-9.91761	-7.38047
BLOCK29/SES291/SA291S22	SES082	-0.869126	-8.3963	-7.52717
BLOCK29/SES291/SA291S22	SES158	-0.361532	-7.88871	-7.52717
BLOCK29/SES291/SA291S22	SES259	-1.22783	-8.75501	-7.52717
BLOCK29/SES291/SA291S22	SES275	-1.82284	-9.35001	-7.52717
BLOCK29/SES291/SA291S24	SES104	0.0253272	-6.96314	-6.98847
BLOCK29/SES291/SA291S24	SES125	-0.510088	-7.49856	-6.98847
BLOCK29/SES291/SA291S24	SES158	-0.203658	-7.19213	-6.98847
BLOCK29/SES291/SA291S24	SES275	-1.76757	-8.75604	-6.98847
BLOCK29/SES291/SA291S27	SES158	0.0296082	-6.8995	-6.9291
BLOCK29/SES291/SA291S27	SES172	-2.41975	-9.34885	-6.9291
BLOCK29/SES291/SA291S27	SES275	-1.77984	-8.70895	-6.9291
BLOCK29/SES291/SA291S27	SES292	-0.705012	-7.63412	-6.9291
